<?xml version="1.0" encoding="UTF-8"?>
<testsuite xmlns:xsi="http://www.w3.org/2001/XMLSchema-instance" xsi:noNamespaceSchemaLocation="https://maven.apache.org/surefire/maven-surefire-plugin/xsd/surefire-test-report.xsd" name="com.siliver.ch1.test.db.UserDbTest" time="8.703" tests="1" errors="1" skipped="0" failures="0">
  <properties>
    <property name="sun.desktop" value="windows"/>
    <property name="awt.toolkit" value="sun.awt.windows.WToolkit"/>
    <property name="java.specification.version" value="11"/>
    <property name="sun.cpu.isalist" value="amd64"/>
    <property name="sun.jnu.encoding" value="GBK"/>
    <property name="java.class.path" value="E:\springboottest\target\test-classes;E:\springboottest\target\classes;C:\Users\syp\.m2\repository\org\springframework\boot\spring-boot-starter-web\2.3.5.RELEASE\spring-boot-starter-web-2.3.5.RELEASE.jar;C:\Users\syp\.m2\repository\org\springframework\boot\spring-boot-starter\2.3.5.RELEASE\spring-boot-starter-2.3.5.RELEASE.jar;C:\Users\syp\.m2\repository\org\springframework\boot\spring-boot-starter-logging\2.3.5.RELEASE\spring-boot-starter-logging-2.3.5.RELEASE.jar;C:\Users\syp\.m2\repository\ch\qos\logback\logback-classic\1.2.3\logback-classic-1.2.3.jar;C:\Users\syp\.m2\repository\ch\qos\logback\logback-core\1.2.3\logback-core-1.2.3.jar;C:\Users\syp\.m2\repository\org\apache\logging\log4j\log4j-to-slf4j\2.13.3\log4j-to-slf4j-2.13.3.jar;C:\Users\syp\.m2\repository\org\apache\logging\log4j\log4j-api\2.13.3\log4j-api-2.13.3.jar;C:\Users\syp\.m2\repository\org\slf4j\jul-to-slf4j\1.7.30\jul-to-slf4j-1.7.30.jar;C:\Users\syp\.m2\repository\jakarta\annotation\jakarta.annotation-api\1.3.5\jakarta.annotation-api-1.3.5.jar;C:\Users\syp\.m2\repository\org\yaml\snakeyaml\1.26\snakeyaml-1.26.jar;C:\Users\syp\.m2\repository\org\springframework\boot\spring-boot-starter-json\2.3.5.RELEASE\spring-boot-starter-json-2.3.5.RELEASE.jar;C:\Users\syp\.m2\repository\com\fasterxml\jackson\core\jackson-databind\2.11.3\jackson-databind-2.11.3.jar;C:\Users\syp\.m2\repository\com\fasterxml\jackson\core\jackson-annotations\2.11.3\jackson-annotations-2.11.3.jar;C:\Users\syp\.m2\repository\com\fasterxml\jackson\core\jackson-core\2.11.3\jackson-core-2.11.3.jar;C:\Users\syp\.m2\repository\com\fasterxml\jackson\datatype\jackson-datatype-jdk8\2.11.3\jackson-datatype-jdk8-2.11.3.jar;C:\Users\syp\.m2\repository\com\fasterxml\jackson\datatype\jackson-datatype-jsr310\2.11.3\jackson-datatype-jsr310-2.11.3.jar;C:\Users\syp\.m2\repository\com\fasterxml\jackson\module\jackson-module-parameter-names\2.11.3\jackson-module-parameter-names-2.11.3.jar;C:\Users\syp\.m2\repository\org\springframework\boot\spring-boot-starter-tomcat\2.3.5.RELEASE\spring-boot-starter-tomcat-2.3.5.RELEASE.jar;C:\Users\syp\.m2\repository\org\apache\tomcat\embed\tomcat-embed-core\9.0.39\tomcat-embed-core-9.0.39.jar;C:\Users\syp\.m2\repository\org\glassfish\jakarta.el\3.0.3\jakarta.el-3.0.3.jar;C:\Users\syp\.m2\repository\org\apache\tomcat\embed\tomcat-embed-websocket\9.0.39\tomcat-embed-websocket-9.0.39.jar;C:\Users\syp\.m2\repository\org\springframework\spring-web\5.2.10.RELEASE\spring-web-5.2.10.RELEASE.jar;C:\Users\syp\.m2\repository\org\springframework\spring-webmvc\5.2.10.RELEASE\spring-webmvc-5.2.10.RELEASE.jar;C:\Users\syp\.m2\repository\org\springframework\boot\spring-boot-devtools\2.3.5.RELEASE\spring-boot-devtools-2.3.5.RELEASE.jar;C:\Users\syp\.m2\repository\org\springframework\boot\spring-boot\2.3.5.RELEASE\spring-boot-2.3.5.RELEASE.jar;C:\Users\syp\.m2\repository\org\springframework\boot\spring-boot-autoconfigure\2.3.5.RELEASE\spring-boot-autoconfigure-2.3.5.RELEASE.jar;C:\Users\syp\.m2\repository\com\ibeetl\beetl-framework-starter\1.2.35.RELEASE\beetl-framework-starter-1.2.35.RELEASE.jar;C:\Users\syp\.m2\repository\com\ibeetl\beetl\3.1.8.RELEASE\beetl-3.1.8.RELEASE.jar;C:\Users\syp\.m2\repository\org\antlr\antlr4-runtime\4.7.2\antlr4-runtime-4.7.2.jar;C:\Users\syp\.m2\repository\com\ibeetl\beetlsql\2.13.5.RELEASE\beetlsql-2.13.5.RELEASE.jar;C:\Users\syp\.m2\repository\org\springframework\boot\spring-boot-starter-aop\2.3.5.RELEASE\spring-boot-starter-aop-2.3.5.RELEASE.jar;C:\Users\syp\.m2\repository\org\springframework\spring-aop\5.2.10.RELEASE\spring-aop-5.2.10.RELEASE.jar;C:\Users\syp\.m2\repository\org\aspectj\aspectjweaver\1.9.6\aspectjweaver-1.9.6.jar;C:\Users\syp\.m2\repository\org\springframework\boot\spring-boot-starter-actuator\2.3.5.RELEASE\spring-boot-starter-actuator-2.3.5.RELEASE.jar;C:\Users\syp\.m2\repository\org\springframework\boot\spring-boot-actuator-autoconfigure\2.3.5.RELEASE\spring-boot-actuator-autoconfigure-2.3.5.RELEASE.jar;C:\Users\syp\.m2\repository\org\springframework\boot\spring-boot-actuator\2.3.5.RELEASE\spring-boot-actuator-2.3.5.RELEASE.jar;C:\Users\syp\.m2\repository\io\micrometer\micrometer-core\1.5.6\micrometer-core-1.5.6.jar;C:\Users\syp\.m2\repository\org\hdrhistogram\HdrHistogram\2.1.12\HdrHistogram-2.1.12.jar;C:\Users\syp\.m2\repository\org\latencyutils\LatencyUtils\2.0.3\LatencyUtils-2.0.3.jar;C:\Users\syp\.m2\repository\org\springframework\boot\spring-boot-starter-cache\2.3.5.RELEASE\spring-boot-starter-cache-2.3.5.RELEASE.jar;C:\Users\syp\.m2\repository\org\springframework\spring-context-support\5.2.10.RELEASE\spring-context-support-5.2.10.RELEASE.jar;C:\Users\syp\.m2\repository\org\springframework\boot\spring-boot-starter-freemarker\2.3.5.RELEASE\spring-boot-starter-freemarker-2.3.5.RELEASE.jar;C:\Users\syp\.m2\repository\org\freemarker\freemarker\2.3.30\freemarker-2.3.30.jar;C:\Users\syp\.m2\repository\org\springframework\boot\spring-boot-starter-data-redis\2.3.5.RELEASE\spring-boot-starter-data-redis-2.3.5.RELEASE.jar;C:\Users\syp\.m2\repository\org\springframework\data\spring-data-redis\2.3.5.RELEASE\spring-data-redis-2.3.5.RELEASE.jar;C:\Users\syp\.m2\repository\org\springframework\data\spring-data-keyvalue\2.3.5.RELEASE\spring-data-keyvalue-2.3.5.RELEASE.jar;C:\Users\syp\.m2\repository\org\springframework\spring-oxm\5.2.10.RELEASE\spring-oxm-5.2.10.RELEASE.jar;C:\Users\syp\.m2\repository\io\lettuce\lettuce-core\5.3.5.RELEASE\lettuce-core-5.3.5.RELEASE.jar;C:\Users\syp\.m2\repository\io\netty\netty-common\4.1.53.Final\netty-common-4.1.53.Final.jar;C:\Users\syp\.m2\repository\io\netty\netty-handler\4.1.53.Final\netty-handler-4.1.53.Final.jar;C:\Users\syp\.m2\repository\io\netty\netty-resolver\4.1.53.Final\netty-resolver-4.1.53.Final.jar;C:\Users\syp\.m2\repository\io\netty\netty-buffer\4.1.53.Final\netty-buffer-4.1.53.Final.jar;C:\Users\syp\.m2\repository\io\netty\netty-codec\4.1.53.Final\netty-codec-4.1.53.Final.jar;C:\Users\syp\.m2\repository\io\netty\netty-transport\4.1.53.Final\netty-transport-4.1.53.Final.jar;C:\Users\syp\.m2\repository\io\projectreactor\reactor-core\3.3.11.RELEASE\reactor-core-3.3.11.RELEASE.jar;C:\Users\syp\.m2\repository\org\reactivestreams\reactive-streams\1.0.3\reactive-streams-1.0.3.jar;C:\Users\syp\.m2\repository\javax\validation\validation-api\2.0.1.Final\validation-api-2.0.1.Final.jar;C:\Users\syp\.m2\repository\com\zaxxer\HikariCP\3.4.5\HikariCP-3.4.5.jar;C:\Users\syp\.m2\repository\org\slf4j\slf4j-api\1.7.30\slf4j-api-1.7.30.jar;C:\Users\syp\.m2\repository\mysql\mysql-connector-java\8.0.22\mysql-connector-java-8.0.22.jar;C:\Users\syp\.m2\repository\org\mybatis\mybatis-spring\2.0.5\mybatis-spring-2.0.5.jar;C:\Users\syp\.m2\repository\org\springframework\boot\spring-boot-starter-jdbc\2.3.5.RELEASE\spring-boot-starter-jdbc-2.3.5.RELEASE.jar;C:\Users\syp\.m2\repository\org\springframework\spring-jdbc\5.2.10.RELEASE\spring-jdbc-5.2.10.RELEASE.jar;C:\Users\syp\.m2\repository\org\springframework\boot\spring-boot-starter-data-jpa\2.3.5.RELEASE\spring-boot-starter-data-jpa-2.3.5.RELEASE.jar;C:\Users\syp\.m2\repository\jakarta\transaction\jakarta.transaction-api\1.3.3\jakarta.transaction-api-1.3.3.jar;C:\Users\syp\.m2\repository\jakarta\persistence\jakarta.persistence-api\2.2.3\jakarta.persistence-api-2.2.3.jar;C:\Users\syp\.m2\repository\org\hibernate\hibernate-core\5.4.22.Final\hibernate-core-5.4.22.Final.jar;C:\Users\syp\.m2\repository\org\jboss\logging\jboss-logging\3.4.1.Final\jboss-logging-3.4.1.Final.jar;C:\Users\syp\.m2\repository\org\javassist\javassist\3.24.0-GA\javassist-3.24.0-GA.jar;C:\Users\syp\.m2\repository\net\bytebuddy\byte-buddy\1.10.17\byte-buddy-1.10.17.jar;C:\Users\syp\.m2\repository\antlr\antlr\2.7.7\antlr-2.7.7.jar;C:\Users\syp\.m2\repository\org\jboss\jandex\2.1.3.Final\jandex-2.1.3.Final.jar;C:\Users\syp\.m2\repository\com\fasterxml\classmate\1.5.1\classmate-1.5.1.jar;C:\Users\syp\.m2\repository\org\dom4j\dom4j\2.1.3\dom4j-2.1.3.jar;C:\Users\syp\.m2\repository\org\hibernate\common\hibernate-commons-annotations\5.1.0.Final\hibernate-commons-annotations-5.1.0.Final.jar;C:\Users\syp\.m2\repository\org\glassfish\jaxb\jaxb-runtime\2.3.3\jaxb-runtime-2.3.3.jar;C:\Users\syp\.m2\repository\org\glassfish\jaxb\txw2\2.3.3\txw2-2.3.3.jar;C:\Users\syp\.m2\repository\com\sun\istack\istack-commons-runtime\3.0.11\istack-commons-runtime-3.0.11.jar;C:\Users\syp\.m2\repository\com\sun\activation\jakarta.activation\1.2.2\jakarta.activation-1.2.2.jar;C:\Users\syp\.m2\repository\org\springframework\data\spring-data-jpa\2.3.5.RELEASE\spring-data-jpa-2.3.5.RELEASE.jar;C:\Users\syp\.m2\repository\org\springframework\spring-orm\5.2.10.RELEASE\spring-orm-5.2.10.RELEASE.jar;C:\Users\syp\.m2\repository\org\springframework\spring-aspects\5.2.10.RELEASE\spring-aspects-5.2.10.RELEASE.jar;C:\Users\syp\.m2\repository\org\springframework\boot\spring-boot-configuration-processor\2.3.4.RELEASE\spring-boot-configuration-processor-2.3.4.RELEASE.jar;C:\Users\syp\.m2\repository\org\springframework\boot\spring-boot-starter-test\2.3.5.RELEASE\spring-boot-starter-test-2.3.5.RELEASE.jar;C:\Users\syp\.m2\repository\org\springframework\boot\spring-boot-test\2.3.5.RELEASE\spring-boot-test-2.3.5.RELEASE.jar;C:\Users\syp\.m2\repository\org\springframework\boot\spring-boot-test-autoconfigure\2.3.5.RELEASE\spring-boot-test-autoconfigure-2.3.5.RELEASE.jar;C:\Users\syp\.m2\repository\com\jayway\jsonpath\json-path\2.4.0\json-path-2.4.0.jar;C:\Users\syp\.m2\repository\net\minidev\json-smart\2.3\json-smart-2.3.jar;C:\Users\syp\.m2\repository\net\minidev\accessors-smart\1.2\accessors-smart-1.2.jar;C:\Users\syp\.m2\repository\org\ow2\asm\asm\5.0.4\asm-5.0.4.jar;C:\Users\syp\.m2\repository\jakarta\xml\bind\jakarta.xml.bind-api\2.3.3\jakarta.xml.bind-api-2.3.3.jar;C:\Users\syp\.m2\repository\jakarta\activation\jakarta.activation-api\1.2.2\jakarta.activation-api-1.2.2.jar;C:\Users\syp\.m2\repository\org\assertj\assertj-core\3.16.1\assertj-core-3.16.1.jar;C:\Users\syp\.m2\repository\org\hamcrest\hamcrest\2.2\hamcrest-2.2.jar;C:\Users\syp\.m2\repository\org\junit\jupiter\junit-jupiter\5.6.3\junit-jupiter-5.6.3.jar;C:\Users\syp\.m2\repository\org\junit\jupiter\junit-jupiter-params\5.6.3\junit-jupiter-params-5.6.3.jar;C:\Users\syp\.m2\repository\org\junit\jupiter\junit-jupiter-engine\5.6.3\junit-jupiter-engine-5.6.3.jar;C:\Users\syp\.m2\repository\org\junit\vintage\junit-vintage-engine\5.6.3\junit-vintage-engine-5.6.3.jar;C:\Users\syp\.m2\repository\org\junit\platform\junit-platform-engine\1.6.3\junit-platform-engine-1.6.3.jar;C:\Users\syp\.m2\repository\junit\junit\4.13.1\junit-4.13.1.jar;C:\Users\syp\.m2\repository\org\mockito\mockito-core\3.3.3\mockito-core-3.3.3.jar;C:\Users\syp\.m2\repository\net\bytebuddy\byte-buddy-agent\1.10.17\byte-buddy-agent-1.10.17.jar;C:\Users\syp\.m2\repository\org\objenesis\objenesis\2.6\objenesis-2.6.jar;C:\Users\syp\.m2\repository\org\mockito\mockito-junit-jupiter\3.3.3\mockito-junit-jupiter-3.3.3.jar;C:\Users\syp\.m2\repository\org\skyscreamer\jsonassert\1.5.0\jsonassert-1.5.0.jar;C:\Users\syp\.m2\repository\com\vaadin\external\google\android-json\0.0.20131108.vaadin1\android-json-0.0.20131108.vaadin1.jar;C:\Users\syp\.m2\repository\org\springframework\spring-core\5.2.10.RELEASE\spring-core-5.2.10.RELEASE.jar;C:\Users\syp\.m2\repository\org\springframework\spring-jcl\5.2.10.RELEASE\spring-jcl-5.2.10.RELEASE.jar;C:\Users\syp\.m2\repository\org\springframework\spring-test\5.2.10.RELEASE\spring-test-5.2.10.RELEASE.jar;C:\Users\syp\.m2\repository\org\xmlunit\xmlunit-core\2.7.0\xmlunit-core-2.7.0.jar;C:\Users\syp\.m2\repository\org\junit\jupiter\junit-jupiter-api\5.7.0\junit-jupiter-api-5.7.0.jar;C:\Users\syp\.m2\repository\org\apiguardian\apiguardian-api\1.1.0\apiguardian-api-1.1.0.jar;C:\Users\syp\.m2\repository\org\opentest4j\opentest4j\1.2.0\opentest4j-1.2.0.jar;C:\Users\syp\.m2\repository\org\junit\platform\junit-platform-commons\1.6.3\junit-platform-commons-1.6.3.jar;C:\Users\syp\.m2\repository\com\squareup\okhttp3\okhttp\4.9.0\okhttp-4.9.0.jar;C:\Users\syp\.m2\repository\com\squareup\okio\okio\2.8.0\okio-2.8.0.jar;C:\Users\syp\.m2\repository\org\jetbrains\kotlin\kotlin-stdlib-common\1.3.72\kotlin-stdlib-common-1.3.72.jar;C:\Users\syp\.m2\repository\org\jetbrains\kotlin\kotlin-stdlib\1.3.72\kotlin-stdlib-1.3.72.jar;C:\Users\syp\.m2\repository\org\jetbrains\annotations\13.0\annotations-13.0.jar;C:\Users\syp\.m2\repository\org\springframework\boot\spring-boot-starter-data-mongodb\2.3.5.RELEASE\spring-boot-starter-data-mongodb-2.3.5.RELEASE.jar;C:\Users\syp\.m2\repository\org\mongodb\mongodb-driver-sync\4.0.5\mongodb-driver-sync-4.0.5.jar;C:\Users\syp\.m2\repository\org\mongodb\bson\4.0.5\bson-4.0.5.jar;C:\Users\syp\.m2\repository\org\springframework\data\spring-data-mongodb\3.0.5.RELEASE\spring-data-mongodb-3.0.5.RELEASE.jar;C:\Users\syp\.m2\repository\org\springframework\spring-tx\5.2.10.RELEASE\spring-tx-5.2.10.RELEASE.jar;C:\Users\syp\.m2\repository\org\springframework\spring-context\5.2.10.RELEASE\spring-context-5.2.10.RELEASE.jar;C:\Users\syp\.m2\repository\org\springframework\spring-beans\5.2.10.RELEASE\spring-beans-5.2.10.RELEASE.jar;C:\Users\syp\.m2\repository\org\springframework\spring-expression\5.2.10.RELEASE\spring-expression-5.2.10.RELEASE.jar;C:\Users\syp\.m2\repository\org\springframework\data\spring-data-commons\2.3.5.RELEASE\spring-data-commons-2.3.5.RELEASE.jar;C:\Users\syp\.m2\repository\org\mongodb\mongodb-driver-core\4.0.5\mongodb-driver-core-4.0.5.jar;"/>
    <property name="java.vm.vendor" value="Oracle Corporation"/>
    <property name="sun.arch.data.model" value="64"/>
    <property name="user.variant" value=""/>
    <property name="java.vendor.url" value="http://java.oracle.com/"/>
    <property name="user.timezone" value="Asia/Shanghai"/>
    <property name="java.vm.specification.version" value="11"/>
    <property name="os.name" value="Windows 10"/>
    <property name="sun.java.launcher" value="SUN_STANDARD"/>
    <property name="user.country" value="CN"/>
    <property name="sun.boot.library.path" value="E:\jdk11.0.5\bin"/>
    <property name="sun.java.command" value="C:\Users\syp\AppData\Local\Temp\surefire17262682606843654979\surefirebooter574409111406350434.jar C:\Users\syp\AppData\Local\Temp\surefire17262682606843654979 2020-11-06T14-29-40_411-jvmRun1 surefire11518653386408206240tmp surefire_08135554704666388807tmp"/>
    <property name="jdk.debug" value="release"/>
    <property name="surefire.test.class.path" value="E:\springboottest\target\test-classes;E:\springboottest\target\classes;C:\Users\syp\.m2\repository\org\springframework\boot\spring-boot-starter-web\2.3.5.RELEASE\spring-boot-starter-web-2.3.5.RELEASE.jar;C:\Users\syp\.m2\repository\org\springframework\boot\spring-boot-starter\2.3.5.RELEASE\spring-boot-starter-2.3.5.RELEASE.jar;C:\Users\syp\.m2\repository\org\springframework\boot\spring-boot-starter-logging\2.3.5.RELEASE\spring-boot-starter-logging-2.3.5.RELEASE.jar;C:\Users\syp\.m2\repository\ch\qos\logback\logback-classic\1.2.3\logback-classic-1.2.3.jar;C:\Users\syp\.m2\repository\ch\qos\logback\logback-core\1.2.3\logback-core-1.2.3.jar;C:\Users\syp\.m2\repository\org\apache\logging\log4j\log4j-to-slf4j\2.13.3\log4j-to-slf4j-2.13.3.jar;C:\Users\syp\.m2\repository\org\apache\logging\log4j\log4j-api\2.13.3\log4j-api-2.13.3.jar;C:\Users\syp\.m2\repository\org\slf4j\jul-to-slf4j\1.7.30\jul-to-slf4j-1.7.30.jar;C:\Users\syp\.m2\repository\jakarta\annotation\jakarta.annotation-api\1.3.5\jakarta.annotation-api-1.3.5.jar;C:\Users\syp\.m2\repository\org\yaml\snakeyaml\1.26\snakeyaml-1.26.jar;C:\Users\syp\.m2\repository\org\springframework\boot\spring-boot-starter-json\2.3.5.RELEASE\spring-boot-starter-json-2.3.5.RELEASE.jar;C:\Users\syp\.m2\repository\com\fasterxml\jackson\core\jackson-databind\2.11.3\jackson-databind-2.11.3.jar;C:\Users\syp\.m2\repository\com\fasterxml\jackson\core\jackson-annotations\2.11.3\jackson-annotations-2.11.3.jar;C:\Users\syp\.m2\repository\com\fasterxml\jackson\core\jackson-core\2.11.3\jackson-core-2.11.3.jar;C:\Users\syp\.m2\repository\com\fasterxml\jackson\datatype\jackson-datatype-jdk8\2.11.3\jackson-datatype-jdk8-2.11.3.jar;C:\Users\syp\.m2\repository\com\fasterxml\jackson\datatype\jackson-datatype-jsr310\2.11.3\jackson-datatype-jsr310-2.11.3.jar;C:\Users\syp\.m2\repository\com\fasterxml\jackson\module\jackson-module-parameter-names\2.11.3\jackson-module-parameter-names-2.11.3.jar;C:\Users\syp\.m2\repository\org\springframework\boot\spring-boot-starter-tomcat\2.3.5.RELEASE\spring-boot-starter-tomcat-2.3.5.RELEASE.jar;C:\Users\syp\.m2\repository\org\apache\tomcat\embed\tomcat-embed-core\9.0.39\tomcat-embed-core-9.0.39.jar;C:\Users\syp\.m2\repository\org\glassfish\jakarta.el\3.0.3\jakarta.el-3.0.3.jar;C:\Users\syp\.m2\repository\org\apache\tomcat\embed\tomcat-embed-websocket\9.0.39\tomcat-embed-websocket-9.0.39.jar;C:\Users\syp\.m2\repository\org\springframework\spring-web\5.2.10.RELEASE\spring-web-5.2.10.RELEASE.jar;C:\Users\syp\.m2\repository\org\springframework\spring-webmvc\5.2.10.RELEASE\spring-webmvc-5.2.10.RELEASE.jar;C:\Users\syp\.m2\repository\org\springframework\boot\spring-boot-devtools\2.3.5.RELEASE\spring-boot-devtools-2.3.5.RELEASE.jar;C:\Users\syp\.m2\repository\org\springframework\boot\spring-boot\2.3.5.RELEASE\spring-boot-2.3.5.RELEASE.jar;C:\Users\syp\.m2\repository\org\springframework\boot\spring-boot-autoconfigure\2.3.5.RELEASE\spring-boot-autoconfigure-2.3.5.RELEASE.jar;C:\Users\syp\.m2\repository\com\ibeetl\beetl-framework-starter\1.2.35.RELEASE\beetl-framework-starter-1.2.35.RELEASE.jar;C:\Users\syp\.m2\repository\com\ibeetl\beetl\3.1.8.RELEASE\beetl-3.1.8.RELEASE.jar;C:\Users\syp\.m2\repository\org\antlr\antlr4-runtime\4.7.2\antlr4-runtime-4.7.2.jar;C:\Users\syp\.m2\repository\com\ibeetl\beetlsql\2.13.5.RELEASE\beetlsql-2.13.5.RELEASE.jar;C:\Users\syp\.m2\repository\org\springframework\boot\spring-boot-starter-aop\2.3.5.RELEASE\spring-boot-starter-aop-2.3.5.RELEASE.jar;C:\Users\syp\.m2\repository\org\springframework\spring-aop\5.2.10.RELEASE\spring-aop-5.2.10.RELEASE.jar;C:\Users\syp\.m2\repository\org\aspectj\aspectjweaver\1.9.6\aspectjweaver-1.9.6.jar;C:\Users\syp\.m2\repository\org\springframework\boot\spring-boot-starter-actuator\2.3.5.RELEASE\spring-boot-starter-actuator-2.3.5.RELEASE.jar;C:\Users\syp\.m2\repository\org\springframework\boot\spring-boot-actuator-autoconfigure\2.3.5.RELEASE\spring-boot-actuator-autoconfigure-2.3.5.RELEASE.jar;C:\Users\syp\.m2\repository\org\springframework\boot\spring-boot-actuator\2.3.5.RELEASE\spring-boot-actuator-2.3.5.RELEASE.jar;C:\Users\syp\.m2\repository\io\micrometer\micrometer-core\1.5.6\micrometer-core-1.5.6.jar;C:\Users\syp\.m2\repository\org\hdrhistogram\HdrHistogram\2.1.12\HdrHistogram-2.1.12.jar;C:\Users\syp\.m2\repository\org\latencyutils\LatencyUtils\2.0.3\LatencyUtils-2.0.3.jar;C:\Users\syp\.m2\repository\org\springframework\boot\spring-boot-starter-cache\2.3.5.RELEASE\spring-boot-starter-cache-2.3.5.RELEASE.jar;C:\Users\syp\.m2\repository\org\springframework\spring-context-support\5.2.10.RELEASE\spring-context-support-5.2.10.RELEASE.jar;C:\Users\syp\.m2\repository\org\springframework\boot\spring-boot-starter-freemarker\2.3.5.RELEASE\spring-boot-starter-freemarker-2.3.5.RELEASE.jar;C:\Users\syp\.m2\repository\org\freemarker\freemarker\2.3.30\freemarker-2.3.30.jar;C:\Users\syp\.m2\repository\org\springframework\boot\spring-boot-starter-data-redis\2.3.5.RELEASE\spring-boot-starter-data-redis-2.3.5.RELEASE.jar;C:\Users\syp\.m2\repository\org\springframework\data\spring-data-redis\2.3.5.RELEASE\spring-data-redis-2.3.5.RELEASE.jar;C:\Users\syp\.m2\repository\org\springframework\data\spring-data-keyvalue\2.3.5.RELEASE\spring-data-keyvalue-2.3.5.RELEASE.jar;C:\Users\syp\.m2\repository\org\springframework\spring-oxm\5.2.10.RELEASE\spring-oxm-5.2.10.RELEASE.jar;C:\Users\syp\.m2\repository\io\lettuce\lettuce-core\5.3.5.RELEASE\lettuce-core-5.3.5.RELEASE.jar;C:\Users\syp\.m2\repository\io\netty\netty-common\4.1.53.Final\netty-common-4.1.53.Final.jar;C:\Users\syp\.m2\repository\io\netty\netty-handler\4.1.53.Final\netty-handler-4.1.53.Final.jar;C:\Users\syp\.m2\repository\io\netty\netty-resolver\4.1.53.Final\netty-resolver-4.1.53.Final.jar;C:\Users\syp\.m2\repository\io\netty\netty-buffer\4.1.53.Final\netty-buffer-4.1.53.Final.jar;C:\Users\syp\.m2\repository\io\netty\netty-codec\4.1.53.Final\netty-codec-4.1.53.Final.jar;C:\Users\syp\.m2\repository\io\netty\netty-transport\4.1.53.Final\netty-transport-4.1.53.Final.jar;C:\Users\syp\.m2\repository\io\projectreactor\reactor-core\3.3.11.RELEASE\reactor-core-3.3.11.RELEASE.jar;C:\Users\syp\.m2\repository\org\reactivestreams\reactive-streams\1.0.3\reactive-streams-1.0.3.jar;C:\Users\syp\.m2\repository\javax\validation\validation-api\2.0.1.Final\validation-api-2.0.1.Final.jar;C:\Users\syp\.m2\repository\com\zaxxer\HikariCP\3.4.5\HikariCP-3.4.5.jar;C:\Users\syp\.m2\repository\org\slf4j\slf4j-api\1.7.30\slf4j-api-1.7.30.jar;C:\Users\syp\.m2\repository\mysql\mysql-connector-java\8.0.22\mysql-connector-java-8.0.22.jar;C:\Users\syp\.m2\repository\org\mybatis\mybatis-spring\2.0.5\mybatis-spring-2.0.5.jar;C:\Users\syp\.m2\repository\org\springframework\boot\spring-boot-starter-jdbc\2.3.5.RELEASE\spring-boot-starter-jdbc-2.3.5.RELEASE.jar;C:\Users\syp\.m2\repository\org\springframework\spring-jdbc\5.2.10.RELEASE\spring-jdbc-5.2.10.RELEASE.jar;C:\Users\syp\.m2\repository\org\springframework\boot\spring-boot-starter-data-jpa\2.3.5.RELEASE\spring-boot-starter-data-jpa-2.3.5.RELEASE.jar;C:\Users\syp\.m2\repository\jakarta\transaction\jakarta.transaction-api\1.3.3\jakarta.transaction-api-1.3.3.jar;C:\Users\syp\.m2\repository\jakarta\persistence\jakarta.persistence-api\2.2.3\jakarta.persistence-api-2.2.3.jar;C:\Users\syp\.m2\repository\org\hibernate\hibernate-core\5.4.22.Final\hibernate-core-5.4.22.Final.jar;C:\Users\syp\.m2\repository\org\jboss\logging\jboss-logging\3.4.1.Final\jboss-logging-3.4.1.Final.jar;C:\Users\syp\.m2\repository\org\javassist\javassist\3.24.0-GA\javassist-3.24.0-GA.jar;C:\Users\syp\.m2\repository\net\bytebuddy\byte-buddy\1.10.17\byte-buddy-1.10.17.jar;C:\Users\syp\.m2\repository\antlr\antlr\2.7.7\antlr-2.7.7.jar;C:\Users\syp\.m2\repository\org\jboss\jandex\2.1.3.Final\jandex-2.1.3.Final.jar;C:\Users\syp\.m2\repository\com\fasterxml\classmate\1.5.1\classmate-1.5.1.jar;C:\Users\syp\.m2\repository\org\dom4j\dom4j\2.1.3\dom4j-2.1.3.jar;C:\Users\syp\.m2\repository\org\hibernate\common\hibernate-commons-annotations\5.1.0.Final\hibernate-commons-annotations-5.1.0.Final.jar;C:\Users\syp\.m2\repository\org\glassfish\jaxb\jaxb-runtime\2.3.3\jaxb-runtime-2.3.3.jar;C:\Users\syp\.m2\repository\org\glassfish\jaxb\txw2\2.3.3\txw2-2.3.3.jar;C:\Users\syp\.m2\repository\com\sun\istack\istack-commons-runtime\3.0.11\istack-commons-runtime-3.0.11.jar;C:\Users\syp\.m2\repository\com\sun\activation\jakarta.activation\1.2.2\jakarta.activation-1.2.2.jar;C:\Users\syp\.m2\repository\org\springframework\data\spring-data-jpa\2.3.5.RELEASE\spring-data-jpa-2.3.5.RELEASE.jar;C:\Users\syp\.m2\repository\org\springframework\spring-orm\5.2.10.RELEASE\spring-orm-5.2.10.RELEASE.jar;C:\Users\syp\.m2\repository\org\springframework\spring-aspects\5.2.10.RELEASE\spring-aspects-5.2.10.RELEASE.jar;C:\Users\syp\.m2\repository\org\springframework\boot\spring-boot-configuration-processor\2.3.4.RELEASE\spring-boot-configuration-processor-2.3.4.RELEASE.jar;C:\Users\syp\.m2\repository\org\springframework\boot\spring-boot-starter-test\2.3.5.RELEASE\spring-boot-starter-test-2.3.5.RELEASE.jar;C:\Users\syp\.m2\repository\org\springframework\boot\spring-boot-test\2.3.5.RELEASE\spring-boot-test-2.3.5.RELEASE.jar;C:\Users\syp\.m2\repository\org\springframework\boot\spring-boot-test-autoconfigure\2.3.5.RELEASE\spring-boot-test-autoconfigure-2.3.5.RELEASE.jar;C:\Users\syp\.m2\repository\com\jayway\jsonpath\json-path\2.4.0\json-path-2.4.0.jar;C:\Users\syp\.m2\repository\net\minidev\json-smart\2.3\json-smart-2.3.jar;C:\Users\syp\.m2\repository\net\minidev\accessors-smart\1.2\accessors-smart-1.2.jar;C:\Users\syp\.m2\repository\org\ow2\asm\asm\5.0.4\asm-5.0.4.jar;C:\Users\syp\.m2\repository\jakarta\xml\bind\jakarta.xml.bind-api\2.3.3\jakarta.xml.bind-api-2.3.3.jar;C:\Users\syp\.m2\repository\jakarta\activation\jakarta.activation-api\1.2.2\jakarta.activation-api-1.2.2.jar;C:\Users\syp\.m2\repository\org\assertj\assertj-core\3.16.1\assertj-core-3.16.1.jar;C:\Users\syp\.m2\repository\org\hamcrest\hamcrest\2.2\hamcrest-2.2.jar;C:\Users\syp\.m2\repository\org\junit\jupiter\junit-jupiter\5.6.3\junit-jupiter-5.6.3.jar;C:\Users\syp\.m2\repository\org\junit\jupiter\junit-jupiter-params\5.6.3\junit-jupiter-params-5.6.3.jar;C:\Users\syp\.m2\repository\org\junit\jupiter\junit-jupiter-engine\5.6.3\junit-jupiter-engine-5.6.3.jar;C:\Users\syp\.m2\repository\org\junit\vintage\junit-vintage-engine\5.6.3\junit-vintage-engine-5.6.3.jar;C:\Users\syp\.m2\repository\org\junit\platform\junit-platform-engine\1.6.3\junit-platform-engine-1.6.3.jar;C:\Users\syp\.m2\repository\junit\junit\4.13.1\junit-4.13.1.jar;C:\Users\syp\.m2\repository\org\mockito\mockito-core\3.3.3\mockito-core-3.3.3.jar;C:\Users\syp\.m2\repository\net\bytebuddy\byte-buddy-agent\1.10.17\byte-buddy-agent-1.10.17.jar;C:\Users\syp\.m2\repository\org\objenesis\objenesis\2.6\objenesis-2.6.jar;C:\Users\syp\.m2\repository\org\mockito\mockito-junit-jupiter\3.3.3\mockito-junit-jupiter-3.3.3.jar;C:\Users\syp\.m2\repository\org\skyscreamer\jsonassert\1.5.0\jsonassert-1.5.0.jar;C:\Users\syp\.m2\repository\com\vaadin\external\google\android-json\0.0.20131108.vaadin1\android-json-0.0.20131108.vaadin1.jar;C:\Users\syp\.m2\repository\org\springframework\spring-core\5.2.10.RELEASE\spring-core-5.2.10.RELEASE.jar;C:\Users\syp\.m2\repository\org\springframework\spring-jcl\5.2.10.RELEASE\spring-jcl-5.2.10.RELEASE.jar;C:\Users\syp\.m2\repository\org\springframework\spring-test\5.2.10.RELEASE\spring-test-5.2.10.RELEASE.jar;C:\Users\syp\.m2\repository\org\xmlunit\xmlunit-core\2.7.0\xmlunit-core-2.7.0.jar;C:\Users\syp\.m2\repository\org\junit\jupiter\junit-jupiter-api\5.7.0\junit-jupiter-api-5.7.0.jar;C:\Users\syp\.m2\repository\org\apiguardian\apiguardian-api\1.1.0\apiguardian-api-1.1.0.jar;C:\Users\syp\.m2\repository\org\opentest4j\opentest4j\1.2.0\opentest4j-1.2.0.jar;C:\Users\syp\.m2\repository\org\junit\platform\junit-platform-commons\1.6.3\junit-platform-commons-1.6.3.jar;C:\Users\syp\.m2\repository\com\squareup\okhttp3\okhttp\4.9.0\okhttp-4.9.0.jar;C:\Users\syp\.m2\repository\com\squareup\okio\okio\2.8.0\okio-2.8.0.jar;C:\Users\syp\.m2\repository\org\jetbrains\kotlin\kotlin-stdlib-common\1.3.72\kotlin-stdlib-common-1.3.72.jar;C:\Users\syp\.m2\repository\org\jetbrains\kotlin\kotlin-stdlib\1.3.72\kotlin-stdlib-1.3.72.jar;C:\Users\syp\.m2\repository\org\jetbrains\annotations\13.0\annotations-13.0.jar;C:\Users\syp\.m2\repository\org\springframework\boot\spring-boot-starter-data-mongodb\2.3.5.RELEASE\spring-boot-starter-data-mongodb-2.3.5.RELEASE.jar;C:\Users\syp\.m2\repository\org\mongodb\mongodb-driver-sync\4.0.5\mongodb-driver-sync-4.0.5.jar;C:\Users\syp\.m2\repository\org\mongodb\bson\4.0.5\bson-4.0.5.jar;C:\Users\syp\.m2\repository\org\springframework\data\spring-data-mongodb\3.0.5.RELEASE\spring-data-mongodb-3.0.5.RELEASE.jar;C:\Users\syp\.m2\repository\org\springframework\spring-tx\5.2.10.RELEASE\spring-tx-5.2.10.RELEASE.jar;C:\Users\syp\.m2\repository\org\springframework\spring-context\5.2.10.RELEASE\spring-context-5.2.10.RELEASE.jar;C:\Users\syp\.m2\repository\org\springframework\spring-beans\5.2.10.RELEASE\spring-beans-5.2.10.RELEASE.jar;C:\Users\syp\.m2\repository\org\springframework\spring-expression\5.2.10.RELEASE\spring-expression-5.2.10.RELEASE.jar;C:\Users\syp\.m2\repository\org\springframework\data\spring-data-commons\2.3.5.RELEASE\spring-data-commons-2.3.5.RELEASE.jar;C:\Users\syp\.m2\repository\org\mongodb\mongodb-driver-core\4.0.5\mongodb-driver-core-4.0.5.jar;"/>
    <property name="sun.cpu.endian" value="little"/>
    <property name="user.home" value="C:\Users\syp"/>
    <property name="user.language" value="zh"/>
    <property name="java.specification.vendor" value="Oracle Corporation"/>
    <property name="java.version.date" value="2019-10-15"/>
    <property name="java.home" value="E:\jdk11.0.5"/>
    <property name="file.separator" value="\"/>
    <property name="basedir" value="E:\springboottest"/>
    <property name="java.vm.compressedOopsMode" value="Zero based"/>
    <property name="line.separator" value="&#10;"/>
    <property name="java.specification.name" value="Java Platform API Specification"/>
    <property name="java.vm.specification.vendor" value="Oracle Corporation"/>
    <property name="java.awt.graphicsenv" value="sun.awt.Win32GraphicsEnvironment"/>
    <property name="idea.version2020.1.2" value="true"/>
    <property name="surefire.real.class.path" value="C:\Users\syp\AppData\Local\Temp\surefire17262682606843654979\surefirebooter574409111406350434.jar"/>
    <property name="user.script" value=""/>
    <property name="sun.management.compiler" value="HotSpot 64-Bit Tiered Compilers"/>
    <property name="java.runtime.version" value="11.0.5+10-LTS"/>
    <property name="user.name" value="syp"/>
    <property name="path.separator" value=";"/>
    <property name="os.version" value="10.0"/>
    <property name="java.runtime.name" value="Java(TM) SE Runtime Environment"/>
    <property name="file.encoding" value="GBK"/>
    <property name="java.vm.name" value="Java HotSpot(TM) 64-Bit Server VM"/>
    <property name="java.vendor.version" value="18.9"/>
    <property name="localRepository" value="C:\Users\syp\.m2\repository"/>
    <property name="java.vendor.url.bug" value="http://bugreport.java.com/bugreport/"/>
    <property name="java.io.tmpdir" value="C:\Users\syp\AppData\Local\Temp\"/>
    <property name="java.version" value="11.0.5"/>
    <property name="user.dir" value="E:\springboottest"/>
    <property name="os.arch" value="amd64"/>
    <property name="java.vm.specification.name" value="Java Virtual Machine Specification"/>
    <property name="java.awt.printerjob" value="sun.awt.windows.WPrinterJob"/>
    <property name="sun.os.patch.level" value=""/>
    <property name="java.library.path" value="E:\jdk11.0.5\bin;C:\WINDOWS\Sun\Java\bin;C:\WINDOWS\system32;C:\WINDOWS;C:\Program Files (x86)\Intel\Intel(R) Management Engine Components\iCLS\;C:\Program Files\Intel\Intel(R) Management Engine Components\iCLS\;C:\Windows\system32;C:\Windows;C:\Windows\System32\Wbem;C:\Windows\System32\WindowsPowerShell\v1.0\;C:\Windows\System32\OpenSSH\;C:\Program Files (x86)\Intel\Intel(R) Management Engine Components\DAL;C:\Program Files\Intel\Intel(R) Management Engine Components\DAL;C:\Program Files (x86)\Intel\Intel(R) Management Engine Components\IPT;C:\Program Files\Intel\Intel(R) Management Engine Components\IPT;C:\Program Files\dotnet\;C:\Program Files\Microsoft SQL Server\130\Tools\Binn\;D:\Git2.21.0\Git\cmd;D:\mysql-8.0.15-winx64\bin;C:\Program Files\Microsoft SQL Server\Client SDK\ODBC\170\Tools\Binn\;C:\Program Files\NVIDIA Corporation\NVIDIA NvDLISR;C:\Program Files (x86)\NVIDIA Corporation\PhysX\Common;C:\WINDOWS\system32;C:\WINDOWS;C:\WINDOWS\System32\Wbem;C:\WINDOWS\System32\WindowsPowerShell\v1.0\;C:\WINDOWS\System32\OpenSSH\;E:\TortoiseSVN\bin;D:\elasticsearch-7.9.2\jdk\bin;D:\elasticsearch-7.9.2\jdk\jre\bin;E:\nodejs\;C:\ProgramData\chocolatey\bin;C:\Program Files (x86)\dotnet\;C:\Program Files\Microsoft\Web Platform Installer\;D:\TortoiseGit2.7.0.0\bin;;D:\Redies\;C:\Program Files\Docker\Docker\resources\bin;C:\ProgramData\DockerDesktop\version-bin;C:\Users\syp\AppData\Local\Microsoft\WindowsApps;;D:\Visual Studio Code\Microsoft VS Code Insiders\bin;C:\Users\syp\AppData\Roaming\npm;C:\Users\syp\.dotnet\tools;C:\Users\syp\.dotnet\tools;C:\Users\syp\AppData\Local\Microsoft\WindowsApps;D:\JetBrains\IntelliJ IDEA 2020.1.2\bin;;."/>
    <property name="java.vendor" value="Oracle Corporation"/>
    <property name="java.vm.info" value="mixed mode"/>
    <property name="java.vm.version" value="11.0.5+10-LTS"/>
    <property name="sun.io.unicode.encoding" value="UnicodeLittle"/>
    <property name="java.class.version" value="55.0"/>
  </properties>
  <testcase name="updateNameTest" classname="com.siliver.ch1.test.db.UserDbTest" time="0.077">
    <error message="Cannot read SQL script from class path resource [com/bee/sample/ch9/test/db/user.sql]; nested exception is java.io.FileNotFoundException: class path resource [com/bee/sample/ch9/test/db/user.sql] cannot be opened because it does not exist" type="org.springframework.jdbc.datasource.init.CannotReadScriptException">org.springframework.jdbc.datasource.init.CannotReadScriptException: Cannot read SQL script from class path resource [com/bee/sample/ch9/test/db/user.sql]; nested exception is java.io.FileNotFoundException: class path resource [com/bee/sample/ch9/test/db/user.sql] cannot be opened because it does not exist
Caused by: java.io.FileNotFoundException: class path resource [com/bee/sample/ch9/test/db/user.sql] cannot be opened because it does not exist
</error>
    <system-out><![CDATA[
  .   ____          _            __ _ _
 /\\ / ___'_ __ _ _(_)_ __  __ _ \ \ \ \
( ( )\___ | '_ | '_| | '_ \/ _` | \ \ \ \
 \\/  ___)| |_)| | | | | || (_| |  ) ) ) )
  '  |____| .__|_| |_|_| |_\__, | / / / /
 =========|_|==============|___/=/_/_/_/
 :: Spring Boot ::        (v2.3.5.RELEASE)

INFO 14:30:00 c.s.c.t.d.UserDbTest.logStarting 55 :Starting UserDbTest on 乖小孩不懂事 with PID 29284 (started by syp in E:\springboottest)
DEBUG 14:30:00 c.s.c.t.d.UserDbTest.logStarting 56 :Running with Spring Boot v2.3.5.RELEASE, Spring v5.2.10.RELEASE
INFO 14:30:00 c.s.c.t.d.UserDbTest.logStartupProfileInfo 655 :The following profiles are active: test
INFO 14:30:01 o.s.d.r.c.RepositoryConfigurationDelegate.multipleStoresDetected 249 :Multiple Spring Data modules found, entering strict repository configuration mode!
INFO 14:30:01 o.s.d.r.c.RepositoryConfigurationDelegate.registerRepositoriesIn 127 :Bootstrapping Spring Data JPA repositories in DEFERRED mode.
DEBUG 14:30:01 o.s.d.r.c.RepositoryConfigurationDelegate.registerRepositoriesIn 140 :Scanning for JPA repositories in packages com.siliver.
DEBUG 14:30:01 o.s.d.r.c.RepositoryComponentProvider.scanCandidateComponents 435 :Identified candidate component class: file [E:\springboottest\target\classes\com\siliver\ch1\dao\UserRepository.class]
DEBUG 14:30:01 o.s.d.r.c.RepositoryConfigurationDelegate.potentiallyLazifyRepositories 229 :Registering deferred repository initialization listener.
INFO 14:30:01 o.s.d.r.c.RepositoryConfigurationDelegate.registerRepositoriesIn 187 :Finished Spring Data repository scanning in 65ms. Found 1 JPA repository interfaces.
INFO 14:30:01 o.s.d.r.c.RepositoryConfigurationDelegate.multipleStoresDetected 249 :Multiple Spring Data modules found, entering strict repository configuration mode!
INFO 14:30:01 o.s.d.r.c.RepositoryConfigurationDelegate.registerRepositoriesIn 127 :Bootstrapping Spring Data MongoDB repositories in DEFAULT mode.
DEBUG 14:30:01 o.s.d.r.c.RepositoryConfigurationDelegate.registerRepositoriesIn 140 :Scanning for MongoDB repositories in packages com.siliver.
DEBUG 14:30:01 o.s.d.r.c.RepositoryComponentProvider.scanCandidateComponents 435 :Identified candidate component class: file [E:\springboottest\target\classes\com\siliver\ch1\dao\UserRepository.class]
INFO 14:30:01 o.s.d.r.c.RepositoryConfigurationExtensionSupport.isStrictRepositoryCandidate 348 :Spring Data MongoDB - Could not safely identify store assignment for repository candidate interface com.siliver.ch1.dao.UserRepository. If you want this repository to be a MongoDB repository, consider annotating your entities with one of these annotations: org.springframework.data.mongodb.core.mapping.Document (preferred), or consider extending one of the following types with your repository: org.springframework.data.mongodb.repository.MongoRepository.
INFO 14:30:01 o.s.d.r.c.RepositoryConfigurationDelegate.registerRepositoriesIn 187 :Finished Spring Data repository scanning in 13ms. Found 0 MongoDB repository interfaces.
INFO 14:30:01 o.s.d.r.c.RepositoryConfigurationDelegate.multipleStoresDetected 249 :Multiple Spring Data modules found, entering strict repository configuration mode!
INFO 14:30:01 o.s.d.r.c.RepositoryConfigurationDelegate.registerRepositoriesIn 127 :Bootstrapping Spring Data Redis repositories in DEFAULT mode.
DEBUG 14:30:01 o.s.d.r.c.RepositoryConfigurationDelegate.registerRepositoriesIn 140 :Scanning for Redis repositories in packages com.siliver.
DEBUG 14:30:01 o.s.d.r.c.RepositoryComponentProvider.scanCandidateComponents 435 :Identified candidate component class: file [E:\springboottest\target\classes\com\siliver\ch1\dao\UserRepository.class]
INFO 14:30:01 o.s.d.r.c.RepositoryConfigurationExtensionSupport.isStrictRepositoryCandidate 348 :Spring Data Redis - Could not safely identify store assignment for repository candidate interface com.siliver.ch1.dao.UserRepository. If you want this repository to be a Redis repository, consider annotating your entities with one of these annotations: org.springframework.data.redis.core.RedisHash (preferred), or consider extending one of the following types with your repository: org.springframework.data.keyvalue.repository.KeyValueRepository.
INFO 14:30:01 o.s.d.r.c.RepositoryConfigurationDelegate.registerRepositoriesIn 187 :Finished Spring Data repository scanning in 9ms. Found 0 Redis repository interfaces.
INFO 14:30:02 o.s.s.c.ThreadPoolTaskExecutor.initialize 181 :Initializing ExecutorService 'applicationTaskExecutor'
INFO 14:30:02 c.z.h.HikariDataSource.getConnection 110 :HikariPool-1 - Starting...
INFO 14:30:03 c.z.h.HikariDataSource.getConnection 123 :HikariPool-1 - Start completed.
INFO 14:30:03 o.h.j.i.u.LogHelper.logPersistenceUnitInformation 31 :HHH000204: Processing PersistenceUnitInfo [name: default]
INFO 14:30:03 o.hibernate.Version.logVersion 44 :HHH000412: Hibernate ORM core version 5.4.22.Final
INFO 14:30:03 c.s.c.c.BeetlExtConfig.config 43 :==================file:/E:/springboottest/target/classes/templates/functions
INFO 14:30:03 o.h.a.common.Version.<clinit> 49 :HCANN000001: Hibernate Commons Annotations {5.1.0.Final}
DEBUG 14:30:04 o.s.d.r.c.RepositoryConfigurationDelegate$LazyRepositoryInjectionPointResolver.isLazy 302 :Creating lazy injection proxy for com.siliver.ch1.dao.UserRepository…
BeetlSQL 运行在 product=false,md charset=GBK
INFO 14:30:04 o.h.dialect.Dialect.<init> 170 :HHH000400: Using dialect: org.hibernate.dialect.MySQL8Dialect
INFO 14:30:04 c.s.c.c.EnvConfig.postProcessBeforeInitialization 29 :=========== getURLTestBean
INFO 14:30:05 o.h.e.t.j.p.i.JtaPlatformInitiator.initiateService 52 :HHH000490: Using JtaPlatform implementation: [org.hibernate.engine.transaction.jta.platform.internal.NoJtaPlatform]
INFO 14:30:05 o.s.o.j.LocalContainerEntityManagerFactoryBean.buildNativeEntityManagerFactory 416 :Initialized JPA EntityManagerFactory for persistence unit 'default'
WARN 14:30:05 o.s.b.a.o.j.JpaBaseConfiguration$JpaWebConfiguration.openEntityManagerInViewInterceptor 220 :spring.jpa.open-in-view is enabled by default. Therefore, database queries may be performed during view rendering. Explicitly configure spring.jpa.open-in-view to disable this warning
INFO 14:30:05 o.s.b.a.w.s.WelcomePageHandlerMapping.<init> 54 :Adding welcome page: class path resource [static/index.html]
DEBUG 14:30:06 o.s.d.c.CustomConversions.isSupportedConverter 298 :Adding converter from class java.lang.String to class [B as writing converter.
DEBUG 14:30:06 o.s.d.c.CustomConversions.isSupportedConverter 298 :Adding converter from class [B to class java.lang.String as reading converter.
DEBUG 14:30:06 o.s.d.c.CustomConversions.isSupportedConverter 298 :Adding converter from class java.lang.Number to class [B as writing converter.
DEBUG 14:30:06 o.s.d.c.CustomConversions.isSupportedConverter 298 :Adding converter from class [B to class java.lang.Number as reading converter.
DEBUG 14:30:06 o.s.d.c.CustomConversions.isSupportedConverter 298 :Adding converter from class java.lang.Enum to class [B as writing converter.
DEBUG 14:30:06 o.s.d.c.CustomConversions.isSupportedConverter 298 :Adding converter from class [B to class java.lang.Enum as reading converter.
DEBUG 14:30:06 o.s.d.c.CustomConversions.isSupportedConverter 298 :Adding converter from class java.lang.Boolean to class [B as writing converter.
DEBUG 14:30:06 o.s.d.c.CustomConversions.isSupportedConverter 298 :Adding converter from class [B to class java.lang.Boolean as reading converter.
DEBUG 14:30:06 o.s.d.c.CustomConversions.isSupportedConverter 298 :Adding converter from class java.util.Date to class [B as writing converter.
DEBUG 14:30:06 o.s.d.c.CustomConversions.isSupportedConverter 298 :Adding converter from class [B to class java.util.Date as reading converter.
DEBUG 14:30:06 o.s.d.c.CustomConversions.isSupportedConverter 298 :Adding converter from class java.util.UUID to class [B as writing converter.
DEBUG 14:30:06 o.s.d.c.CustomConversions.isSupportedConverter 298 :Adding converter from class [B to class java.util.UUID as reading converter.
DEBUG 14:30:06 o.s.d.c.CustomConversions.isSupportedConverter 298 :Adding converter from class java.time.LocalDateTime to class [B as writing converter.
DEBUG 14:30:06 o.s.d.c.CustomConversions.isSupportedConverter 298 :Adding converter from class [B to class java.time.LocalDateTime as reading converter.
DEBUG 14:30:06 o.s.d.c.CustomConversions.isSupportedConverter 298 :Adding converter from class java.time.LocalDate to class [B as writing converter.
DEBUG 14:30:06 o.s.d.c.CustomConversions.isSupportedConverter 298 :Adding converter from class [B to class java.time.LocalDate as reading converter.
DEBUG 14:30:06 o.s.d.c.CustomConversions.isSupportedConverter 298 :Adding converter from class java.time.LocalTime to class [B as writing converter.
DEBUG 14:30:06 o.s.d.c.CustomConversions.isSupportedConverter 298 :Adding converter from class [B to class java.time.LocalTime as reading converter.
DEBUG 14:30:06 o.s.d.c.CustomConversions.isSupportedConverter 298 :Adding converter from class java.time.ZonedDateTime to class [B as writing converter.
DEBUG 14:30:06 o.s.d.c.CustomConversions.isSupportedConverter 298 :Adding converter from class [B to class java.time.ZonedDateTime as reading converter.
DEBUG 14:30:06 o.s.d.c.CustomConversions.isSupportedConverter 298 :Adding converter from class java.time.Instant to class [B as writing converter.
DEBUG 14:30:06 o.s.d.c.CustomConversions.isSupportedConverter 298 :Adding converter from class [B to class java.time.Instant as reading converter.
DEBUG 14:30:06 o.s.d.c.CustomConversions.isSupportedConverter 298 :Adding converter from class java.time.ZoneId to class [B as writing converter.
DEBUG 14:30:06 o.s.d.c.CustomConversions.isSupportedConverter 298 :Adding converter from class [B to class java.time.ZoneId as reading converter.
DEBUG 14:30:06 o.s.d.c.CustomConversions.isSupportedConverter 298 :Adding converter from class java.time.Period to class [B as writing converter.
DEBUG 14:30:06 o.s.d.c.CustomConversions.isSupportedConverter 298 :Adding converter from class [B to class java.time.Period as reading converter.
DEBUG 14:30:06 o.s.d.c.CustomConversions.isSupportedConverter 298 :Adding converter from class java.time.Duration to class [B as writing converter.
DEBUG 14:30:06 o.s.d.c.CustomConversions.isSupportedConverter 298 :Adding converter from class [B to class java.time.Duration as reading converter.
DEBUG 14:30:06 o.s.d.c.CustomConversions.isSupportedConverter 298 :Adding converter from class java.util.Date to class java.time.LocalDateTime as reading converter.
DEBUG 14:30:06 o.s.d.c.CustomConversions.isSupportedConverter 298 :Adding converter from class java.time.LocalDateTime to class java.util.Date as writing converter.
DEBUG 14:30:06 o.s.d.c.CustomConversions.isSupportedConverter 298 :Adding converter from class java.util.Date to class java.time.LocalDate as reading converter.
DEBUG 14:30:06 o.s.d.c.CustomConversions.isSupportedConverter 298 :Adding converter from class java.time.LocalDate to class java.util.Date as writing converter.
DEBUG 14:30:06 o.s.d.c.CustomConversions.isSupportedConverter 298 :Adding converter from class java.util.Date to class java.time.LocalTime as reading converter.
DEBUG 14:30:06 o.s.d.c.CustomConversions.isSupportedConverter 298 :Adding converter from class java.time.LocalTime to class java.util.Date as writing converter.
DEBUG 14:30:06 o.s.d.c.CustomConversions.isSupportedConverter 298 :Adding converter from class java.util.Date to class java.time.Instant as reading converter.
DEBUG 14:30:06 o.s.d.c.CustomConversions.isSupportedConverter 298 :Adding converter from class java.time.Instant to class java.util.Date as writing converter.
DEBUG 14:30:06 o.s.d.c.CustomConversions.isSupportedConverter 298 :Adding converter from class java.time.LocalDateTime to class java.time.Instant as reading converter.
DEBUG 14:30:06 o.s.d.c.CustomConversions.isSupportedConverter 298 :Adding converter from class java.time.Instant to class java.time.LocalDateTime as reading converter.
DEBUG 14:30:06 o.s.d.c.CustomConversions.isSupportedConverter 298 :Adding converter from class java.time.ZoneId to class java.lang.String as writing converter.
DEBUG 14:30:06 o.s.d.c.CustomConversions.isSupportedConverter 298 :Adding converter from class java.lang.String to class java.time.ZoneId as reading converter.
DEBUG 14:30:06 o.s.d.c.CustomConversions.isSupportedConverter 298 :Adding converter from class java.time.Duration to class java.lang.String as writing converter.
DEBUG 14:30:06 o.s.d.c.CustomConversions.isSupportedConverter 298 :Adding converter from class java.lang.String to class java.time.Duration as reading converter.
DEBUG 14:30:06 o.s.d.c.CustomConversions.isSupportedConverter 298 :Adding converter from class java.time.Period to class java.lang.String as writing converter.
DEBUG 14:30:06 o.s.d.c.CustomConversions.isSupportedConverter 298 :Adding converter from class java.lang.String to class java.time.Period as reading converter.
DEBUG 14:30:06 o.s.d.c.CustomConversions.isSupportedConverter 298 :Adding converter from class java.lang.String to class java.time.LocalDate as reading converter.
DEBUG 14:30:06 o.s.d.c.CustomConversions.isSupportedConverter 298 :Adding converter from class java.lang.String to class java.time.LocalDateTime as reading converter.
DEBUG 14:30:06 o.s.d.c.CustomConversions.isSupportedConverter 298 :Adding converter from class java.lang.String to class java.time.Instant as reading converter.
DEBUG 14:30:06 o.s.d.c.CustomConversions.isSupportedConverter 298 :Adding converter from class java.lang.String to class [B as writing converter.
DEBUG 14:30:06 o.s.d.c.CustomConversions.isSupportedConverter 298 :Adding converter from class [B to class java.lang.String as reading converter.
DEBUG 14:30:06 o.s.d.c.CustomConversions.isSupportedConverter 298 :Adding converter from class java.lang.Number to class [B as writing converter.
DEBUG 14:30:06 o.s.d.c.CustomConversions.isSupportedConverter 298 :Adding converter from class [B to class java.lang.Number as reading converter.
DEBUG 14:30:06 o.s.d.c.CustomConversions.isSupportedConverter 298 :Adding converter from class java.lang.Enum to class [B as writing converter.
DEBUG 14:30:06 o.s.d.c.CustomConversions.isSupportedConverter 298 :Adding converter from class [B to class java.lang.Enum as reading converter.
DEBUG 14:30:06 o.s.d.c.CustomConversions.isSupportedConverter 298 :Adding converter from class java.lang.Boolean to class [B as writing converter.
DEBUG 14:30:06 o.s.d.c.CustomConversions.isSupportedConverter 298 :Adding converter from class [B to class java.lang.Boolean as reading converter.
DEBUG 14:30:06 o.s.d.c.CustomConversions.isSupportedConverter 298 :Adding converter from class java.util.Date to class [B as writing converter.
DEBUG 14:30:06 o.s.d.c.CustomConversions.isSupportedConverter 298 :Adding converter from class [B to class java.util.Date as reading converter.
DEBUG 14:30:06 o.s.d.c.CustomConversions.isSupportedConverter 298 :Adding converter from class java.util.UUID to class [B as writing converter.
DEBUG 14:30:06 o.s.d.c.CustomConversions.isSupportedConverter 298 :Adding converter from class [B to class java.util.UUID as reading converter.
DEBUG 14:30:06 o.s.d.c.CustomConversions.isSupportedConverter 298 :Adding converter from class java.time.LocalDateTime to class [B as writing converter.
DEBUG 14:30:06 o.s.d.c.CustomConversions.isSupportedConverter 298 :Adding converter from class [B to class java.time.LocalDateTime as reading converter.
DEBUG 14:30:06 o.s.d.c.CustomConversions.isSupportedConverter 298 :Adding converter from class java.time.LocalDate to class [B as writing converter.
DEBUG 14:30:06 o.s.d.c.CustomConversions.isSupportedConverter 298 :Adding converter from class [B to class java.time.LocalDate as reading converter.
DEBUG 14:30:06 o.s.d.c.CustomConversions.isSupportedConverter 298 :Adding converter from class java.time.LocalTime to class [B as writing converter.
DEBUG 14:30:06 o.s.d.c.CustomConversions.isSupportedConverter 298 :Adding converter from class [B to class java.time.LocalTime as reading converter.
DEBUG 14:30:06 o.s.d.c.CustomConversions.isSupportedConverter 298 :Adding converter from class java.time.ZonedDateTime to class [B as writing converter.
DEBUG 14:30:06 o.s.d.c.CustomConversions.isSupportedConverter 298 :Adding converter from class [B to class java.time.ZonedDateTime as reading converter.
DEBUG 14:30:06 o.s.d.c.CustomConversions.isSupportedConverter 298 :Adding converter from class java.time.Instant to class [B as writing converter.
DEBUG 14:30:06 o.s.d.c.CustomConversions.isSupportedConverter 298 :Adding converter from class [B to class java.time.Instant as reading converter.
DEBUG 14:30:06 o.s.d.c.CustomConversions.isSupportedConverter 298 :Adding converter from class java.time.ZoneId to class [B as writing converter.
DEBUG 14:30:06 o.s.d.c.CustomConversions.isSupportedConverter 298 :Adding converter from class [B to class java.time.ZoneId as reading converter.
DEBUG 14:30:06 o.s.d.c.CustomConversions.isSupportedConverter 298 :Adding converter from class java.time.Period to class [B as writing converter.
DEBUG 14:30:06 o.s.d.c.CustomConversions.isSupportedConverter 298 :Adding converter from class [B to class java.time.Period as reading converter.
DEBUG 14:30:06 o.s.d.c.CustomConversions.isSupportedConverter 298 :Adding converter from class java.time.Duration to class [B as writing converter.
DEBUG 14:30:06 o.s.d.c.CustomConversions.isSupportedConverter 298 :Adding converter from class [B to class java.time.Duration as reading converter.
DEBUG 14:30:06 o.s.d.c.CustomConversions.isSupportedConverter 298 :Adding converter from class java.util.Date to class java.time.LocalDateTime as reading converter.
DEBUG 14:30:06 o.s.d.c.CustomConversions.isSupportedConverter 298 :Adding converter from class java.time.LocalDateTime to class java.util.Date as writing converter.
DEBUG 14:30:06 o.s.d.c.CustomConversions.isSupportedConverter 298 :Adding converter from class java.util.Date to class java.time.LocalDate as reading converter.
DEBUG 14:30:06 o.s.d.c.CustomConversions.isSupportedConverter 298 :Adding converter from class java.time.LocalDate to class java.util.Date as writing converter.
DEBUG 14:30:06 o.s.d.c.CustomConversions.isSupportedConverter 298 :Adding converter from class java.util.Date to class java.time.LocalTime as reading converter.
DEBUG 14:30:06 o.s.d.c.CustomConversions.isSupportedConverter 298 :Adding converter from class java.time.LocalTime to class java.util.Date as writing converter.
DEBUG 14:30:06 o.s.d.c.CustomConversions.isSupportedConverter 298 :Adding converter from class java.util.Date to class java.time.Instant as reading converter.
DEBUG 14:30:06 o.s.d.c.CustomConversions.isSupportedConverter 298 :Adding converter from class java.time.Instant to class java.util.Date as writing converter.
DEBUG 14:30:06 o.s.d.c.CustomConversions.isSupportedConverter 298 :Adding converter from class java.time.LocalDateTime to class java.time.Instant as reading converter.
DEBUG 14:30:06 o.s.d.c.CustomConversions.isSupportedConverter 298 :Adding converter from class java.time.Instant to class java.time.LocalDateTime as reading converter.
DEBUG 14:30:06 o.s.d.c.CustomConversions.isSupportedConverter 298 :Adding converter from class java.time.ZoneId to class java.lang.String as writing converter.
DEBUG 14:30:06 o.s.d.c.CustomConversions.isSupportedConverter 298 :Adding converter from class java.lang.String to class java.time.ZoneId as reading converter.
DEBUG 14:30:06 o.s.d.c.CustomConversions.isSupportedConverter 298 :Adding converter from class java.time.Duration to class java.lang.String as writing converter.
DEBUG 14:30:06 o.s.d.c.CustomConversions.isSupportedConverter 298 :Adding converter from class java.lang.String to class java.time.Duration as reading converter.
DEBUG 14:30:06 o.s.d.c.CustomConversions.isSupportedConverter 298 :Adding converter from class java.time.Period to class java.lang.String as writing converter.
DEBUG 14:30:06 o.s.d.c.CustomConversions.isSupportedConverter 298 :Adding converter from class java.lang.String to class java.time.Period as reading converter.
DEBUG 14:30:06 o.s.d.c.CustomConversions.isSupportedConverter 298 :Adding converter from class java.lang.String to class java.time.LocalDate as reading converter.
DEBUG 14:30:06 o.s.d.c.CustomConversions.isSupportedConverter 298 :Adding converter from class java.lang.String to class java.time.LocalDateTime as reading converter.
DEBUG 14:30:06 o.s.d.c.CustomConversions.isSupportedConverter 298 :Adding converter from class java.lang.String to class java.time.Instant as reading converter.
DEBUG 14:30:06 o.s.d.c.CustomConversions.isSupportedConverter 298 :Adding converter from class java.lang.String to class [B as writing converter.
DEBUG 14:30:06 o.s.d.c.CustomConversions.isSupportedConverter 298 :Adding converter from class [B to class java.lang.String as reading converter.
DEBUG 14:30:06 o.s.d.c.CustomConversions.isSupportedConverter 298 :Adding converter from class java.lang.Number to class [B as writing converter.
DEBUG 14:30:06 o.s.d.c.CustomConversions.isSupportedConverter 298 :Adding converter from class [B to class java.lang.Number as reading converter.
DEBUG 14:30:06 o.s.d.c.CustomConversions.isSupportedConverter 298 :Adding converter from class java.lang.Enum to class [B as writing converter.
DEBUG 14:30:06 o.s.d.c.CustomConversions.isSupportedConverter 298 :Adding converter from class [B to class java.lang.Enum as reading converter.
DEBUG 14:30:06 o.s.d.c.CustomConversions.isSupportedConverter 298 :Adding converter from class java.lang.Boolean to class [B as writing converter.
DEBUG 14:30:06 o.s.d.c.CustomConversions.isSupportedConverter 298 :Adding converter from class [B to class java.lang.Boolean as reading converter.
DEBUG 14:30:06 o.s.d.c.CustomConversions.isSupportedConverter 298 :Adding converter from class java.util.Date to class [B as writing converter.
DEBUG 14:30:06 o.s.d.c.CustomConversions.isSupportedConverter 298 :Adding converter from class [B to class java.util.Date as reading converter.
DEBUG 14:30:06 o.s.d.c.CustomConversions.isSupportedConverter 298 :Adding converter from class java.util.UUID to class [B as writing converter.
DEBUG 14:30:06 o.s.d.c.CustomConversions.isSupportedConverter 298 :Adding converter from class [B to class java.util.UUID as reading converter.
DEBUG 14:30:06 o.s.d.c.CustomConversions.isSupportedConverter 298 :Adding converter from class java.time.LocalDateTime to class [B as writing converter.
DEBUG 14:30:06 o.s.d.c.CustomConversions.isSupportedConverter 298 :Adding converter from class [B to class java.time.LocalDateTime as reading converter.
DEBUG 14:30:06 o.s.d.c.CustomConversions.isSupportedConverter 298 :Adding converter from class java.time.LocalDate to class [B as writing converter.
DEBUG 14:30:06 o.s.d.c.CustomConversions.isSupportedConverter 298 :Adding converter from class [B to class java.time.LocalDate as reading converter.
DEBUG 14:30:06 o.s.d.c.CustomConversions.isSupportedConverter 298 :Adding converter from class java.time.LocalTime to class [B as writing converter.
DEBUG 14:30:06 o.s.d.c.CustomConversions.isSupportedConverter 298 :Adding converter from class [B to class java.time.LocalTime as reading converter.
DEBUG 14:30:06 o.s.d.c.CustomConversions.isSupportedConverter 298 :Adding converter from class java.time.ZonedDateTime to class [B as writing converter.
DEBUG 14:30:06 o.s.d.c.CustomConversions.isSupportedConverter 298 :Adding converter from class [B to class java.time.ZonedDateTime as reading converter.
DEBUG 14:30:06 o.s.d.c.CustomConversions.isSupportedConverter 298 :Adding converter from class java.time.Instant to class [B as writing converter.
DEBUG 14:30:06 o.s.d.c.CustomConversions.isSupportedConverter 298 :Adding converter from class [B to class java.time.Instant as reading converter.
DEBUG 14:30:06 o.s.d.c.CustomConversions.isSupportedConverter 298 :Adding converter from class java.time.ZoneId to class [B as writing converter.
DEBUG 14:30:06 o.s.d.c.CustomConversions.isSupportedConverter 298 :Adding converter from class [B to class java.time.ZoneId as reading converter.
DEBUG 14:30:06 o.s.d.c.CustomConversions.isSupportedConverter 298 :Adding converter from class java.time.Period to class [B as writing converter.
DEBUG 14:30:06 o.s.d.c.CustomConversions.isSupportedConverter 298 :Adding converter from class [B to class java.time.Period as reading converter.
DEBUG 14:30:06 o.s.d.c.CustomConversions.isSupportedConverter 298 :Adding converter from class java.time.Duration to class [B as writing converter.
DEBUG 14:30:06 o.s.d.c.CustomConversions.isSupportedConverter 298 :Adding converter from class [B to class java.time.Duration as reading converter.
DEBUG 14:30:06 o.s.d.c.CustomConversions.isSupportedConverter 298 :Adding converter from class java.util.Date to class java.time.LocalDateTime as reading converter.
DEBUG 14:30:06 o.s.d.c.CustomConversions.isSupportedConverter 298 :Adding converter from class java.time.LocalDateTime to class java.util.Date as writing converter.
DEBUG 14:30:06 o.s.d.c.CustomConversions.isSupportedConverter 298 :Adding converter from class java.util.Date to class java.time.LocalDate as reading converter.
DEBUG 14:30:06 o.s.d.c.CustomConversions.isSupportedConverter 298 :Adding converter from class java.time.LocalDate to class java.util.Date as writing converter.
DEBUG 14:30:06 o.s.d.c.CustomConversions.isSupportedConverter 298 :Adding converter from class java.util.Date to class java.time.LocalTime as reading converter.
DEBUG 14:30:06 o.s.d.c.CustomConversions.isSupportedConverter 298 :Adding converter from class java.time.LocalTime to class java.util.Date as writing converter.
DEBUG 14:30:06 o.s.d.c.CustomConversions.isSupportedConverter 298 :Adding converter from class java.util.Date to class java.time.Instant as reading converter.
DEBUG 14:30:06 o.s.d.c.CustomConversions.isSupportedConverter 298 :Adding converter from class java.time.Instant to class java.util.Date as writing converter.
DEBUG 14:30:06 o.s.d.c.CustomConversions.isSupportedConverter 298 :Adding converter from class java.time.LocalDateTime to class java.time.Instant as reading converter.
DEBUG 14:30:06 o.s.d.c.CustomConversions.isSupportedConverter 298 :Adding converter from class java.time.Instant to class java.time.LocalDateTime as reading converter.
DEBUG 14:30:06 o.s.d.c.CustomConversions.isSupportedConverter 298 :Adding converter from class java.time.ZoneId to class java.lang.String as writing converter.
DEBUG 14:30:06 o.s.d.c.CustomConversions.isSupportedConverter 298 :Adding converter from class java.lang.String to class java.time.ZoneId as reading converter.
DEBUG 14:30:06 o.s.d.c.CustomConversions.isSupportedConverter 298 :Adding converter from class java.time.Duration to class java.lang.String as writing converter.
DEBUG 14:30:06 o.s.d.c.CustomConversions.isSupportedConverter 298 :Adding converter from class java.lang.String to class java.time.Duration as reading converter.
DEBUG 14:30:06 o.s.d.c.CustomConversions.isSupportedConverter 298 :Adding converter from class java.time.Period to class java.lang.String as writing converter.
DEBUG 14:30:06 o.s.d.c.CustomConversions.isSupportedConverter 298 :Adding converter from class java.lang.String to class java.time.Period as reading converter.
DEBUG 14:30:06 o.s.d.c.CustomConversions.isSupportedConverter 298 :Adding converter from class java.lang.String to class java.time.LocalDate as reading converter.
DEBUG 14:30:06 o.s.d.c.CustomConversions.isSupportedConverter 298 :Adding converter from class java.lang.String to class java.time.LocalDateTime as reading converter.
DEBUG 14:30:06 o.s.d.c.CustomConversions.isSupportedConverter 298 :Adding converter from class java.lang.String to class java.time.Instant as reading converter.
DEBUG 14:30:06 o.s.d.c.CustomConversions.isSupportedConverter 298 :Adding converter from class java.lang.String to class [B as writing converter.
DEBUG 14:30:06 o.s.d.c.CustomConversions.isSupportedConverter 298 :Adding converter from class [B to class java.lang.String as reading converter.
DEBUG 14:30:06 o.s.d.c.CustomConversions.isSupportedConverter 298 :Adding converter from class java.lang.Number to class [B as writing converter.
DEBUG 14:30:06 o.s.d.c.CustomConversions.isSupportedConverter 298 :Adding converter from class [B to class java.lang.Number as reading converter.
DEBUG 14:30:06 o.s.d.c.CustomConversions.isSupportedConverter 298 :Adding converter from class java.lang.Enum to class [B as writing converter.
DEBUG 14:30:06 o.s.d.c.CustomConversions.isSupportedConverter 298 :Adding converter from class [B to class java.lang.Enum as reading converter.
DEBUG 14:30:06 o.s.d.c.CustomConversions.isSupportedConverter 298 :Adding converter from class java.lang.Boolean to class [B as writing converter.
DEBUG 14:30:06 o.s.d.c.CustomConversions.isSupportedConverter 298 :Adding converter from class [B to class java.lang.Boolean as reading converter.
DEBUG 14:30:06 o.s.d.c.CustomConversions.isSupportedConverter 298 :Adding converter from class java.util.Date to class [B as writing converter.
DEBUG 14:30:06 o.s.d.c.CustomConversions.isSupportedConverter 298 :Adding converter from class [B to class java.util.Date as reading converter.
DEBUG 14:30:06 o.s.d.c.CustomConversions.isSupportedConverter 298 :Adding converter from class java.util.UUID to class [B as writing converter.
DEBUG 14:30:06 o.s.d.c.CustomConversions.isSupportedConverter 298 :Adding converter from class [B to class java.util.UUID as reading converter.
DEBUG 14:30:06 o.s.d.c.CustomConversions.isSupportedConverter 298 :Adding converter from class java.time.LocalDateTime to class [B as writing converter.
DEBUG 14:30:06 o.s.d.c.CustomConversions.isSupportedConverter 298 :Adding converter from class [B to class java.time.LocalDateTime as reading converter.
DEBUG 14:30:06 o.s.d.c.CustomConversions.isSupportedConverter 298 :Adding converter from class java.time.LocalDate to class [B as writing converter.
DEBUG 14:30:06 o.s.d.c.CustomConversions.isSupportedConverter 298 :Adding converter from class [B to class java.time.LocalDate as reading converter.
DEBUG 14:30:06 o.s.d.c.CustomConversions.isSupportedConverter 298 :Adding converter from class java.time.LocalTime to class [B as writing converter.
DEBUG 14:30:06 o.s.d.c.CustomConversions.isSupportedConverter 298 :Adding converter from class [B to class java.time.LocalTime as reading converter.
DEBUG 14:30:06 o.s.d.c.CustomConversions.isSupportedConverter 298 :Adding converter from class java.time.ZonedDateTime to class [B as writing converter.
DEBUG 14:30:06 o.s.d.c.CustomConversions.isSupportedConverter 298 :Adding converter from class [B to class java.time.ZonedDateTime as reading converter.
DEBUG 14:30:06 o.s.d.c.CustomConversions.isSupportedConverter 298 :Adding converter from class java.time.Instant to class [B as writing converter.
DEBUG 14:30:06 o.s.d.c.CustomConversions.isSupportedConverter 298 :Adding converter from class [B to class java.time.Instant as reading converter.
DEBUG 14:30:06 o.s.d.c.CustomConversions.isSupportedConverter 298 :Adding converter from class java.time.ZoneId to class [B as writing converter.
DEBUG 14:30:06 o.s.d.c.CustomConversions.isSupportedConverter 298 :Adding converter from class [B to class java.time.ZoneId as reading converter.
DEBUG 14:30:06 o.s.d.c.CustomConversions.isSupportedConverter 298 :Adding converter from class java.time.Period to class [B as writing converter.
DEBUG 14:30:06 o.s.d.c.CustomConversions.isSupportedConverter 298 :Adding converter from class [B to class java.time.Period as reading converter.
DEBUG 14:30:06 o.s.d.c.CustomConversions.isSupportedConverter 298 :Adding converter from class java.time.Duration to class [B as writing converter.
DEBUG 14:30:06 o.s.d.c.CustomConversions.isSupportedConverter 298 :Adding converter from class [B to class java.time.Duration as reading converter.
DEBUG 14:30:06 o.s.d.c.CustomConversions.isSupportedConverter 298 :Adding converter from class java.util.Date to class java.time.LocalDateTime as reading converter.
DEBUG 14:30:06 o.s.d.c.CustomConversions.isSupportedConverter 298 :Adding converter from class java.time.LocalDateTime to class java.util.Date as writing converter.
DEBUG 14:30:06 o.s.d.c.CustomConversions.isSupportedConverter 298 :Adding converter from class java.util.Date to class java.time.LocalDate as reading converter.
DEBUG 14:30:06 o.s.d.c.CustomConversions.isSupportedConverter 298 :Adding converter from class java.time.LocalDate to class java.util.Date as writing converter.
DEBUG 14:30:06 o.s.d.c.CustomConversions.isSupportedConverter 298 :Adding converter from class java.util.Date to class java.time.LocalTime as reading converter.
DEBUG 14:30:06 o.s.d.c.CustomConversions.isSupportedConverter 298 :Adding converter from class java.time.LocalTime to class java.util.Date as writing converter.
DEBUG 14:30:06 o.s.d.c.CustomConversions.isSupportedConverter 298 :Adding converter from class java.util.Date to class java.time.Instant as reading converter.
DEBUG 14:30:06 o.s.d.c.CustomConversions.isSupportedConverter 298 :Adding converter from class java.time.Instant to class java.util.Date as writing converter.
DEBUG 14:30:06 o.s.d.c.CustomConversions.isSupportedConverter 298 :Adding converter from class java.time.LocalDateTime to class java.time.Instant as reading converter.
DEBUG 14:30:06 o.s.d.c.CustomConversions.isSupportedConverter 298 :Adding converter from class java.time.Instant to class java.time.LocalDateTime as reading converter.
DEBUG 14:30:06 o.s.d.c.CustomConversions.isSupportedConverter 298 :Adding converter from class java.time.ZoneId to class java.lang.String as writing converter.
DEBUG 14:30:06 o.s.d.c.CustomConversions.isSupportedConverter 298 :Adding converter from class java.lang.String to class java.time.ZoneId as reading converter.
DEBUG 14:30:06 o.s.d.c.CustomConversions.isSupportedConverter 298 :Adding converter from class java.time.Duration to class java.lang.String as writing converter.
DEBUG 14:30:06 o.s.d.c.CustomConversions.isSupportedConverter 298 :Adding converter from class java.lang.String to class java.time.Duration as reading converter.
DEBUG 14:30:06 o.s.d.c.CustomConversions.isSupportedConverter 298 :Adding converter from class java.time.Period to class java.lang.String as writing converter.
DEBUG 14:30:06 o.s.d.c.CustomConversions.isSupportedConverter 298 :Adding converter from class java.lang.String to class java.time.Period as reading converter.
DEBUG 14:30:06 o.s.d.c.CustomConversions.isSupportedConverter 298 :Adding converter from class java.lang.String to class java.time.LocalDate as reading converter.
DEBUG 14:30:06 o.s.d.c.CustomConversions.isSupportedConverter 298 :Adding converter from class java.lang.String to class java.time.LocalDateTime as reading converter.
DEBUG 14:30:06 o.s.d.c.CustomConversions.isSupportedConverter 298 :Adding converter from class java.lang.String to class java.time.Instant as reading converter.
DEBUG 14:30:06 o.s.d.c.CustomConversions.isSupportedConverter 298 :Adding converter from class java.lang.String to class [B as writing converter.
DEBUG 14:30:06 o.s.d.c.CustomConversions.isSupportedConverter 298 :Adding converter from class [B to class java.lang.String as reading converter.
DEBUG 14:30:06 o.s.d.c.CustomConversions.isSupportedConverter 298 :Adding converter from class java.lang.Number to class [B as writing converter.
DEBUG 14:30:06 o.s.d.c.CustomConversions.isSupportedConverter 298 :Adding converter from class [B to class java.lang.Number as reading converter.
DEBUG 14:30:06 o.s.d.c.CustomConversions.isSupportedConverter 298 :Adding converter from class java.lang.Enum to class [B as writing converter.
DEBUG 14:30:06 o.s.d.c.CustomConversions.isSupportedConverter 298 :Adding converter from class [B to class java.lang.Enum as reading converter.
DEBUG 14:30:06 o.s.d.c.CustomConversions.isSupportedConverter 298 :Adding converter from class java.lang.Boolean to class [B as writing converter.
DEBUG 14:30:06 o.s.d.c.CustomConversions.isSupportedConverter 298 :Adding converter from class [B to class java.lang.Boolean as reading converter.
DEBUG 14:30:06 o.s.d.c.CustomConversions.isSupportedConverter 298 :Adding converter from class java.util.Date to class [B as writing converter.
DEBUG 14:30:06 o.s.d.c.CustomConversions.isSupportedConverter 298 :Adding converter from class [B to class java.util.Date as reading converter.
DEBUG 14:30:06 o.s.d.c.CustomConversions.isSupportedConverter 298 :Adding converter from class java.util.UUID to class [B as writing converter.
DEBUG 14:30:06 o.s.d.c.CustomConversions.isSupportedConverter 298 :Adding converter from class [B to class java.util.UUID as reading converter.
DEBUG 14:30:06 o.s.d.c.CustomConversions.isSupportedConverter 298 :Adding converter from class java.time.LocalDateTime to class [B as writing converter.
DEBUG 14:30:06 o.s.d.c.CustomConversions.isSupportedConverter 298 :Adding converter from class [B to class java.time.LocalDateTime as reading converter.
DEBUG 14:30:06 o.s.d.c.CustomConversions.isSupportedConverter 298 :Adding converter from class java.time.LocalDate to class [B as writing converter.
DEBUG 14:30:06 o.s.d.c.CustomConversions.isSupportedConverter 298 :Adding converter from class [B to class java.time.LocalDate as reading converter.
DEBUG 14:30:06 o.s.d.c.CustomConversions.isSupportedConverter 298 :Adding converter from class java.time.LocalTime to class [B as writing converter.
DEBUG 14:30:06 o.s.d.c.CustomConversions.isSupportedConverter 298 :Adding converter from class [B to class java.time.LocalTime as reading converter.
DEBUG 14:30:06 o.s.d.c.CustomConversions.isSupportedConverter 298 :Adding converter from class java.time.ZonedDateTime to class [B as writing converter.
DEBUG 14:30:06 o.s.d.c.CustomConversions.isSupportedConverter 298 :Adding converter from class [B to class java.time.ZonedDateTime as reading converter.
DEBUG 14:30:06 o.s.d.c.CustomConversions.isSupportedConverter 298 :Adding converter from class java.time.Instant to class [B as writing converter.
DEBUG 14:30:06 o.s.d.c.CustomConversions.isSupportedConverter 298 :Adding converter from class [B to class java.time.Instant as reading converter.
DEBUG 14:30:06 o.s.d.c.CustomConversions.isSupportedConverter 298 :Adding converter from class java.time.ZoneId to class [B as writing converter.
DEBUG 14:30:06 o.s.d.c.CustomConversions.isSupportedConverter 298 :Adding converter from class [B to class java.time.ZoneId as reading converter.
DEBUG 14:30:06 o.s.d.c.CustomConversions.isSupportedConverter 298 :Adding converter from class java.time.Period to class [B as writing converter.
DEBUG 14:30:06 o.s.d.c.CustomConversions.isSupportedConverter 298 :Adding converter from class [B to class java.time.Period as reading converter.
DEBUG 14:30:06 o.s.d.c.CustomConversions.isSupportedConverter 298 :Adding converter from class java.time.Duration to class [B as writing converter.
DEBUG 14:30:06 o.s.d.c.CustomConversions.isSupportedConverter 298 :Adding converter from class [B to class java.time.Duration as reading converter.
DEBUG 14:30:06 o.s.d.c.CustomConversions.isSupportedConverter 298 :Adding converter from class java.util.Date to class java.time.LocalDateTime as reading converter.
DEBUG 14:30:06 o.s.d.c.CustomConversions.isSupportedConverter 298 :Adding converter from class java.time.LocalDateTime to class java.util.Date as writing converter.
DEBUG 14:30:06 o.s.d.c.CustomConversions.isSupportedConverter 298 :Adding converter from class java.util.Date to class java.time.LocalDate as reading converter.
DEBUG 14:30:06 o.s.d.c.CustomConversions.isSupportedConverter 298 :Adding converter from class java.time.LocalDate to class java.util.Date as writing converter.
DEBUG 14:30:06 o.s.d.c.CustomConversions.isSupportedConverter 298 :Adding converter from class java.util.Date to class java.time.LocalTime as reading converter.
DEBUG 14:30:06 o.s.d.c.CustomConversions.isSupportedConverter 298 :Adding converter from class java.time.LocalTime to class java.util.Date as writing converter.
DEBUG 14:30:06 o.s.d.c.CustomConversions.isSupportedConverter 298 :Adding converter from class java.util.Date to class java.time.Instant as reading converter.
DEBUG 14:30:06 o.s.d.c.CustomConversions.isSupportedConverter 298 :Adding converter from class java.time.Instant to class java.util.Date as writing converter.
DEBUG 14:30:06 o.s.d.c.CustomConversions.isSupportedConverter 298 :Adding converter from class java.time.LocalDateTime to class java.time.Instant as reading converter.
DEBUG 14:30:06 o.s.d.c.CustomConversions.isSupportedConverter 298 :Adding converter from class java.time.Instant to class java.time.LocalDateTime as reading converter.
DEBUG 14:30:06 o.s.d.c.CustomConversions.isSupportedConverter 298 :Adding converter from class java.time.ZoneId to class java.lang.String as writing converter.
DEBUG 14:30:06 o.s.d.c.CustomConversions.isSupportedConverter 298 :Adding converter from class java.lang.String to class java.time.ZoneId as reading converter.
DEBUG 14:30:06 o.s.d.c.CustomConversions.isSupportedConverter 298 :Adding converter from class java.time.Duration to class java.lang.String as writing converter.
DEBUG 14:30:06 o.s.d.c.CustomConversions.isSupportedConverter 298 :Adding converter from class java.lang.String to class java.time.Duration as reading converter.
DEBUG 14:30:06 o.s.d.c.CustomConversions.isSupportedConverter 298 :Adding converter from class java.time.Period to class java.lang.String as writing converter.
DEBUG 14:30:06 o.s.d.c.CustomConversions.isSupportedConverter 298 :Adding converter from class java.lang.String to class java.time.Period as reading converter.
DEBUG 14:30:06 o.s.d.c.CustomConversions.isSupportedConverter 298 :Adding converter from class java.lang.String to class java.time.LocalDate as reading converter.
DEBUG 14:30:06 o.s.d.c.CustomConversions.isSupportedConverter 298 :Adding converter from class java.lang.String to class java.time.LocalDateTime as reading converter.
DEBUG 14:30:06 o.s.d.c.CustomConversions.isSupportedConverter 298 :Adding converter from class java.lang.String to class java.time.Instant as reading converter.
DEBUG 14:30:06 o.s.d.c.CustomConversions.isSupportedConverter 298 :Adding converter from class java.lang.String to class [B as writing converter.
DEBUG 14:30:06 o.s.d.c.CustomConversions.isSupportedConverter 298 :Adding converter from class [B to class java.lang.String as reading converter.
DEBUG 14:30:06 o.s.d.c.CustomConversions.isSupportedConverter 298 :Adding converter from class java.lang.Number to class [B as writing converter.
DEBUG 14:30:06 o.s.d.c.CustomConversions.isSupportedConverter 298 :Adding converter from class [B to class java.lang.Number as reading converter.
DEBUG 14:30:06 o.s.d.c.CustomConversions.isSupportedConverter 298 :Adding converter from class java.lang.Enum to class [B as writing converter.
DEBUG 14:30:06 o.s.d.c.CustomConversions.isSupportedConverter 298 :Adding converter from class [B to class java.lang.Enum as reading converter.
DEBUG 14:30:06 o.s.d.c.CustomConversions.isSupportedConverter 298 :Adding converter from class java.lang.Boolean to class [B as writing converter.
DEBUG 14:30:06 o.s.d.c.CustomConversions.isSupportedConverter 298 :Adding converter from class [B to class java.lang.Boolean as reading converter.
DEBUG 14:30:06 o.s.d.c.CustomConversions.isSupportedConverter 298 :Adding converter from class java.util.Date to class [B as writing converter.
DEBUG 14:30:06 o.s.d.c.CustomConversions.isSupportedConverter 298 :Adding converter from class [B to class java.util.Date as reading converter.
DEBUG 14:30:06 o.s.d.c.CustomConversions.isSupportedConverter 298 :Adding converter from class java.util.UUID to class [B as writing converter.
DEBUG 14:30:06 o.s.d.c.CustomConversions.isSupportedConverter 298 :Adding converter from class [B to class java.util.UUID as reading converter.
DEBUG 14:30:06 o.s.d.c.CustomConversions.isSupportedConverter 298 :Adding converter from class java.time.LocalDateTime to class [B as writing converter.
DEBUG 14:30:06 o.s.d.c.CustomConversions.isSupportedConverter 298 :Adding converter from class [B to class java.time.LocalDateTime as reading converter.
DEBUG 14:30:06 o.s.d.c.CustomConversions.isSupportedConverter 298 :Adding converter from class java.time.LocalDate to class [B as writing converter.
DEBUG 14:30:06 o.s.d.c.CustomConversions.isSupportedConverter 298 :Adding converter from class [B to class java.time.LocalDate as reading converter.
DEBUG 14:30:06 o.s.d.c.CustomConversions.isSupportedConverter 298 :Adding converter from class java.time.LocalTime to class [B as writing converter.
DEBUG 14:30:06 o.s.d.c.CustomConversions.isSupportedConverter 298 :Adding converter from class [B to class java.time.LocalTime as reading converter.
DEBUG 14:30:06 o.s.d.c.CustomConversions.isSupportedConverter 298 :Adding converter from class java.time.ZonedDateTime to class [B as writing converter.
DEBUG 14:30:06 o.s.d.c.CustomConversions.isSupportedConverter 298 :Adding converter from class [B to class java.time.ZonedDateTime as reading converter.
DEBUG 14:30:06 o.s.d.c.CustomConversions.isSupportedConverter 298 :Adding converter from class java.time.Instant to class [B as writing converter.
DEBUG 14:30:06 o.s.d.c.CustomConversions.isSupportedConverter 298 :Adding converter from class [B to class java.time.Instant as reading converter.
DEBUG 14:30:06 o.s.d.c.CustomConversions.isSupportedConverter 298 :Adding converter from class java.time.ZoneId to class [B as writing converter.
DEBUG 14:30:06 o.s.d.c.CustomConversions.isSupportedConverter 298 :Adding converter from class [B to class java.time.ZoneId as reading converter.
DEBUG 14:30:06 o.s.d.c.CustomConversions.isSupportedConverter 298 :Adding converter from class java.time.Period to class [B as writing converter.
DEBUG 14:30:06 o.s.d.c.CustomConversions.isSupportedConverter 298 :Adding converter from class [B to class java.time.Period as reading converter.
DEBUG 14:30:06 o.s.d.c.CustomConversions.isSupportedConverter 298 :Adding converter from class java.time.Duration to class [B as writing converter.
DEBUG 14:30:06 o.s.d.c.CustomConversions.isSupportedConverter 298 :Adding converter from class [B to class java.time.Duration as reading converter.
DEBUG 14:30:06 o.s.d.c.CustomConversions.isSupportedConverter 298 :Adding converter from class java.util.Date to class java.time.LocalDateTime as reading converter.
DEBUG 14:30:06 o.s.d.c.CustomConversions.isSupportedConverter 298 :Adding converter from class java.time.LocalDateTime to class java.util.Date as writing converter.
DEBUG 14:30:06 o.s.d.c.CustomConversions.isSupportedConverter 298 :Adding converter from class java.util.Date to class java.time.LocalDate as reading converter.
DEBUG 14:30:06 o.s.d.c.CustomConversions.isSupportedConverter 298 :Adding converter from class java.time.LocalDate to class java.util.Date as writing converter.
DEBUG 14:30:06 o.s.d.c.CustomConversions.isSupportedConverter 298 :Adding converter from class java.util.Date to class java.time.LocalTime as reading converter.
DEBUG 14:30:06 o.s.d.c.CustomConversions.isSupportedConverter 298 :Adding converter from class java.time.LocalTime to class java.util.Date as writing converter.
DEBUG 14:30:06 o.s.d.c.CustomConversions.isSupportedConverter 298 :Adding converter from class java.util.Date to class java.time.Instant as reading converter.
DEBUG 14:30:06 o.s.d.c.CustomConversions.isSupportedConverter 298 :Adding converter from class java.time.Instant to class java.util.Date as writing converter.
DEBUG 14:30:06 o.s.d.c.CustomConversions.isSupportedConverter 298 :Adding converter from class java.time.LocalDateTime to class java.time.Instant as reading converter.
DEBUG 14:30:06 o.s.d.c.CustomConversions.isSupportedConverter 298 :Adding converter from class java.time.Instant to class java.time.LocalDateTime as reading converter.
DEBUG 14:30:06 o.s.d.c.CustomConversions.isSupportedConverter 298 :Adding converter from class java.time.ZoneId to class java.lang.String as writing converter.
DEBUG 14:30:06 o.s.d.c.CustomConversions.isSupportedConverter 298 :Adding converter from class java.lang.String to class java.time.ZoneId as reading converter.
DEBUG 14:30:06 o.s.d.c.CustomConversions.isSupportedConverter 298 :Adding converter from class java.time.Duration to class java.lang.String as writing converter.
DEBUG 14:30:06 o.s.d.c.CustomConversions.isSupportedConverter 298 :Adding converter from class java.lang.String to class java.time.Duration as reading converter.
DEBUG 14:30:06 o.s.d.c.CustomConversions.isSupportedConverter 298 :Adding converter from class java.time.Period to class java.lang.String as writing converter.
DEBUG 14:30:06 o.s.d.c.CustomConversions.isSupportedConverter 298 :Adding converter from class java.lang.String to class java.time.Period as reading converter.
DEBUG 14:30:06 o.s.d.c.CustomConversions.isSupportedConverter 298 :Adding converter from class java.lang.String to class java.time.LocalDate as reading converter.
DEBUG 14:30:06 o.s.d.c.CustomConversions.isSupportedConverter 298 :Adding converter from class java.lang.String to class java.time.LocalDateTime as reading converter.
DEBUG 14:30:06 o.s.d.c.CustomConversions.isSupportedConverter 298 :Adding converter from class java.lang.String to class java.time.Instant as reading converter.
DEBUG 14:30:06 o.s.d.c.CustomConversions.isSupportedConverter 298 :Adding converter from class java.lang.String to class [B as writing converter.
DEBUG 14:30:06 o.s.d.c.CustomConversions.isSupportedConverter 298 :Adding converter from class [B to class java.lang.String as reading converter.
DEBUG 14:30:06 o.s.d.c.CustomConversions.isSupportedConverter 298 :Adding converter from class java.lang.Number to class [B as writing converter.
DEBUG 14:30:06 o.s.d.c.CustomConversions.isSupportedConverter 298 :Adding converter from class [B to class java.lang.Number as reading converter.
DEBUG 14:30:06 o.s.d.c.CustomConversions.isSupportedConverter 298 :Adding converter from class java.lang.Enum to class [B as writing converter.
DEBUG 14:30:06 o.s.d.c.CustomConversions.isSupportedConverter 298 :Adding converter from class [B to class java.lang.Enum as reading converter.
DEBUG 14:30:06 o.s.d.c.CustomConversions.isSupportedConverter 298 :Adding converter from class java.lang.Boolean to class [B as writing converter.
DEBUG 14:30:06 o.s.d.c.CustomConversions.isSupportedConverter 298 :Adding converter from class [B to class java.lang.Boolean as reading converter.
DEBUG 14:30:06 o.s.d.c.CustomConversions.isSupportedConverter 298 :Adding converter from class java.util.Date to class [B as writing converter.
DEBUG 14:30:06 o.s.d.c.CustomConversions.isSupportedConverter 298 :Adding converter from class [B to class java.util.Date as reading converter.
DEBUG 14:30:06 o.s.d.c.CustomConversions.isSupportedConverter 298 :Adding converter from class java.util.UUID to class [B as writing converter.
DEBUG 14:30:06 o.s.d.c.CustomConversions.isSupportedConverter 298 :Adding converter from class [B to class java.util.UUID as reading converter.
DEBUG 14:30:06 o.s.d.c.CustomConversions.isSupportedConverter 298 :Adding converter from class java.time.LocalDateTime to class [B as writing converter.
DEBUG 14:30:06 o.s.d.c.CustomConversions.isSupportedConverter 298 :Adding converter from class [B to class java.time.LocalDateTime as reading converter.
DEBUG 14:30:06 o.s.d.c.CustomConversions.isSupportedConverter 298 :Adding converter from class java.time.LocalDate to class [B as writing converter.
DEBUG 14:30:06 o.s.d.c.CustomConversions.isSupportedConverter 298 :Adding converter from class [B to class java.time.LocalDate as reading converter.
DEBUG 14:30:06 o.s.d.c.CustomConversions.isSupportedConverter 298 :Adding converter from class java.time.LocalTime to class [B as writing converter.
DEBUG 14:30:06 o.s.d.c.CustomConversions.isSupportedConverter 298 :Adding converter from class [B to class java.time.LocalTime as reading converter.
DEBUG 14:30:06 o.s.d.c.CustomConversions.isSupportedConverter 298 :Adding converter from class java.time.ZonedDateTime to class [B as writing converter.
DEBUG 14:30:06 o.s.d.c.CustomConversions.isSupportedConverter 298 :Adding converter from class [B to class java.time.ZonedDateTime as reading converter.
DEBUG 14:30:06 o.s.d.c.CustomConversions.isSupportedConverter 298 :Adding converter from class java.time.Instant to class [B as writing converter.
DEBUG 14:30:06 o.s.d.c.CustomConversions.isSupportedConverter 298 :Adding converter from class [B to class java.time.Instant as reading converter.
DEBUG 14:30:06 o.s.d.c.CustomConversions.isSupportedConverter 298 :Adding converter from class java.time.ZoneId to class [B as writing converter.
DEBUG 14:30:06 o.s.d.c.CustomConversions.isSupportedConverter 298 :Adding converter from class [B to class java.time.ZoneId as reading converter.
DEBUG 14:30:06 o.s.d.c.CustomConversions.isSupportedConverter 298 :Adding converter from class java.time.Period to class [B as writing converter.
DEBUG 14:30:06 o.s.d.c.CustomConversions.isSupportedConverter 298 :Adding converter from class [B to class java.time.Period as reading converter.
DEBUG 14:30:06 o.s.d.c.CustomConversions.isSupportedConverter 298 :Adding converter from class java.time.Duration to class [B as writing converter.
DEBUG 14:30:06 o.s.d.c.CustomConversions.isSupportedConverter 298 :Adding converter from class [B to class java.time.Duration as reading converter.
DEBUG 14:30:06 o.s.d.c.CustomConversions.isSupportedConverter 298 :Adding converter from class java.util.Date to class java.time.LocalDateTime as reading converter.
DEBUG 14:30:06 o.s.d.c.CustomConversions.isSupportedConverter 298 :Adding converter from class java.time.LocalDateTime to class java.util.Date as writing converter.
DEBUG 14:30:06 o.s.d.c.CustomConversions.isSupportedConverter 298 :Adding converter from class java.util.Date to class java.time.LocalDate as reading converter.
DEBUG 14:30:06 o.s.d.c.CustomConversions.isSupportedConverter 298 :Adding converter from class java.time.LocalDate to class java.util.Date as writing converter.
DEBUG 14:30:06 o.s.d.c.CustomConversions.isSupportedConverter 298 :Adding converter from class java.util.Date to class java.time.LocalTime as reading converter.
DEBUG 14:30:06 o.s.d.c.CustomConversions.isSupportedConverter 298 :Adding converter from class java.time.LocalTime to class java.util.Date as writing converter.
DEBUG 14:30:06 o.s.d.c.CustomConversions.isSupportedConverter 298 :Adding converter from class java.util.Date to class java.time.Instant as reading converter.
DEBUG 14:30:06 o.s.d.c.CustomConversions.isSupportedConverter 298 :Adding converter from class java.time.Instant to class java.util.Date as writing converter.
DEBUG 14:30:06 o.s.d.c.CustomConversions.isSupportedConverter 298 :Adding converter from class java.time.LocalDateTime to class java.time.Instant as reading converter.
DEBUG 14:30:06 o.s.d.c.CustomConversions.isSupportedConverter 298 :Adding converter from class java.time.Instant to class java.time.LocalDateTime as reading converter.
DEBUG 14:30:06 o.s.d.c.CustomConversions.isSupportedConverter 298 :Adding converter from class java.time.ZoneId to class java.lang.String as writing converter.
DEBUG 14:30:06 o.s.d.c.CustomConversions.isSupportedConverter 298 :Adding converter from class java.lang.String to class java.time.ZoneId as reading converter.
DEBUG 14:30:06 o.s.d.c.CustomConversions.isSupportedConverter 298 :Adding converter from class java.time.Duration to class java.lang.String as writing converter.
DEBUG 14:30:06 o.s.d.c.CustomConversions.isSupportedConverter 298 :Adding converter from class java.lang.String to class java.time.Duration as reading converter.
DEBUG 14:30:06 o.s.d.c.CustomConversions.isSupportedConverter 298 :Adding converter from class java.time.Period to class java.lang.String as writing converter.
DEBUG 14:30:06 o.s.d.c.CustomConversions.isSupportedConverter 298 :Adding converter from class java.lang.String to class java.time.Period as reading converter.
DEBUG 14:30:06 o.s.d.c.CustomConversions.isSupportedConverter 298 :Adding converter from class java.lang.String to class java.time.LocalDate as reading converter.
DEBUG 14:30:06 o.s.d.c.CustomConversions.isSupportedConverter 298 :Adding converter from class java.lang.String to class java.time.LocalDateTime as reading converter.
DEBUG 14:30:06 o.s.d.c.CustomConversions.isSupportedConverter 298 :Adding converter from class java.lang.String to class java.time.Instant as reading converter.
DEBUG 14:30:06 o.s.d.c.CustomConversions.isSupportedConverter 298 :Adding converter from class java.lang.String to class [B as writing converter.
DEBUG 14:30:06 o.s.d.c.CustomConversions.isSupportedConverter 298 :Adding converter from class [B to class java.lang.String as reading converter.
DEBUG 14:30:06 o.s.d.c.CustomConversions.isSupportedConverter 298 :Adding converter from class java.lang.Number to class [B as writing converter.
DEBUG 14:30:06 o.s.d.c.CustomConversions.isSupportedConverter 298 :Adding converter from class [B to class java.lang.Number as reading converter.
DEBUG 14:30:06 o.s.d.c.CustomConversions.isSupportedConverter 298 :Adding converter from class java.lang.Enum to class [B as writing converter.
DEBUG 14:30:06 o.s.d.c.CustomConversions.isSupportedConverter 298 :Adding converter from class [B to class java.lang.Enum as reading converter.
DEBUG 14:30:06 o.s.d.c.CustomConversions.isSupportedConverter 298 :Adding converter from class java.lang.Boolean to class [B as writing converter.
DEBUG 14:30:06 o.s.d.c.CustomConversions.isSupportedConverter 298 :Adding converter from class [B to class java.lang.Boolean as reading converter.
DEBUG 14:30:06 o.s.d.c.CustomConversions.isSupportedConverter 298 :Adding converter from class java.util.Date to class [B as writing converter.
DEBUG 14:30:06 o.s.d.c.CustomConversions.isSupportedConverter 298 :Adding converter from class [B to class java.util.Date as reading converter.
DEBUG 14:30:06 o.s.d.c.CustomConversions.isSupportedConverter 298 :Adding converter from class java.util.UUID to class [B as writing converter.
DEBUG 14:30:06 o.s.d.c.CustomConversions.isSupportedConverter 298 :Adding converter from class [B to class java.util.UUID as reading converter.
DEBUG 14:30:06 o.s.d.c.CustomConversions.isSupportedConverter 298 :Adding converter from class java.time.LocalDateTime to class [B as writing converter.
DEBUG 14:30:06 o.s.d.c.CustomConversions.isSupportedConverter 298 :Adding converter from class [B to class java.time.LocalDateTime as reading converter.
DEBUG 14:30:06 o.s.d.c.CustomConversions.isSupportedConverter 298 :Adding converter from class java.time.LocalDate to class [B as writing converter.
DEBUG 14:30:06 o.s.d.c.CustomConversions.isSupportedConverter 298 :Adding converter from class [B to class java.time.LocalDate as reading converter.
DEBUG 14:30:06 o.s.d.c.CustomConversions.isSupportedConverter 298 :Adding converter from class java.time.LocalTime to class [B as writing converter.
DEBUG 14:30:06 o.s.d.c.CustomConversions.isSupportedConverter 298 :Adding converter from class [B to class java.time.LocalTime as reading converter.
DEBUG 14:30:06 o.s.d.c.CustomConversions.isSupportedConverter 298 :Adding converter from class java.time.ZonedDateTime to class [B as writing converter.
DEBUG 14:30:06 o.s.d.c.CustomConversions.isSupportedConverter 298 :Adding converter from class [B to class java.time.ZonedDateTime as reading converter.
DEBUG 14:30:06 o.s.d.c.CustomConversions.isSupportedConverter 298 :Adding converter from class java.time.Instant to class [B as writing converter.
DEBUG 14:30:06 o.s.d.c.CustomConversions.isSupportedConverter 298 :Adding converter from class [B to class java.time.Instant as reading converter.
DEBUG 14:30:06 o.s.d.c.CustomConversions.isSupportedConverter 298 :Adding converter from class java.time.ZoneId to class [B as writing converter.
DEBUG 14:30:06 o.s.d.c.CustomConversions.isSupportedConverter 298 :Adding converter from class [B to class java.time.ZoneId as reading converter.
DEBUG 14:30:06 o.s.d.c.CustomConversions.isSupportedConverter 298 :Adding converter from class java.time.Period to class [B as writing converter.
DEBUG 14:30:06 o.s.d.c.CustomConversions.isSupportedConverter 298 :Adding converter from class [B to class java.time.Period as reading converter.
DEBUG 14:30:06 o.s.d.c.CustomConversions.isSupportedConverter 298 :Adding converter from class java.time.Duration to class [B as writing converter.
DEBUG 14:30:06 o.s.d.c.CustomConversions.isSupportedConverter 298 :Adding converter from class [B to class java.time.Duration as reading converter.
DEBUG 14:30:06 o.s.d.c.CustomConversions.isSupportedConverter 298 :Adding converter from class java.util.Date to class java.time.LocalDateTime as reading converter.
DEBUG 14:30:06 o.s.d.c.CustomConversions.isSupportedConverter 298 :Adding converter from class java.time.LocalDateTime to class java.util.Date as writing converter.
DEBUG 14:30:06 o.s.d.c.CustomConversions.isSupportedConverter 298 :Adding converter from class java.util.Date to class java.time.LocalDate as reading converter.
DEBUG 14:30:06 o.s.d.c.CustomConversions.isSupportedConverter 298 :Adding converter from class java.time.LocalDate to class java.util.Date as writing converter.
DEBUG 14:30:06 o.s.d.c.CustomConversions.isSupportedConverter 298 :Adding converter from class java.util.Date to class java.time.LocalTime as reading converter.
DEBUG 14:30:06 o.s.d.c.CustomConversions.isSupportedConverter 298 :Adding converter from class java.time.LocalTime to class java.util.Date as writing converter.
DEBUG 14:30:06 o.s.d.c.CustomConversions.isSupportedConverter 298 :Adding converter from class java.util.Date to class java.time.Instant as reading converter.
DEBUG 14:30:06 o.s.d.c.CustomConversions.isSupportedConverter 298 :Adding converter from class java.time.Instant to class java.util.Date as writing converter.
DEBUG 14:30:06 o.s.d.c.CustomConversions.isSupportedConverter 298 :Adding converter from class java.time.LocalDateTime to class java.time.Instant as reading converter.
DEBUG 14:30:06 o.s.d.c.CustomConversions.isSupportedConverter 298 :Adding converter from class java.time.Instant to class java.time.LocalDateTime as reading converter.
DEBUG 14:30:06 o.s.d.c.CustomConversions.isSupportedConverter 298 :Adding converter from class java.time.ZoneId to class java.lang.String as writing converter.
DEBUG 14:30:06 o.s.d.c.CustomConversions.isSupportedConverter 298 :Adding converter from class java.lang.String to class java.time.ZoneId as reading converter.
DEBUG 14:30:06 o.s.d.c.CustomConversions.isSupportedConverter 298 :Adding converter from class java.time.Duration to class java.lang.String as writing converter.
DEBUG 14:30:06 o.s.d.c.CustomConversions.isSupportedConverter 298 :Adding converter from class java.lang.String to class java.time.Duration as reading converter.
DEBUG 14:30:06 o.s.d.c.CustomConversions.isSupportedConverter 298 :Adding converter from class java.time.Period to class java.lang.String as writing converter.
DEBUG 14:30:06 o.s.d.c.CustomConversions.isSupportedConverter 298 :Adding converter from class java.lang.String to class java.time.Period as reading converter.
DEBUG 14:30:06 o.s.d.c.CustomConversions.isSupportedConverter 298 :Adding converter from class java.lang.String to class java.time.LocalDate as reading converter.
DEBUG 14:30:06 o.s.d.c.CustomConversions.isSupportedConverter 298 :Adding converter from class java.lang.String to class java.time.LocalDateTime as reading converter.
DEBUG 14:30:06 o.s.d.c.CustomConversions.isSupportedConverter 298 :Adding converter from class java.lang.String to class java.time.Instant as reading converter.
DEBUG 14:30:06 o.s.d.c.CustomConversions.isSupportedConverter 298 :Adding converter from class java.lang.String to class [B as writing converter.
DEBUG 14:30:06 o.s.d.c.CustomConversions.isSupportedConverter 298 :Adding converter from class [B to class java.lang.String as reading converter.
DEBUG 14:30:06 o.s.d.c.CustomConversions.isSupportedConverter 298 :Adding converter from class java.lang.Number to class [B as writing converter.
DEBUG 14:30:06 o.s.d.c.CustomConversions.isSupportedConverter 298 :Adding converter from class [B to class java.lang.Number as reading converter.
DEBUG 14:30:06 o.s.d.c.CustomConversions.isSupportedConverter 298 :Adding converter from class java.lang.Enum to class [B as writing converter.
DEBUG 14:30:06 o.s.d.c.CustomConversions.isSupportedConverter 298 :Adding converter from class [B to class java.lang.Enum as reading converter.
DEBUG 14:30:06 o.s.d.c.CustomConversions.isSupportedConverter 298 :Adding converter from class java.lang.Boolean to class [B as writing converter.
DEBUG 14:30:06 o.s.d.c.CustomConversions.isSupportedConverter 298 :Adding converter from class [B to class java.lang.Boolean as reading converter.
DEBUG 14:30:06 o.s.d.c.CustomConversions.isSupportedConverter 298 :Adding converter from class java.util.Date to class [B as writing converter.
DEBUG 14:30:06 o.s.d.c.CustomConversions.isSupportedConverter 298 :Adding converter from class [B to class java.util.Date as reading converter.
DEBUG 14:30:06 o.s.d.c.CustomConversions.isSupportedConverter 298 :Adding converter from class java.util.UUID to class [B as writing converter.
DEBUG 14:30:06 o.s.d.c.CustomConversions.isSupportedConverter 298 :Adding converter from class [B to class java.util.UUID as reading converter.
DEBUG 14:30:06 o.s.d.c.CustomConversions.isSupportedConverter 298 :Adding converter from class java.time.LocalDateTime to class [B as writing converter.
DEBUG 14:30:06 o.s.d.c.CustomConversions.isSupportedConverter 298 :Adding converter from class [B to class java.time.LocalDateTime as reading converter.
DEBUG 14:30:06 o.s.d.c.CustomConversions.isSupportedConverter 298 :Adding converter from class java.time.LocalDate to class [B as writing converter.
DEBUG 14:30:06 o.s.d.c.CustomConversions.isSupportedConverter 298 :Adding converter from class [B to class java.time.LocalDate as reading converter.
DEBUG 14:30:06 o.s.d.c.CustomConversions.isSupportedConverter 298 :Adding converter from class java.time.LocalTime to class [B as writing converter.
DEBUG 14:30:06 o.s.d.c.CustomConversions.isSupportedConverter 298 :Adding converter from class [B to class java.time.LocalTime as reading converter.
DEBUG 14:30:06 o.s.d.c.CustomConversions.isSupportedConverter 298 :Adding converter from class java.time.ZonedDateTime to class [B as writing converter.
DEBUG 14:30:06 o.s.d.c.CustomConversions.isSupportedConverter 298 :Adding converter from class [B to class java.time.ZonedDateTime as reading converter.
DEBUG 14:30:06 o.s.d.c.CustomConversions.isSupportedConverter 298 :Adding converter from class java.time.Instant to class [B as writing converter.
DEBUG 14:30:06 o.s.d.c.CustomConversions.isSupportedConverter 298 :Adding converter from class [B to class java.time.Instant as reading converter.
DEBUG 14:30:06 o.s.d.c.CustomConversions.isSupportedConverter 298 :Adding converter from class java.time.ZoneId to class [B as writing converter.
DEBUG 14:30:06 o.s.d.c.CustomConversions.isSupportedConverter 298 :Adding converter from class [B to class java.time.ZoneId as reading converter.
DEBUG 14:30:06 o.s.d.c.CustomConversions.isSupportedConverter 298 :Adding converter from class java.time.Period to class [B as writing converter.
DEBUG 14:30:06 o.s.d.c.CustomConversions.isSupportedConverter 298 :Adding converter from class [B to class java.time.Period as reading converter.
DEBUG 14:30:06 o.s.d.c.CustomConversions.isSupportedConverter 298 :Adding converter from class java.time.Duration to class [B as writing converter.
DEBUG 14:30:06 o.s.d.c.CustomConversions.isSupportedConverter 298 :Adding converter from class [B to class java.time.Duration as reading converter.
DEBUG 14:30:06 o.s.d.c.CustomConversions.isSupportedConverter 298 :Adding converter from class java.util.Date to class java.time.LocalDateTime as reading converter.
DEBUG 14:30:06 o.s.d.c.CustomConversions.isSupportedConverter 298 :Adding converter from class java.time.LocalDateTime to class java.util.Date as writing converter.
DEBUG 14:30:06 o.s.d.c.CustomConversions.isSupportedConverter 298 :Adding converter from class java.util.Date to class java.time.LocalDate as reading converter.
DEBUG 14:30:06 o.s.d.c.CustomConversions.isSupportedConverter 298 :Adding converter from class java.time.LocalDate to class java.util.Date as writing converter.
DEBUG 14:30:06 o.s.d.c.CustomConversions.isSupportedConverter 298 :Adding converter from class java.util.Date to class java.time.LocalTime as reading converter.
DEBUG 14:30:06 o.s.d.c.CustomConversions.isSupportedConverter 298 :Adding converter from class java.time.LocalTime to class java.util.Date as writing converter.
DEBUG 14:30:06 o.s.d.c.CustomConversions.isSupportedConverter 298 :Adding converter from class java.util.Date to class java.time.Instant as reading converter.
DEBUG 14:30:06 o.s.d.c.CustomConversions.isSupportedConverter 298 :Adding converter from class java.time.Instant to class java.util.Date as writing converter.
DEBUG 14:30:06 o.s.d.c.CustomConversions.isSupportedConverter 298 :Adding converter from class java.time.LocalDateTime to class java.time.Instant as reading converter.
DEBUG 14:30:06 o.s.d.c.CustomConversions.isSupportedConverter 298 :Adding converter from class java.time.Instant to class java.time.LocalDateTime as reading converter.
DEBUG 14:30:06 o.s.d.c.CustomConversions.isSupportedConverter 298 :Adding converter from class java.time.ZoneId to class java.lang.String as writing converter.
DEBUG 14:30:06 o.s.d.c.CustomConversions.isSupportedConverter 298 :Adding converter from class java.lang.String to class java.time.ZoneId as reading converter.
DEBUG 14:30:06 o.s.d.c.CustomConversions.isSupportedConverter 298 :Adding converter from class java.time.Duration to class java.lang.String as writing converter.
DEBUG 14:30:06 o.s.d.c.CustomConversions.isSupportedConverter 298 :Adding converter from class java.lang.String to class java.time.Duration as reading converter.
DEBUG 14:30:06 o.s.d.c.CustomConversions.isSupportedConverter 298 :Adding converter from class java.time.Period to class java.lang.String as writing converter.
DEBUG 14:30:06 o.s.d.c.CustomConversions.isSupportedConverter 298 :Adding converter from class java.lang.String to class java.time.Period as reading converter.
DEBUG 14:30:06 o.s.d.c.CustomConversions.isSupportedConverter 298 :Adding converter from class java.lang.String to class java.time.LocalDate as reading converter.
DEBUG 14:30:06 o.s.d.c.CustomConversions.isSupportedConverter 298 :Adding converter from class java.lang.String to class java.time.LocalDateTime as reading converter.
DEBUG 14:30:06 o.s.d.c.CustomConversions.isSupportedConverter 298 :Adding converter from class java.lang.String to class java.time.Instant as reading converter.
INFO 14:30:07 o.m.driver.cluster.info 71 :Cluster created with settings {hosts=[117.78.43.23:27017], mode=SINGLE, requiredClusterType=UNKNOWN, serverSelectionTimeout='30000 ms'}
INFO 14:30:07 o.m.d.connection.info 71 :Opened connection [connectionId{localValue:1, serverValue:15320}] to 117.78.43.23:27017
INFO 14:30:07 o.m.driver.cluster.info 71 :Monitor thread successfully connected to server with description ServerDescription{address=117.78.43.23:27017, type=STANDALONE, state=CONNECTED, ok=true, minWireVersion=0, maxWireVersion=7, maxDocumentSize=16777216, logicalSessionTimeoutMinutes=30, roundTripTimeNanos=37978500}
DEBUG 14:30:07 o.s.d.c.CustomConversions.isSupportedConverter 298 :Adding converter from class java.util.Locale to class java.lang.String as writing converter.
DEBUG 14:30:07 o.s.d.c.CustomConversions.isSupportedConverter 298 :Adding converter from class java.lang.Character to class java.lang.String as writing converter.
DEBUG 14:30:07 o.s.d.c.CustomConversions.isSupportedConverter 298 :Adding converter from class java.math.BigDecimal to class java.lang.String as writing converter.
DEBUG 14:30:07 o.s.d.c.CustomConversions.isSupportedConverter 298 :Adding converter from class java.math.BigDecimal to class org.bson.types.Decimal128 as writing converter.
DEBUG 14:30:07 o.s.d.c.CustomConversions.isSupportedConverter 298 :Adding converter from class java.lang.String to class java.math.BigDecimal as reading converter.
DEBUG 14:30:07 o.s.d.c.CustomConversions.isSupportedConverter 298 :Adding converter from class org.bson.types.Decimal128 to class java.math.BigDecimal as reading converter.
DEBUG 14:30:07 o.s.d.c.CustomConversions.isSupportedConverter 298 :Adding converter from class java.math.BigInteger to class java.lang.String as writing converter.
DEBUG 14:30:07 o.s.d.c.CustomConversions.isSupportedConverter 298 :Adding converter from class java.lang.String to class java.math.BigInteger as reading converter.
DEBUG 14:30:07 o.s.d.c.CustomConversions.isSupportedConverter 298 :Adding converter from class java.net.URL to class java.lang.String as writing converter.
DEBUG 14:30:07 o.s.d.c.CustomConversions.isSupportedConverter 298 :Adding converter from class java.lang.String to class java.net.URL as reading converter.
DEBUG 14:30:07 o.s.d.c.CustomConversions.isSupportedConverter 298 :Adding converter from class org.bson.Document to class java.lang.String as reading converter.
DEBUG 14:30:07 o.s.d.c.CustomConversions.isSupportedConverter 298 :Adding converter from class org.springframework.data.mongodb.core.query.Term to class java.lang.String as writing converter.
DEBUG 14:30:07 o.s.d.c.CustomConversions.isSupportedConverter 298 :Adding converter from class org.springframework.data.mongodb.core.script.NamedMongoScript to class org.bson.Document as writing converter.
DEBUG 14:30:07 o.s.d.c.CustomConversions.isSupportedConverter 298 :Adding converter from class org.bson.Document to class org.springframework.data.mongodb.core.script.NamedMongoScript as reading converter.
DEBUG 14:30:07 o.s.d.c.CustomConversions.isSupportedConverter 298 :Adding converter from class java.util.Currency to class java.lang.String as writing converter.
DEBUG 14:30:07 o.s.d.c.CustomConversions.isSupportedConverter 298 :Adding converter from class java.lang.String to class java.util.Currency as reading converter.
DEBUG 14:30:07 o.s.d.c.CustomConversions.isSupportedConverter 298 :Adding converter from class java.util.concurrent.atomic.AtomicInteger to class java.lang.Integer as writing converter.
DEBUG 14:30:07 o.s.d.c.CustomConversions.isSupportedConverter 298 :Adding converter from class java.util.concurrent.atomic.AtomicLong to class java.lang.Long as writing converter.
DEBUG 14:30:07 o.s.d.c.CustomConversions.isSupportedConverter 298 :Adding converter from class java.lang.Long to class java.util.concurrent.atomic.AtomicLong as reading converter.
DEBUG 14:30:07 o.s.d.c.CustomConversions.isSupportedConverter 298 :Adding converter from class java.lang.Integer to class java.util.concurrent.atomic.AtomicInteger as reading converter.
DEBUG 14:30:07 o.s.d.c.CustomConversions.isSupportedConverter 298 :Adding converter from class org.bson.types.Binary to class [B as reading converter.
DEBUG 14:30:07 o.s.d.c.CustomConversions.isSupportedConverter 298 :Adding converter from class org.bson.BsonTimestamp to class java.time.Instant as reading converter.
DEBUG 14:30:07 o.s.d.c.CustomConversions.isSupportedConverter 298 :Adding converter from class java.lang.String to class java.net.URI as reading converter.
DEBUG 14:30:07 o.s.d.c.CustomConversions.isSupportedConverter 298 :Adding converter from class java.net.URI to class java.lang.String as writing converter.
DEBUG 14:30:07 o.s.d.c.CustomConversions.isSupportedConverter 298 :Adding converter from class org.springframework.data.geo.Box to class org.bson.Document as writing converter.
DEBUG 14:30:07 o.s.d.c.CustomConversions.isSupportedConverter 298 :Adding converter from class org.springframework.data.geo.Polygon to class org.bson.Document as writing converter.
DEBUG 14:30:07 o.s.d.c.CustomConversions.isSupportedConverter 298 :Adding converter from class org.springframework.data.geo.Circle to class org.bson.Document as writing converter.
DEBUG 14:30:07 o.s.d.c.CustomConversions.isSupportedConverter 298 :Adding converter from class org.springframework.data.mongodb.core.geo.Sphere to class org.bson.Document as writing converter.
DEBUG 14:30:07 o.s.d.c.CustomConversions.isSupportedConverter 298 :Adding converter from class org.bson.Document to class org.springframework.data.geo.Box as reading converter.
DEBUG 14:30:07 o.s.d.c.CustomConversions.isSupportedConverter 298 :Adding converter from class org.bson.Document to class org.springframework.data.geo.Polygon as reading converter.
DEBUG 14:30:07 o.s.d.c.CustomConversions.isSupportedConverter 298 :Adding converter from class org.bson.Document to class org.springframework.data.geo.Circle as reading converter.
DEBUG 14:30:07 o.s.d.c.CustomConversions.isSupportedConverter 298 :Adding converter from class org.bson.Document to class org.springframework.data.mongodb.core.geo.Sphere as reading converter.
DEBUG 14:30:07 o.s.d.c.CustomConversions.isSupportedConverter 298 :Adding converter from class org.bson.Document to class org.springframework.data.geo.Point as reading converter.
DEBUG 14:30:07 o.s.d.c.CustomConversions.isSupportedConverter 298 :Adding converter from class org.springframework.data.geo.Point to class org.bson.Document as writing converter.
DEBUG 14:30:07 o.s.d.c.CustomConversions.isSupportedConverter 298 :Adding converter from class org.springframework.data.mongodb.core.query.GeoCommand to class org.bson.Document as writing converter.
DEBUG 14:30:07 o.s.d.c.CustomConversions.isSupportedConverter 298 :Adding converter from interface org.springframework.data.mongodb.core.geo.GeoJson to class org.bson.Document as writing converter.
DEBUG 14:30:07 o.s.d.c.CustomConversions.isSupportedConverter 298 :Adding converter from class org.springframework.data.mongodb.core.geo.GeoJsonPoint to class org.bson.Document as writing converter.
DEBUG 14:30:07 o.s.d.c.CustomConversions.isSupportedConverter 298 :Adding converter from class org.springframework.data.mongodb.core.geo.GeoJsonPolygon to class org.bson.Document as writing converter.
DEBUG 14:30:07 o.s.d.c.CustomConversions.isSupportedConverter 298 :Adding converter from class org.bson.Document to class org.springframework.data.mongodb.core.geo.GeoJsonPoint as reading converter.
DEBUG 14:30:07 o.s.d.c.CustomConversions.isSupportedConverter 298 :Adding converter from class org.bson.Document to class org.springframework.data.mongodb.core.geo.GeoJsonPolygon as reading converter.
DEBUG 14:30:07 o.s.d.c.CustomConversions.isSupportedConverter 298 :Adding converter from class org.bson.Document to class org.springframework.data.mongodb.core.geo.GeoJsonLineString as reading converter.
DEBUG 14:30:07 o.s.d.c.CustomConversions.isSupportedConverter 298 :Adding converter from class org.bson.Document to class org.springframework.data.mongodb.core.geo.GeoJsonMultiLineString as reading converter.
DEBUG 14:30:07 o.s.d.c.CustomConversions.isSupportedConverter 298 :Adding converter from class org.bson.Document to class org.springframework.data.mongodb.core.geo.GeoJsonMultiPoint as reading converter.
DEBUG 14:30:07 o.s.d.c.CustomConversions.isSupportedConverter 298 :Adding converter from class org.bson.Document to class org.springframework.data.mongodb.core.geo.GeoJsonMultiPolygon as reading converter.
DEBUG 14:30:07 o.s.d.c.CustomConversions.isSupportedConverter 298 :Adding converter from class org.bson.Document to class org.springframework.data.mongodb.core.geo.GeoJsonGeometryCollection as reading converter.
DEBUG 14:30:07 o.s.d.c.CustomConversions.isSupportedConverter 298 :Adding converter from class org.bson.Document to interface org.springframework.data.mongodb.core.geo.GeoJson as reading converter.
DEBUG 14:30:07 o.s.d.c.CustomConversions.isSupportedConverter 298 :Adding converter from class java.util.Date to class java.time.LocalDateTime as reading converter.
DEBUG 14:30:07 o.s.d.c.CustomConversions.isSupportedConverter 298 :Adding converter from class java.time.LocalDateTime to class java.util.Date as writing converter.
DEBUG 14:30:07 o.s.d.c.CustomConversions.isSupportedConverter 298 :Adding converter from class java.util.Date to class java.time.LocalDate as reading converter.
DEBUG 14:30:07 o.s.d.c.CustomConversions.isSupportedConverter 298 :Adding converter from class java.time.LocalDate to class java.util.Date as writing converter.
DEBUG 14:30:07 o.s.d.c.CustomConversions.isSupportedConverter 298 :Adding converter from class java.util.Date to class java.time.LocalTime as reading converter.
DEBUG 14:30:07 o.s.d.c.CustomConversions.isSupportedConverter 298 :Adding converter from class java.time.LocalTime to class java.util.Date as writing converter.
DEBUG 14:30:07 o.s.d.c.CustomConversions.isSupportedConverter 298 :Adding converter from class java.util.Date to class java.time.Instant as reading converter.
DEBUG 14:30:07 o.s.d.c.CustomConversions.isSupportedConverter 298 :Adding converter from class java.time.Instant to class java.util.Date as writing converter.
DEBUG 14:30:07 o.s.d.c.CustomConversions.isSupportedConverter 302 :Skipping converter from class java.time.LocalDateTime to class java.time.Instant as reading converter. class java.time.LocalDateTime is not a store supported simple type!
DEBUG 14:30:07 o.s.d.c.CustomConversions.isSupportedConverter 302 :Skipping converter from class java.time.Instant to class java.time.LocalDateTime as reading converter. class java.time.Instant is not a store supported simple type!
DEBUG 14:30:07 o.s.d.c.CustomConversions.isSupportedConverter 298 :Adding converter from class java.time.ZoneId to class java.lang.String as writing converter.
DEBUG 14:30:07 o.s.d.c.CustomConversions.isSupportedConverter 298 :Adding converter from class java.lang.String to class java.time.ZoneId as reading converter.
DEBUG 14:30:07 o.s.d.c.CustomConversions.isSupportedConverter 298 :Adding converter from class java.time.Duration to class java.lang.String as writing converter.
DEBUG 14:30:07 o.s.d.c.CustomConversions.isSupportedConverter 298 :Adding converter from class java.lang.String to class java.time.Duration as reading converter.
DEBUG 14:30:07 o.s.d.c.CustomConversions.isSupportedConverter 298 :Adding converter from class java.time.Period to class java.lang.String as writing converter.
DEBUG 14:30:07 o.s.d.c.CustomConversions.isSupportedConverter 298 :Adding converter from class java.lang.String to class java.time.Period as reading converter.
DEBUG 14:30:07 o.s.d.c.CustomConversions.isSupportedConverter 298 :Adding converter from class java.lang.String to class java.time.LocalDate as reading converter.
DEBUG 14:30:07 o.s.d.c.CustomConversions.isSupportedConverter 298 :Adding converter from class java.lang.String to class java.time.LocalDateTime as reading converter.
DEBUG 14:30:07 o.s.d.c.CustomConversions.isSupportedConverter 298 :Adding converter from class java.lang.String to class java.time.Instant as reading converter.
DEBUG 14:30:07 o.s.d.c.CustomConversions.isSupportedConverter 298 :Adding converter from class java.util.Locale to class java.lang.String as writing converter.
DEBUG 14:30:07 o.s.d.c.CustomConversions.isSupportedConverter 298 :Adding converter from class java.lang.Character to class java.lang.String as writing converter.
DEBUG 14:30:07 o.s.d.c.CustomConversions.isSupportedConverter 298 :Adding converter from class java.math.BigDecimal to class java.lang.String as writing converter.
DEBUG 14:30:07 o.s.d.c.CustomConversions.isSupportedConverter 298 :Adding converter from class java.math.BigDecimal to class org.bson.types.Decimal128 as writing converter.
DEBUG 14:30:07 o.s.d.c.CustomConversions.isSupportedConverter 298 :Adding converter from class java.lang.String to class java.math.BigDecimal as reading converter.
DEBUG 14:30:07 o.s.d.c.CustomConversions.isSupportedConverter 298 :Adding converter from class org.bson.types.Decimal128 to class java.math.BigDecimal as reading converter.
DEBUG 14:30:07 o.s.d.c.CustomConversions.isSupportedConverter 298 :Adding converter from class java.math.BigInteger to class java.lang.String as writing converter.
DEBUG 14:30:07 o.s.d.c.CustomConversions.isSupportedConverter 298 :Adding converter from class java.lang.String to class java.math.BigInteger as reading converter.
DEBUG 14:30:07 o.s.d.c.CustomConversions.isSupportedConverter 298 :Adding converter from class java.net.URL to class java.lang.String as writing converter.
DEBUG 14:30:07 o.s.d.c.CustomConversions.isSupportedConverter 298 :Adding converter from class java.lang.String to class java.net.URL as reading converter.
DEBUG 14:30:07 o.s.d.c.CustomConversions.isSupportedConverter 298 :Adding converter from class org.bson.Document to class java.lang.String as reading converter.
DEBUG 14:30:07 o.s.d.c.CustomConversions.isSupportedConverter 298 :Adding converter from class org.springframework.data.mongodb.core.query.Term to class java.lang.String as writing converter.
DEBUG 14:30:07 o.s.d.c.CustomConversions.isSupportedConverter 298 :Adding converter from class org.springframework.data.mongodb.core.script.NamedMongoScript to class org.bson.Document as writing converter.
DEBUG 14:30:07 o.s.d.c.CustomConversions.isSupportedConverter 298 :Adding converter from class org.bson.Document to class org.springframework.data.mongodb.core.script.NamedMongoScript as reading converter.
DEBUG 14:30:07 o.s.d.c.CustomConversions.isSupportedConverter 298 :Adding converter from class java.util.Currency to class java.lang.String as writing converter.
DEBUG 14:30:07 o.s.d.c.CustomConversions.isSupportedConverter 298 :Adding converter from class java.lang.String to class java.util.Currency as reading converter.
DEBUG 14:30:07 o.s.d.c.CustomConversions.isSupportedConverter 298 :Adding converter from class java.util.concurrent.atomic.AtomicInteger to class java.lang.Integer as writing converter.
DEBUG 14:30:07 o.s.d.c.CustomConversions.isSupportedConverter 298 :Adding converter from class java.util.concurrent.atomic.AtomicLong to class java.lang.Long as writing converter.
DEBUG 14:30:07 o.s.d.c.CustomConversions.isSupportedConverter 298 :Adding converter from class java.lang.Long to class java.util.concurrent.atomic.AtomicLong as reading converter.
DEBUG 14:30:07 o.s.d.c.CustomConversions.isSupportedConverter 298 :Adding converter from class java.lang.Integer to class java.util.concurrent.atomic.AtomicInteger as reading converter.
DEBUG 14:30:07 o.s.d.c.CustomConversions.isSupportedConverter 298 :Adding converter from class org.bson.types.Binary to class [B as reading converter.
DEBUG 14:30:07 o.s.d.c.CustomConversions.isSupportedConverter 298 :Adding converter from class org.bson.BsonTimestamp to class java.time.Instant as reading converter.
DEBUG 14:30:07 o.s.d.c.CustomConversions.isSupportedConverter 298 :Adding converter from class java.lang.String to class java.net.URI as reading converter.
DEBUG 14:30:07 o.s.d.c.CustomConversions.isSupportedConverter 298 :Adding converter from class java.net.URI to class java.lang.String as writing converter.
DEBUG 14:30:07 o.s.d.c.CustomConversions.isSupportedConverter 298 :Adding converter from class org.springframework.data.geo.Box to class org.bson.Document as writing converter.
DEBUG 14:30:07 o.s.d.c.CustomConversions.isSupportedConverter 298 :Adding converter from class org.springframework.data.geo.Polygon to class org.bson.Document as writing converter.
DEBUG 14:30:07 o.s.d.c.CustomConversions.isSupportedConverter 298 :Adding converter from class org.springframework.data.geo.Circle to class org.bson.Document as writing converter.
DEBUG 14:30:07 o.s.d.c.CustomConversions.isSupportedConverter 298 :Adding converter from class org.springframework.data.mongodb.core.geo.Sphere to class org.bson.Document as writing converter.
DEBUG 14:30:07 o.s.d.c.CustomConversions.isSupportedConverter 298 :Adding converter from class org.bson.Document to class org.springframework.data.geo.Box as reading converter.
DEBUG 14:30:07 o.s.d.c.CustomConversions.isSupportedConverter 298 :Adding converter from class org.bson.Document to class org.springframework.data.geo.Polygon as reading converter.
DEBUG 14:30:07 o.s.d.c.CustomConversions.isSupportedConverter 298 :Adding converter from class org.bson.Document to class org.springframework.data.geo.Circle as reading converter.
DEBUG 14:30:07 o.s.d.c.CustomConversions.isSupportedConverter 298 :Adding converter from class org.bson.Document to class org.springframework.data.mongodb.core.geo.Sphere as reading converter.
DEBUG 14:30:07 o.s.d.c.CustomConversions.isSupportedConverter 298 :Adding converter from class org.bson.Document to class org.springframework.data.geo.Point as reading converter.
DEBUG 14:30:07 o.s.d.c.CustomConversions.isSupportedConverter 298 :Adding converter from class org.springframework.data.geo.Point to class org.bson.Document as writing converter.
DEBUG 14:30:07 o.s.d.c.CustomConversions.isSupportedConverter 298 :Adding converter from class org.springframework.data.mongodb.core.query.GeoCommand to class org.bson.Document as writing converter.
DEBUG 14:30:07 o.s.d.c.CustomConversions.isSupportedConverter 298 :Adding converter from interface org.springframework.data.mongodb.core.geo.GeoJson to class org.bson.Document as writing converter.
DEBUG 14:30:07 o.s.d.c.CustomConversions.isSupportedConverter 298 :Adding converter from class org.springframework.data.mongodb.core.geo.GeoJsonPoint to class org.bson.Document as writing converter.
DEBUG 14:30:07 o.s.d.c.CustomConversions.isSupportedConverter 298 :Adding converter from class org.springframework.data.mongodb.core.geo.GeoJsonPolygon to class org.bson.Document as writing converter.
DEBUG 14:30:07 o.s.d.c.CustomConversions.isSupportedConverter 298 :Adding converter from class org.bson.Document to class org.springframework.data.mongodb.core.geo.GeoJsonPoint as reading converter.
DEBUG 14:30:07 o.s.d.c.CustomConversions.isSupportedConverter 298 :Adding converter from class org.bson.Document to class org.springframework.data.mongodb.core.geo.GeoJsonPolygon as reading converter.
DEBUG 14:30:07 o.s.d.c.CustomConversions.isSupportedConverter 298 :Adding converter from class org.bson.Document to class org.springframework.data.mongodb.core.geo.GeoJsonLineString as reading converter.
DEBUG 14:30:07 o.s.d.c.CustomConversions.isSupportedConverter 298 :Adding converter from class org.bson.Document to class org.springframework.data.mongodb.core.geo.GeoJsonMultiLineString as reading converter.
DEBUG 14:30:07 o.s.d.c.CustomConversions.isSupportedConverter 298 :Adding converter from class org.bson.Document to class org.springframework.data.mongodb.core.geo.GeoJsonMultiPoint as reading converter.
DEBUG 14:30:07 o.s.d.c.CustomConversions.isSupportedConverter 298 :Adding converter from class org.bson.Document to class org.springframework.data.mongodb.core.geo.GeoJsonMultiPolygon as reading converter.
DEBUG 14:30:07 o.s.d.c.CustomConversions.isSupportedConverter 298 :Adding converter from class org.bson.Document to class org.springframework.data.mongodb.core.geo.GeoJsonGeometryCollection as reading converter.
DEBUG 14:30:07 o.s.d.c.CustomConversions.isSupportedConverter 298 :Adding converter from class org.bson.Document to interface org.springframework.data.mongodb.core.geo.GeoJson as reading converter.
DEBUG 14:30:07 o.s.d.c.CustomConversions.isSupportedConverter 298 :Adding converter from class java.util.Date to class java.time.LocalDateTime as reading converter.
DEBUG 14:30:07 o.s.d.c.CustomConversions.isSupportedConverter 298 :Adding converter from class java.time.LocalDateTime to class java.util.Date as writing converter.
DEBUG 14:30:07 o.s.d.c.CustomConversions.isSupportedConverter 298 :Adding converter from class java.util.Date to class java.time.LocalDate as reading converter.
DEBUG 14:30:07 o.s.d.c.CustomConversions.isSupportedConverter 298 :Adding converter from class java.time.LocalDate to class java.util.Date as writing converter.
DEBUG 14:30:07 o.s.d.c.CustomConversions.isSupportedConverter 298 :Adding converter from class java.util.Date to class java.time.LocalTime as reading converter.
DEBUG 14:30:07 o.s.d.c.CustomConversions.isSupportedConverter 298 :Adding converter from class java.time.LocalTime to class java.util.Date as writing converter.
DEBUG 14:30:07 o.s.d.c.CustomConversions.isSupportedConverter 298 :Adding converter from class java.util.Date to class java.time.Instant as reading converter.
DEBUG 14:30:07 o.s.d.c.CustomConversions.isSupportedConverter 298 :Adding converter from class java.time.Instant to class java.util.Date as writing converter.
DEBUG 14:30:07 o.s.d.c.CustomConversions.isSupportedConverter 302 :Skipping converter from class java.time.LocalDateTime to class java.time.Instant as reading converter. class java.time.LocalDateTime is not a store supported simple type!
DEBUG 14:30:07 o.s.d.c.CustomConversions.isSupportedConverter 302 :Skipping converter from class java.time.Instant to class java.time.LocalDateTime as reading converter. class java.time.Instant is not a store supported simple type!
DEBUG 14:30:07 o.s.d.c.CustomConversions.isSupportedConverter 298 :Adding converter from class java.time.ZoneId to class java.lang.String as writing converter.
DEBUG 14:30:07 o.s.d.c.CustomConversions.isSupportedConverter 298 :Adding converter from class java.lang.String to class java.time.ZoneId as reading converter.
DEBUG 14:30:07 o.s.d.c.CustomConversions.isSupportedConverter 298 :Adding converter from class java.time.Duration to class java.lang.String as writing converter.
DEBUG 14:30:07 o.s.d.c.CustomConversions.isSupportedConverter 298 :Adding converter from class java.lang.String to class java.time.Duration as reading converter.
DEBUG 14:30:07 o.s.d.c.CustomConversions.isSupportedConverter 298 :Adding converter from class java.time.Period to class java.lang.String as writing converter.
DEBUG 14:30:07 o.s.d.c.CustomConversions.isSupportedConverter 298 :Adding converter from class java.lang.String to class java.time.Period as reading converter.
DEBUG 14:30:07 o.s.d.c.CustomConversions.isSupportedConverter 298 :Adding converter from class java.lang.String to class java.time.LocalDate as reading converter.
DEBUG 14:30:07 o.s.d.c.CustomConversions.isSupportedConverter 298 :Adding converter from class java.lang.String to class java.time.LocalDateTime as reading converter.
DEBUG 14:30:07 o.s.d.c.CustomConversions.isSupportedConverter 298 :Adding converter from class java.lang.String to class java.time.Instant as reading converter.
DEBUG 14:30:08 o.s.d.c.CustomConversions.isSupportedConverter 298 :Adding converter from class java.lang.String to class [B as writing converter.
DEBUG 14:30:08 o.s.d.c.CustomConversions.isSupportedConverter 298 :Adding converter from class [B to class java.lang.String as reading converter.
DEBUG 14:30:08 o.s.d.c.CustomConversions.isSupportedConverter 298 :Adding converter from class java.lang.Number to class [B as writing converter.
DEBUG 14:30:08 o.s.d.c.CustomConversions.isSupportedConverter 298 :Adding converter from class [B to class java.lang.Number as reading converter.
DEBUG 14:30:08 o.s.d.c.CustomConversions.isSupportedConverter 298 :Adding converter from class java.lang.Enum to class [B as writing converter.
DEBUG 14:30:08 o.s.d.c.CustomConversions.isSupportedConverter 298 :Adding converter from class [B to class java.lang.Enum as reading converter.
DEBUG 14:30:08 o.s.d.c.CustomConversions.isSupportedConverter 298 :Adding converter from class java.lang.Boolean to class [B as writing converter.
DEBUG 14:30:08 o.s.d.c.CustomConversions.isSupportedConverter 298 :Adding converter from class [B to class java.lang.Boolean as reading converter.
DEBUG 14:30:08 o.s.d.c.CustomConversions.isSupportedConverter 298 :Adding converter from class java.util.Date to class [B as writing converter.
DEBUG 14:30:08 o.s.d.c.CustomConversions.isSupportedConverter 298 :Adding converter from class [B to class java.util.Date as reading converter.
DEBUG 14:30:08 o.s.d.c.CustomConversions.isSupportedConverter 298 :Adding converter from class java.util.UUID to class [B as writing converter.
DEBUG 14:30:08 o.s.d.c.CustomConversions.isSupportedConverter 298 :Adding converter from class [B to class java.util.UUID as reading converter.
DEBUG 14:30:08 o.s.d.c.CustomConversions.isSupportedConverter 298 :Adding converter from class java.time.LocalDateTime to class [B as writing converter.
DEBUG 14:30:08 o.s.d.c.CustomConversions.isSupportedConverter 298 :Adding converter from class [B to class java.time.LocalDateTime as reading converter.
DEBUG 14:30:08 o.s.d.c.CustomConversions.isSupportedConverter 298 :Adding converter from class java.time.LocalDate to class [B as writing converter.
DEBUG 14:30:08 o.s.d.c.CustomConversions.isSupportedConverter 298 :Adding converter from class [B to class java.time.LocalDate as reading converter.
DEBUG 14:30:08 o.s.d.c.CustomConversions.isSupportedConverter 298 :Adding converter from class java.time.LocalTime to class [B as writing converter.
DEBUG 14:30:08 o.s.d.c.CustomConversions.isSupportedConverter 298 :Adding converter from class [B to class java.time.LocalTime as reading converter.
DEBUG 14:30:08 o.s.d.c.CustomConversions.isSupportedConverter 298 :Adding converter from class java.time.ZonedDateTime to class [B as writing converter.
DEBUG 14:30:08 o.s.d.c.CustomConversions.isSupportedConverter 298 :Adding converter from class [B to class java.time.ZonedDateTime as reading converter.
DEBUG 14:30:08 o.s.d.c.CustomConversions.isSupportedConverter 298 :Adding converter from class java.time.Instant to class [B as writing converter.
DEBUG 14:30:08 o.s.d.c.CustomConversions.isSupportedConverter 298 :Adding converter from class [B to class java.time.Instant as reading converter.
DEBUG 14:30:08 o.s.d.c.CustomConversions.isSupportedConverter 298 :Adding converter from class java.time.ZoneId to class [B as writing converter.
DEBUG 14:30:08 o.s.d.c.CustomConversions.isSupportedConverter 298 :Adding converter from class [B to class java.time.ZoneId as reading converter.
DEBUG 14:30:08 o.s.d.c.CustomConversions.isSupportedConverter 298 :Adding converter from class java.time.Period to class [B as writing converter.
DEBUG 14:30:08 o.s.d.c.CustomConversions.isSupportedConverter 298 :Adding converter from class [B to class java.time.Period as reading converter.
DEBUG 14:30:08 o.s.d.c.CustomConversions.isSupportedConverter 298 :Adding converter from class java.time.Duration to class [B as writing converter.
DEBUG 14:30:08 o.s.d.c.CustomConversions.isSupportedConverter 298 :Adding converter from class [B to class java.time.Duration as reading converter.
DEBUG 14:30:08 o.s.d.c.CustomConversions.isSupportedConverter 298 :Adding converter from class java.util.Date to class java.time.LocalDateTime as reading converter.
DEBUG 14:30:08 o.s.d.c.CustomConversions.isSupportedConverter 298 :Adding converter from class java.time.LocalDateTime to class java.util.Date as writing converter.
DEBUG 14:30:08 o.s.d.c.CustomConversions.isSupportedConverter 298 :Adding converter from class java.util.Date to class java.time.LocalDate as reading converter.
DEBUG 14:30:08 o.s.d.c.CustomConversions.isSupportedConverter 298 :Adding converter from class java.time.LocalDate to class java.util.Date as writing converter.
DEBUG 14:30:08 o.s.d.c.CustomConversions.isSupportedConverter 298 :Adding converter from class java.util.Date to class java.time.LocalTime as reading converter.
DEBUG 14:30:08 o.s.d.c.CustomConversions.isSupportedConverter 298 :Adding converter from class java.time.LocalTime to class java.util.Date as writing converter.
DEBUG 14:30:08 o.s.d.c.CustomConversions.isSupportedConverter 298 :Adding converter from class java.util.Date to class java.time.Instant as reading converter.
DEBUG 14:30:08 o.s.d.c.CustomConversions.isSupportedConverter 298 :Adding converter from class java.time.Instant to class java.util.Date as writing converter.
DEBUG 14:30:08 o.s.d.c.CustomConversions.isSupportedConverter 298 :Adding converter from class java.time.LocalDateTime to class java.time.Instant as reading converter.
DEBUG 14:30:08 o.s.d.c.CustomConversions.isSupportedConverter 298 :Adding converter from class java.time.Instant to class java.time.LocalDateTime as reading converter.
DEBUG 14:30:08 o.s.d.c.CustomConversions.isSupportedConverter 298 :Adding converter from class java.time.ZoneId to class java.lang.String as writing converter.
DEBUG 14:30:08 o.s.d.c.CustomConversions.isSupportedConverter 298 :Adding converter from class java.lang.String to class java.time.ZoneId as reading converter.
DEBUG 14:30:08 o.s.d.c.CustomConversions.isSupportedConverter 298 :Adding converter from class java.time.Duration to class java.lang.String as writing converter.
DEBUG 14:30:08 o.s.d.c.CustomConversions.isSupportedConverter 298 :Adding converter from class java.lang.String to class java.time.Duration as reading converter.
DEBUG 14:30:08 o.s.d.c.CustomConversions.isSupportedConverter 298 :Adding converter from class java.time.Period to class java.lang.String as writing converter.
DEBUG 14:30:08 o.s.d.c.CustomConversions.isSupportedConverter 298 :Adding converter from class java.lang.String to class java.time.Period as reading converter.
DEBUG 14:30:08 o.s.d.c.CustomConversions.isSupportedConverter 298 :Adding converter from class java.lang.String to class java.time.LocalDate as reading converter.
DEBUG 14:30:08 o.s.d.c.CustomConversions.isSupportedConverter 298 :Adding converter from class java.lang.String to class java.time.LocalDateTime as reading converter.
DEBUG 14:30:08 o.s.d.c.CustomConversions.isSupportedConverter 298 :Adding converter from class java.lang.String to class java.time.Instant as reading converter.
DEBUG 14:30:08 o.s.d.c.CustomConversions.isSupportedConverter 298 :Adding converter from class java.lang.String to class [B as writing converter.
DEBUG 14:30:08 o.s.d.c.CustomConversions.isSupportedConverter 298 :Adding converter from class [B to class java.lang.String as reading converter.
DEBUG 14:30:08 o.s.d.c.CustomConversions.isSupportedConverter 298 :Adding converter from class java.lang.Number to class [B as writing converter.
DEBUG 14:30:08 o.s.d.c.CustomConversions.isSupportedConverter 298 :Adding converter from class [B to class java.lang.Number as reading converter.
DEBUG 14:30:08 o.s.d.c.CustomConversions.isSupportedConverter 298 :Adding converter from class java.lang.Enum to class [B as writing converter.
DEBUG 14:30:08 o.s.d.c.CustomConversions.isSupportedConverter 298 :Adding converter from class [B to class java.lang.Enum as reading converter.
DEBUG 14:30:08 o.s.d.c.CustomConversions.isSupportedConverter 298 :Adding converter from class java.lang.Boolean to class [B as writing converter.
DEBUG 14:30:08 o.s.d.c.CustomConversions.isSupportedConverter 298 :Adding converter from class [B to class java.lang.Boolean as reading converter.
DEBUG 14:30:08 o.s.d.c.CustomConversions.isSupportedConverter 298 :Adding converter from class java.util.Date to class [B as writing converter.
DEBUG 14:30:08 o.s.d.c.CustomConversions.isSupportedConverter 298 :Adding converter from class [B to class java.util.Date as reading converter.
DEBUG 14:30:08 o.s.d.c.CustomConversions.isSupportedConverter 298 :Adding converter from class java.util.UUID to class [B as writing converter.
DEBUG 14:30:08 o.s.d.c.CustomConversions.isSupportedConverter 298 :Adding converter from class [B to class java.util.UUID as reading converter.
DEBUG 14:30:08 o.s.d.c.CustomConversions.isSupportedConverter 298 :Adding converter from class java.time.LocalDateTime to class [B as writing converter.
DEBUG 14:30:08 o.s.d.c.CustomConversions.isSupportedConverter 298 :Adding converter from class [B to class java.time.LocalDateTime as reading converter.
DEBUG 14:30:08 o.s.d.c.CustomConversions.isSupportedConverter 298 :Adding converter from class java.time.LocalDate to class [B as writing converter.
DEBUG 14:30:08 o.s.d.c.CustomConversions.isSupportedConverter 298 :Adding converter from class [B to class java.time.LocalDate as reading converter.
DEBUG 14:30:08 o.s.d.c.CustomConversions.isSupportedConverter 298 :Adding converter from class java.time.LocalTime to class [B as writing converter.
DEBUG 14:30:08 o.s.d.c.CustomConversions.isSupportedConverter 298 :Adding converter from class [B to class java.time.LocalTime as reading converter.
DEBUG 14:30:08 o.s.d.c.CustomConversions.isSupportedConverter 298 :Adding converter from class java.time.ZonedDateTime to class [B as writing converter.
DEBUG 14:30:08 o.s.d.c.CustomConversions.isSupportedConverter 298 :Adding converter from class [B to class java.time.ZonedDateTime as reading converter.
DEBUG 14:30:08 o.s.d.c.CustomConversions.isSupportedConverter 298 :Adding converter from class java.time.Instant to class [B as writing converter.
DEBUG 14:30:08 o.s.d.c.CustomConversions.isSupportedConverter 298 :Adding converter from class [B to class java.time.Instant as reading converter.
DEBUG 14:30:08 o.s.d.c.CustomConversions.isSupportedConverter 298 :Adding converter from class java.time.ZoneId to class [B as writing converter.
DEBUG 14:30:08 o.s.d.c.CustomConversions.isSupportedConverter 298 :Adding converter from class [B to class java.time.ZoneId as reading converter.
DEBUG 14:30:08 o.s.d.c.CustomConversions.isSupportedConverter 298 :Adding converter from class java.time.Period to class [B as writing converter.
DEBUG 14:30:08 o.s.d.c.CustomConversions.isSupportedConverter 298 :Adding converter from class [B to class java.time.Period as reading converter.
DEBUG 14:30:08 o.s.d.c.CustomConversions.isSupportedConverter 298 :Adding converter from class java.time.Duration to class [B as writing converter.
DEBUG 14:30:08 o.s.d.c.CustomConversions.isSupportedConverter 298 :Adding converter from class [B to class java.time.Duration as reading converter.
DEBUG 14:30:08 o.s.d.c.CustomConversions.isSupportedConverter 298 :Adding converter from class java.util.Date to class java.time.LocalDateTime as reading converter.
DEBUG 14:30:08 o.s.d.c.CustomConversions.isSupportedConverter 298 :Adding converter from class java.time.LocalDateTime to class java.util.Date as writing converter.
DEBUG 14:30:08 o.s.d.c.CustomConversions.isSupportedConverter 298 :Adding converter from class java.util.Date to class java.time.LocalDate as reading converter.
DEBUG 14:30:08 o.s.d.c.CustomConversions.isSupportedConverter 298 :Adding converter from class java.time.LocalDate to class java.util.Date as writing converter.
DEBUG 14:30:08 o.s.d.c.CustomConversions.isSupportedConverter 298 :Adding converter from class java.util.Date to class java.time.LocalTime as reading converter.
DEBUG 14:30:08 o.s.d.c.CustomConversions.isSupportedConverter 298 :Adding converter from class java.time.LocalTime to class java.util.Date as writing converter.
DEBUG 14:30:08 o.s.d.c.CustomConversions.isSupportedConverter 298 :Adding converter from class java.util.Date to class java.time.Instant as reading converter.
DEBUG 14:30:08 o.s.d.c.CustomConversions.isSupportedConverter 298 :Adding converter from class java.time.Instant to class java.util.Date as writing converter.
DEBUG 14:30:08 o.s.d.c.CustomConversions.isSupportedConverter 298 :Adding converter from class java.time.LocalDateTime to class java.time.Instant as reading converter.
DEBUG 14:30:08 o.s.d.c.CustomConversions.isSupportedConverter 298 :Adding converter from class java.time.Instant to class java.time.LocalDateTime as reading converter.
DEBUG 14:30:08 o.s.d.c.CustomConversions.isSupportedConverter 298 :Adding converter from class java.time.ZoneId to class java.lang.String as writing converter.
DEBUG 14:30:08 o.s.d.c.CustomConversions.isSupportedConverter 298 :Adding converter from class java.lang.String to class java.time.ZoneId as reading converter.
DEBUG 14:30:08 o.s.d.c.CustomConversions.isSupportedConverter 298 :Adding converter from class java.time.Duration to class java.lang.String as writing converter.
DEBUG 14:30:08 o.s.d.c.CustomConversions.isSupportedConverter 298 :Adding converter from class java.lang.String to class java.time.Duration as reading converter.
DEBUG 14:30:08 o.s.d.c.CustomConversions.isSupportedConverter 298 :Adding converter from class java.time.Period to class java.lang.String as writing converter.
DEBUG 14:30:08 o.s.d.c.CustomConversions.isSupportedConverter 298 :Adding converter from class java.lang.String to class java.time.Period as reading converter.
DEBUG 14:30:08 o.s.d.c.CustomConversions.isSupportedConverter 298 :Adding converter from class java.lang.String to class java.time.LocalDate as reading converter.
DEBUG 14:30:08 o.s.d.c.CustomConversions.isSupportedConverter 298 :Adding converter from class java.lang.String to class java.time.LocalDateTime as reading converter.
DEBUG 14:30:08 o.s.d.c.CustomConversions.isSupportedConverter 298 :Adding converter from class java.lang.String to class java.time.Instant as reading converter.
DEBUG 14:30:08 o.s.d.c.CustomConversions.isSupportedConverter 298 :Adding converter from class java.lang.String to class [B as writing converter.
DEBUG 14:30:08 o.s.d.c.CustomConversions.isSupportedConverter 298 :Adding converter from class [B to class java.lang.String as reading converter.
DEBUG 14:30:08 o.s.d.c.CustomConversions.isSupportedConverter 298 :Adding converter from class java.lang.Number to class [B as writing converter.
DEBUG 14:30:08 o.s.d.c.CustomConversions.isSupportedConverter 298 :Adding converter from class [B to class java.lang.Number as reading converter.
DEBUG 14:30:08 o.s.d.c.CustomConversions.isSupportedConverter 298 :Adding converter from class java.lang.Enum to class [B as writing converter.
DEBUG 14:30:08 o.s.d.c.CustomConversions.isSupportedConverter 298 :Adding converter from class [B to class java.lang.Enum as reading converter.
DEBUG 14:30:08 o.s.d.c.CustomConversions.isSupportedConverter 298 :Adding converter from class java.lang.Boolean to class [B as writing converter.
DEBUG 14:30:08 o.s.d.c.CustomConversions.isSupportedConverter 298 :Adding converter from class [B to class java.lang.Boolean as reading converter.
DEBUG 14:30:08 o.s.d.c.CustomConversions.isSupportedConverter 298 :Adding converter from class java.util.Date to class [B as writing converter.
DEBUG 14:30:08 o.s.d.c.CustomConversions.isSupportedConverter 298 :Adding converter from class [B to class java.util.Date as reading converter.
DEBUG 14:30:08 o.s.d.c.CustomConversions.isSupportedConverter 298 :Adding converter from class java.util.UUID to class [B as writing converter.
DEBUG 14:30:08 o.s.d.c.CustomConversions.isSupportedConverter 298 :Adding converter from class [B to class java.util.UUID as reading converter.
DEBUG 14:30:08 o.s.d.c.CustomConversions.isSupportedConverter 298 :Adding converter from class java.time.LocalDateTime to class [B as writing converter.
DEBUG 14:30:08 o.s.d.c.CustomConversions.isSupportedConverter 298 :Adding converter from class [B to class java.time.LocalDateTime as reading converter.
DEBUG 14:30:08 o.s.d.c.CustomConversions.isSupportedConverter 298 :Adding converter from class java.time.LocalDate to class [B as writing converter.
DEBUG 14:30:08 o.s.d.c.CustomConversions.isSupportedConverter 298 :Adding converter from class [B to class java.time.LocalDate as reading converter.
DEBUG 14:30:08 o.s.d.c.CustomConversions.isSupportedConverter 298 :Adding converter from class java.time.LocalTime to class [B as writing converter.
DEBUG 14:30:08 o.s.d.c.CustomConversions.isSupportedConverter 298 :Adding converter from class [B to class java.time.LocalTime as reading converter.
DEBUG 14:30:08 o.s.d.c.CustomConversions.isSupportedConverter 298 :Adding converter from class java.time.ZonedDateTime to class [B as writing converter.
DEBUG 14:30:08 o.s.d.c.CustomConversions.isSupportedConverter 298 :Adding converter from class [B to class java.time.ZonedDateTime as reading converter.
DEBUG 14:30:08 o.s.d.c.CustomConversions.isSupportedConverter 298 :Adding converter from class java.time.Instant to class [B as writing converter.
DEBUG 14:30:08 o.s.d.c.CustomConversions.isSupportedConverter 298 :Adding converter from class [B to class java.time.Instant as reading converter.
DEBUG 14:30:08 o.s.d.c.CustomConversions.isSupportedConverter 298 :Adding converter from class java.time.ZoneId to class [B as writing converter.
DEBUG 14:30:08 o.s.d.c.CustomConversions.isSupportedConverter 298 :Adding converter from class [B to class java.time.ZoneId as reading converter.
DEBUG 14:30:08 o.s.d.c.CustomConversions.isSupportedConverter 298 :Adding converter from class java.time.Period to class [B as writing converter.
DEBUG 14:30:08 o.s.d.c.CustomConversions.isSupportedConverter 298 :Adding converter from class [B to class java.time.Period as reading converter.
DEBUG 14:30:08 o.s.d.c.CustomConversions.isSupportedConverter 298 :Adding converter from class java.time.Duration to class [B as writing converter.
DEBUG 14:30:08 o.s.d.c.CustomConversions.isSupportedConverter 298 :Adding converter from class [B to class java.time.Duration as reading converter.
DEBUG 14:30:08 o.s.d.c.CustomConversions.isSupportedConverter 298 :Adding converter from class java.util.Date to class java.time.LocalDateTime as reading converter.
DEBUG 14:30:08 o.s.d.c.CustomConversions.isSupportedConverter 298 :Adding converter from class java.time.LocalDateTime to class java.util.Date as writing converter.
DEBUG 14:30:08 o.s.d.c.CustomConversions.isSupportedConverter 298 :Adding converter from class java.util.Date to class java.time.LocalDate as reading converter.
DEBUG 14:30:08 o.s.d.c.CustomConversions.isSupportedConverter 298 :Adding converter from class java.time.LocalDate to class java.util.Date as writing converter.
DEBUG 14:30:08 o.s.d.c.CustomConversions.isSupportedConverter 298 :Adding converter from class java.util.Date to class java.time.LocalTime as reading converter.
DEBUG 14:30:08 o.s.d.c.CustomConversions.isSupportedConverter 298 :Adding converter from class java.time.LocalTime to class java.util.Date as writing converter.
DEBUG 14:30:08 o.s.d.c.CustomConversions.isSupportedConverter 298 :Adding converter from class java.util.Date to class java.time.Instant as reading converter.
DEBUG 14:30:08 o.s.d.c.CustomConversions.isSupportedConverter 298 :Adding converter from class java.time.Instant to class java.util.Date as writing converter.
DEBUG 14:30:08 o.s.d.c.CustomConversions.isSupportedConverter 298 :Adding converter from class java.time.LocalDateTime to class java.time.Instant as reading converter.
DEBUG 14:30:08 o.s.d.c.CustomConversions.isSupportedConverter 298 :Adding converter from class java.time.Instant to class java.time.LocalDateTime as reading converter.
DEBUG 14:30:08 o.s.d.c.CustomConversions.isSupportedConverter 298 :Adding converter from class java.time.ZoneId to class java.lang.String as writing converter.
DEBUG 14:30:08 o.s.d.c.CustomConversions.isSupportedConverter 298 :Adding converter from class java.lang.String to class java.time.ZoneId as reading converter.
DEBUG 14:30:08 o.s.d.c.CustomConversions.isSupportedConverter 298 :Adding converter from class java.time.Duration to class java.lang.String as writing converter.
DEBUG 14:30:08 o.s.d.c.CustomConversions.isSupportedConverter 298 :Adding converter from class java.lang.String to class java.time.Duration as reading converter.
DEBUG 14:30:08 o.s.d.c.CustomConversions.isSupportedConverter 298 :Adding converter from class java.time.Period to class java.lang.String as writing converter.
DEBUG 14:30:08 o.s.d.c.CustomConversions.isSupportedConverter 298 :Adding converter from class java.lang.String to class java.time.Period as reading converter.
DEBUG 14:30:08 o.s.d.c.CustomConversions.isSupportedConverter 298 :Adding converter from class java.lang.String to class java.time.LocalDate as reading converter.
DEBUG 14:30:08 o.s.d.c.CustomConversions.isSupportedConverter 298 :Adding converter from class java.lang.String to class java.time.LocalDateTime as reading converter.
DEBUG 14:30:08 o.s.d.c.CustomConversions.isSupportedConverter 298 :Adding converter from class java.lang.String to class java.time.Instant as reading converter.
DEBUG 14:30:08 o.s.d.c.CustomConversions.isSupportedConverter 298 :Adding converter from class java.lang.String to class [B as writing converter.
DEBUG 14:30:08 o.s.d.c.CustomConversions.isSupportedConverter 298 :Adding converter from class [B to class java.lang.String as reading converter.
DEBUG 14:30:08 o.s.d.c.CustomConversions.isSupportedConverter 298 :Adding converter from class java.lang.Number to class [B as writing converter.
DEBUG 14:30:08 o.s.d.c.CustomConversions.isSupportedConverter 298 :Adding converter from class [B to class java.lang.Number as reading converter.
DEBUG 14:30:08 o.s.d.c.CustomConversions.isSupportedConverter 298 :Adding converter from class java.lang.Enum to class [B as writing converter.
DEBUG 14:30:08 o.s.d.c.CustomConversions.isSupportedConverter 298 :Adding converter from class [B to class java.lang.Enum as reading converter.
DEBUG 14:30:08 o.s.d.c.CustomConversions.isSupportedConverter 298 :Adding converter from class java.lang.Boolean to class [B as writing converter.
DEBUG 14:30:08 o.s.d.c.CustomConversions.isSupportedConverter 298 :Adding converter from class [B to class java.lang.Boolean as reading converter.
DEBUG 14:30:08 o.s.d.c.CustomConversions.isSupportedConverter 298 :Adding converter from class java.util.Date to class [B as writing converter.
DEBUG 14:30:08 o.s.d.c.CustomConversions.isSupportedConverter 298 :Adding converter from class [B to class java.util.Date as reading converter.
DEBUG 14:30:08 o.s.d.c.CustomConversions.isSupportedConverter 298 :Adding converter from class java.util.UUID to class [B as writing converter.
DEBUG 14:30:08 o.s.d.c.CustomConversions.isSupportedConverter 298 :Adding converter from class [B to class java.util.UUID as reading converter.
DEBUG 14:30:08 o.s.d.c.CustomConversions.isSupportedConverter 298 :Adding converter from class java.time.LocalDateTime to class [B as writing converter.
DEBUG 14:30:08 o.s.d.c.CustomConversions.isSupportedConverter 298 :Adding converter from class [B to class java.time.LocalDateTime as reading converter.
DEBUG 14:30:08 o.s.d.c.CustomConversions.isSupportedConverter 298 :Adding converter from class java.time.LocalDate to class [B as writing converter.
DEBUG 14:30:08 o.s.d.c.CustomConversions.isSupportedConverter 298 :Adding converter from class [B to class java.time.LocalDate as reading converter.
DEBUG 14:30:08 o.s.d.c.CustomConversions.isSupportedConverter 298 :Adding converter from class java.time.LocalTime to class [B as writing converter.
DEBUG 14:30:08 o.s.d.c.CustomConversions.isSupportedConverter 298 :Adding converter from class [B to class java.time.LocalTime as reading converter.
DEBUG 14:30:08 o.s.d.c.CustomConversions.isSupportedConverter 298 :Adding converter from class java.time.ZonedDateTime to class [B as writing converter.
DEBUG 14:30:08 o.s.d.c.CustomConversions.isSupportedConverter 298 :Adding converter from class [B to class java.time.ZonedDateTime as reading converter.
DEBUG 14:30:08 o.s.d.c.CustomConversions.isSupportedConverter 298 :Adding converter from class java.time.Instant to class [B as writing converter.
DEBUG 14:30:08 o.s.d.c.CustomConversions.isSupportedConverter 298 :Adding converter from class [B to class java.time.Instant as reading converter.
DEBUG 14:30:08 o.s.d.c.CustomConversions.isSupportedConverter 298 :Adding converter from class java.time.ZoneId to class [B as writing converter.
DEBUG 14:30:08 o.s.d.c.CustomConversions.isSupportedConverter 298 :Adding converter from class [B to class java.time.ZoneId as reading converter.
DEBUG 14:30:08 o.s.d.c.CustomConversions.isSupportedConverter 298 :Adding converter from class java.time.Period to class [B as writing converter.
DEBUG 14:30:08 o.s.d.c.CustomConversions.isSupportedConverter 298 :Adding converter from class [B to class java.time.Period as reading converter.
DEBUG 14:30:08 o.s.d.c.CustomConversions.isSupportedConverter 298 :Adding converter from class java.time.Duration to class [B as writing converter.
DEBUG 14:30:08 o.s.d.c.CustomConversions.isSupportedConverter 298 :Adding converter from class [B to class java.time.Duration as reading converter.
DEBUG 14:30:08 o.s.d.c.CustomConversions.isSupportedConverter 298 :Adding converter from class java.util.Date to class java.time.LocalDateTime as reading converter.
DEBUG 14:30:08 o.s.d.c.CustomConversions.isSupportedConverter 298 :Adding converter from class java.time.LocalDateTime to class java.util.Date as writing converter.
DEBUG 14:30:08 o.s.d.c.CustomConversions.isSupportedConverter 298 :Adding converter from class java.util.Date to class java.time.LocalDate as reading converter.
DEBUG 14:30:08 o.s.d.c.CustomConversions.isSupportedConverter 298 :Adding converter from class java.time.LocalDate to class java.util.Date as writing converter.
DEBUG 14:30:08 o.s.d.c.CustomConversions.isSupportedConverter 298 :Adding converter from class java.util.Date to class java.time.LocalTime as reading converter.
DEBUG 14:30:08 o.s.d.c.CustomConversions.isSupportedConverter 298 :Adding converter from class java.time.LocalTime to class java.util.Date as writing converter.
DEBUG 14:30:08 o.s.d.c.CustomConversions.isSupportedConverter 298 :Adding converter from class java.util.Date to class java.time.Instant as reading converter.
DEBUG 14:30:08 o.s.d.c.CustomConversions.isSupportedConverter 298 :Adding converter from class java.time.Instant to class java.util.Date as writing converter.
DEBUG 14:30:08 o.s.d.c.CustomConversions.isSupportedConverter 298 :Adding converter from class java.time.LocalDateTime to class java.time.Instant as reading converter.
DEBUG 14:30:08 o.s.d.c.CustomConversions.isSupportedConverter 298 :Adding converter from class java.time.Instant to class java.time.LocalDateTime as reading converter.
DEBUG 14:30:08 o.s.d.c.CustomConversions.isSupportedConverter 298 :Adding converter from class java.time.ZoneId to class java.lang.String as writing converter.
DEBUG 14:30:08 o.s.d.c.CustomConversions.isSupportedConverter 298 :Adding converter from class java.lang.String to class java.time.ZoneId as reading converter.
DEBUG 14:30:08 o.s.d.c.CustomConversions.isSupportedConverter 298 :Adding converter from class java.time.Duration to class java.lang.String as writing converter.
DEBUG 14:30:08 o.s.d.c.CustomConversions.isSupportedConverter 298 :Adding converter from class java.lang.String to class java.time.Duration as reading converter.
DEBUG 14:30:08 o.s.d.c.CustomConversions.isSupportedConverter 298 :Adding converter from class java.time.Period to class java.lang.String as writing converter.
DEBUG 14:30:08 o.s.d.c.CustomConversions.isSupportedConverter 298 :Adding converter from class java.lang.String to class java.time.Period as reading converter.
DEBUG 14:30:08 o.s.d.c.CustomConversions.isSupportedConverter 298 :Adding converter from class java.lang.String to class java.time.LocalDate as reading converter.
DEBUG 14:30:08 o.s.d.c.CustomConversions.isSupportedConverter 298 :Adding converter from class java.lang.String to class java.time.LocalDateTime as reading converter.
DEBUG 14:30:08 o.s.d.c.CustomConversions.isSupportedConverter 298 :Adding converter from class java.lang.String to class java.time.Instant as reading converter.
DEBUG 14:30:08 o.s.d.c.CustomConversions.isSupportedConverter 298 :Adding converter from class java.lang.String to class [B as writing converter.
DEBUG 14:30:08 o.s.d.c.CustomConversions.isSupportedConverter 298 :Adding converter from class [B to class java.lang.String as reading converter.
DEBUG 14:30:08 o.s.d.c.CustomConversions.isSupportedConverter 298 :Adding converter from class java.lang.Number to class [B as writing converter.
DEBUG 14:30:08 o.s.d.c.CustomConversions.isSupportedConverter 298 :Adding converter from class [B to class java.lang.Number as reading converter.
DEBUG 14:30:08 o.s.d.c.CustomConversions.isSupportedConverter 298 :Adding converter from class java.lang.Enum to class [B as writing converter.
DEBUG 14:30:08 o.s.d.c.CustomConversions.isSupportedConverter 298 :Adding converter from class [B to class java.lang.Enum as reading converter.
DEBUG 14:30:08 o.s.d.c.CustomConversions.isSupportedConverter 298 :Adding converter from class java.lang.Boolean to class [B as writing converter.
DEBUG 14:30:08 o.s.d.c.CustomConversions.isSupportedConverter 298 :Adding converter from class [B to class java.lang.Boolean as reading converter.
DEBUG 14:30:08 o.s.d.c.CustomConversions.isSupportedConverter 298 :Adding converter from class java.util.Date to class [B as writing converter.
DEBUG 14:30:08 o.s.d.c.CustomConversions.isSupportedConverter 298 :Adding converter from class [B to class java.util.Date as reading converter.
DEBUG 14:30:08 o.s.d.c.CustomConversions.isSupportedConverter 298 :Adding converter from class java.util.UUID to class [B as writing converter.
DEBUG 14:30:08 o.s.d.c.CustomConversions.isSupportedConverter 298 :Adding converter from class [B to class java.util.UUID as reading converter.
DEBUG 14:30:08 o.s.d.c.CustomConversions.isSupportedConverter 298 :Adding converter from class java.time.LocalDateTime to class [B as writing converter.
DEBUG 14:30:08 o.s.d.c.CustomConversions.isSupportedConverter 298 :Adding converter from class [B to class java.time.LocalDateTime as reading converter.
DEBUG 14:30:08 o.s.d.c.CustomConversions.isSupportedConverter 298 :Adding converter from class java.time.LocalDate to class [B as writing converter.
DEBUG 14:30:08 o.s.d.c.CustomConversions.isSupportedConverter 298 :Adding converter from class [B to class java.time.LocalDate as reading converter.
DEBUG 14:30:08 o.s.d.c.CustomConversions.isSupportedConverter 298 :Adding converter from class java.time.LocalTime to class [B as writing converter.
DEBUG 14:30:08 o.s.d.c.CustomConversions.isSupportedConverter 298 :Adding converter from class [B to class java.time.LocalTime as reading converter.
DEBUG 14:30:08 o.s.d.c.CustomConversions.isSupportedConverter 298 :Adding converter from class java.time.ZonedDateTime to class [B as writing converter.
DEBUG 14:30:08 o.s.d.c.CustomConversions.isSupportedConverter 298 :Adding converter from class [B to class java.time.ZonedDateTime as reading converter.
DEBUG 14:30:08 o.s.d.c.CustomConversions.isSupportedConverter 298 :Adding converter from class java.time.Instant to class [B as writing converter.
DEBUG 14:30:08 o.s.d.c.CustomConversions.isSupportedConverter 298 :Adding converter from class [B to class java.time.Instant as reading converter.
DEBUG 14:30:08 o.s.d.c.CustomConversions.isSupportedConverter 298 :Adding converter from class java.time.ZoneId to class [B as writing converter.
DEBUG 14:30:08 o.s.d.c.CustomConversions.isSupportedConverter 298 :Adding converter from class [B to class java.time.ZoneId as reading converter.
DEBUG 14:30:08 o.s.d.c.CustomConversions.isSupportedConverter 298 :Adding converter from class java.time.Period to class [B as writing converter.
DEBUG 14:30:08 o.s.d.c.CustomConversions.isSupportedConverter 298 :Adding converter from class [B to class java.time.Period as reading converter.
DEBUG 14:30:08 o.s.d.c.CustomConversions.isSupportedConverter 298 :Adding converter from class java.time.Duration to class [B as writing converter.
DEBUG 14:30:08 o.s.d.c.CustomConversions.isSupportedConverter 298 :Adding converter from class [B to class java.time.Duration as reading converter.
DEBUG 14:30:08 o.s.d.c.CustomConversions.isSupportedConverter 298 :Adding converter from class java.util.Date to class java.time.LocalDateTime as reading converter.
DEBUG 14:30:08 o.s.d.c.CustomConversions.isSupportedConverter 298 :Adding converter from class java.time.LocalDateTime to class java.util.Date as writing converter.
DEBUG 14:30:08 o.s.d.c.CustomConversions.isSupportedConverter 298 :Adding converter from class java.util.Date to class java.time.LocalDate as reading converter.
DEBUG 14:30:08 o.s.d.c.CustomConversions.isSupportedConverter 298 :Adding converter from class java.time.LocalDate to class java.util.Date as writing converter.
DEBUG 14:30:08 o.s.d.c.CustomConversions.isSupportedConverter 298 :Adding converter from class java.util.Date to class java.time.LocalTime as reading converter.
DEBUG 14:30:08 o.s.d.c.CustomConversions.isSupportedConverter 298 :Adding converter from class java.time.LocalTime to class java.util.Date as writing converter.
DEBUG 14:30:08 o.s.d.c.CustomConversions.isSupportedConverter 298 :Adding converter from class java.util.Date to class java.time.Instant as reading converter.
DEBUG 14:30:08 o.s.d.c.CustomConversions.isSupportedConverter 298 :Adding converter from class java.time.Instant to class java.util.Date as writing converter.
DEBUG 14:30:08 o.s.d.c.CustomConversions.isSupportedConverter 298 :Adding converter from class java.time.LocalDateTime to class java.time.Instant as reading converter.
DEBUG 14:30:08 o.s.d.c.CustomConversions.isSupportedConverter 298 :Adding converter from class java.time.Instant to class java.time.LocalDateTime as reading converter.
DEBUG 14:30:08 o.s.d.c.CustomConversions.isSupportedConverter 298 :Adding converter from class java.time.ZoneId to class java.lang.String as writing converter.
DEBUG 14:30:08 o.s.d.c.CustomConversions.isSupportedConverter 298 :Adding converter from class java.lang.String to class java.time.ZoneId as reading converter.
DEBUG 14:30:08 o.s.d.c.CustomConversions.isSupportedConverter 298 :Adding converter from class java.time.Duration to class java.lang.String as writing converter.
DEBUG 14:30:08 o.s.d.c.CustomConversions.isSupportedConverter 298 :Adding converter from class java.lang.String to class java.time.Duration as reading converter.
DEBUG 14:30:08 o.s.d.c.CustomConversions.isSupportedConverter 298 :Adding converter from class java.time.Period to class java.lang.String as writing converter.
DEBUG 14:30:08 o.s.d.c.CustomConversions.isSupportedConverter 298 :Adding converter from class java.lang.String to class java.time.Period as reading converter.
DEBUG 14:30:08 o.s.d.c.CustomConversions.isSupportedConverter 298 :Adding converter from class java.lang.String to class java.time.LocalDate as reading converter.
DEBUG 14:30:08 o.s.d.c.CustomConversions.isSupportedConverter 298 :Adding converter from class java.lang.String to class java.time.LocalDateTime as reading converter.
DEBUG 14:30:08 o.s.d.c.CustomConversions.isSupportedConverter 298 :Adding converter from class java.lang.String to class java.time.Instant as reading converter.
DEBUG 14:30:08 o.s.d.c.CustomConversions.isSupportedConverter 298 :Adding converter from class java.lang.String to class [B as writing converter.
DEBUG 14:30:08 o.s.d.c.CustomConversions.isSupportedConverter 298 :Adding converter from class [B to class java.lang.String as reading converter.
DEBUG 14:30:08 o.s.d.c.CustomConversions.isSupportedConverter 298 :Adding converter from class java.lang.Number to class [B as writing converter.
DEBUG 14:30:08 o.s.d.c.CustomConversions.isSupportedConverter 298 :Adding converter from class [B to class java.lang.Number as reading converter.
DEBUG 14:30:08 o.s.d.c.CustomConversions.isSupportedConverter 298 :Adding converter from class java.lang.Enum to class [B as writing converter.
DEBUG 14:30:08 o.s.d.c.CustomConversions.isSupportedConverter 298 :Adding converter from class [B to class java.lang.Enum as reading converter.
DEBUG 14:30:08 o.s.d.c.CustomConversions.isSupportedConverter 298 :Adding converter from class java.lang.Boolean to class [B as writing converter.
DEBUG 14:30:08 o.s.d.c.CustomConversions.isSupportedConverter 298 :Adding converter from class [B to class java.lang.Boolean as reading converter.
DEBUG 14:30:08 o.s.d.c.CustomConversions.isSupportedConverter 298 :Adding converter from class java.util.Date to class [B as writing converter.
DEBUG 14:30:08 o.s.d.c.CustomConversions.isSupportedConverter 298 :Adding converter from class [B to class java.util.Date as reading converter.
DEBUG 14:30:08 o.s.d.c.CustomConversions.isSupportedConverter 298 :Adding converter from class java.util.UUID to class [B as writing converter.
DEBUG 14:30:08 o.s.d.c.CustomConversions.isSupportedConverter 298 :Adding converter from class [B to class java.util.UUID as reading converter.
DEBUG 14:30:08 o.s.d.c.CustomConversions.isSupportedConverter 298 :Adding converter from class java.time.LocalDateTime to class [B as writing converter.
DEBUG 14:30:08 o.s.d.c.CustomConversions.isSupportedConverter 298 :Adding converter from class [B to class java.time.LocalDateTime as reading converter.
DEBUG 14:30:08 o.s.d.c.CustomConversions.isSupportedConverter 298 :Adding converter from class java.time.LocalDate to class [B as writing converter.
DEBUG 14:30:08 o.s.d.c.CustomConversions.isSupportedConverter 298 :Adding converter from class [B to class java.time.LocalDate as reading converter.
DEBUG 14:30:08 o.s.d.c.CustomConversions.isSupportedConverter 298 :Adding converter from class java.time.LocalTime to class [B as writing converter.
DEBUG 14:30:08 o.s.d.c.CustomConversions.isSupportedConverter 298 :Adding converter from class [B to class java.time.LocalTime as reading converter.
DEBUG 14:30:08 o.s.d.c.CustomConversions.isSupportedConverter 298 :Adding converter from class java.time.ZonedDateTime to class [B as writing converter.
DEBUG 14:30:08 o.s.d.c.CustomConversions.isSupportedConverter 298 :Adding converter from class [B to class java.time.ZonedDateTime as reading converter.
DEBUG 14:30:08 o.s.d.c.CustomConversions.isSupportedConverter 298 :Adding converter from class java.time.Instant to class [B as writing converter.
DEBUG 14:30:08 o.s.d.c.CustomConversions.isSupportedConverter 298 :Adding converter from class [B to class java.time.Instant as reading converter.
DEBUG 14:30:08 o.s.d.c.CustomConversions.isSupportedConverter 298 :Adding converter from class java.time.ZoneId to class [B as writing converter.
DEBUG 14:30:08 o.s.d.c.CustomConversions.isSupportedConverter 298 :Adding converter from class [B to class java.time.ZoneId as reading converter.
DEBUG 14:30:08 o.s.d.c.CustomConversions.isSupportedConverter 298 :Adding converter from class java.time.Period to class [B as writing converter.
DEBUG 14:30:08 o.s.d.c.CustomConversions.isSupportedConverter 298 :Adding converter from class [B to class java.time.Period as reading converter.
DEBUG 14:30:08 o.s.d.c.CustomConversions.isSupportedConverter 298 :Adding converter from class java.time.Duration to class [B as writing converter.
DEBUG 14:30:08 o.s.d.c.CustomConversions.isSupportedConverter 298 :Adding converter from class [B to class java.time.Duration as reading converter.
DEBUG 14:30:08 o.s.d.c.CustomConversions.isSupportedConverter 298 :Adding converter from class java.util.Date to class java.time.LocalDateTime as reading converter.
DEBUG 14:30:08 o.s.d.c.CustomConversions.isSupportedConverter 298 :Adding converter from class java.time.LocalDateTime to class java.util.Date as writing converter.
DEBUG 14:30:08 o.s.d.c.CustomConversions.isSupportedConverter 298 :Adding converter from class java.util.Date to class java.time.LocalDate as reading converter.
DEBUG 14:30:08 o.s.d.c.CustomConversions.isSupportedConverter 298 :Adding converter from class java.time.LocalDate to class java.util.Date as writing converter.
DEBUG 14:30:08 o.s.d.c.CustomConversions.isSupportedConverter 298 :Adding converter from class java.util.Date to class java.time.LocalTime as reading converter.
DEBUG 14:30:08 o.s.d.c.CustomConversions.isSupportedConverter 298 :Adding converter from class java.time.LocalTime to class java.util.Date as writing converter.
DEBUG 14:30:08 o.s.d.c.CustomConversions.isSupportedConverter 298 :Adding converter from class java.util.Date to class java.time.Instant as reading converter.
DEBUG 14:30:08 o.s.d.c.CustomConversions.isSupportedConverter 298 :Adding converter from class java.time.Instant to class java.util.Date as writing converter.
DEBUG 14:30:08 o.s.d.c.CustomConversions.isSupportedConverter 298 :Adding converter from class java.time.LocalDateTime to class java.time.Instant as reading converter.
DEBUG 14:30:08 o.s.d.c.CustomConversions.isSupportedConverter 298 :Adding converter from class java.time.Instant to class java.time.LocalDateTime as reading converter.
DEBUG 14:30:08 o.s.d.c.CustomConversions.isSupportedConverter 298 :Adding converter from class java.time.ZoneId to class java.lang.String as writing converter.
DEBUG 14:30:08 o.s.d.c.CustomConversions.isSupportedConverter 298 :Adding converter from class java.lang.String to class java.time.ZoneId as reading converter.
DEBUG 14:30:08 o.s.d.c.CustomConversions.isSupportedConverter 298 :Adding converter from class java.time.Duration to class java.lang.String as writing converter.
DEBUG 14:30:08 o.s.d.c.CustomConversions.isSupportedConverter 298 :Adding converter from class java.lang.String to class java.time.Duration as reading converter.
DEBUG 14:30:08 o.s.d.c.CustomConversions.isSupportedConverter 298 :Adding converter from class java.time.Period to class java.lang.String as writing converter.
DEBUG 14:30:08 o.s.d.c.CustomConversions.isSupportedConverter 298 :Adding converter from class java.lang.String to class java.time.Period as reading converter.
DEBUG 14:30:08 o.s.d.c.CustomConversions.isSupportedConverter 298 :Adding converter from class java.lang.String to class java.time.LocalDate as reading converter.
DEBUG 14:30:08 o.s.d.c.CustomConversions.isSupportedConverter 298 :Adding converter from class java.lang.String to class java.time.LocalDateTime as reading converter.
DEBUG 14:30:08 o.s.d.c.CustomConversions.isSupportedConverter 298 :Adding converter from class java.lang.String to class java.time.Instant as reading converter.
DEBUG 14:30:08 o.s.d.c.CustomConversions.isSupportedConverter 298 :Adding converter from class java.lang.String to class [B as writing converter.
DEBUG 14:30:08 o.s.d.c.CustomConversions.isSupportedConverter 298 :Adding converter from class [B to class java.lang.String as reading converter.
DEBUG 14:30:08 o.s.d.c.CustomConversions.isSupportedConverter 298 :Adding converter from class java.lang.Number to class [B as writing converter.
DEBUG 14:30:08 o.s.d.c.CustomConversions.isSupportedConverter 298 :Adding converter from class [B to class java.lang.Number as reading converter.
DEBUG 14:30:08 o.s.d.c.CustomConversions.isSupportedConverter 298 :Adding converter from class java.lang.Enum to class [B as writing converter.
DEBUG 14:30:08 o.s.d.c.CustomConversions.isSupportedConverter 298 :Adding converter from class [B to class java.lang.Enum as reading converter.
DEBUG 14:30:08 o.s.d.c.CustomConversions.isSupportedConverter 298 :Adding converter from class java.lang.Boolean to class [B as writing converter.
DEBUG 14:30:08 o.s.d.c.CustomConversions.isSupportedConverter 298 :Adding converter from class [B to class java.lang.Boolean as reading converter.
DEBUG 14:30:08 o.s.d.c.CustomConversions.isSupportedConverter 298 :Adding converter from class java.util.Date to class [B as writing converter.
DEBUG 14:30:08 o.s.d.c.CustomConversions.isSupportedConverter 298 :Adding converter from class [B to class java.util.Date as reading converter.
DEBUG 14:30:08 o.s.d.c.CustomConversions.isSupportedConverter 298 :Adding converter from class java.util.UUID to class [B as writing converter.
DEBUG 14:30:08 o.s.d.c.CustomConversions.isSupportedConverter 298 :Adding converter from class [B to class java.util.UUID as reading converter.
DEBUG 14:30:08 o.s.d.c.CustomConversions.isSupportedConverter 298 :Adding converter from class java.time.LocalDateTime to class [B as writing converter.
DEBUG 14:30:08 o.s.d.c.CustomConversions.isSupportedConverter 298 :Adding converter from class [B to class java.time.LocalDateTime as reading converter.
DEBUG 14:30:08 o.s.d.c.CustomConversions.isSupportedConverter 298 :Adding converter from class java.time.LocalDate to class [B as writing converter.
DEBUG 14:30:08 o.s.d.c.CustomConversions.isSupportedConverter 298 :Adding converter from class [B to class java.time.LocalDate as reading converter.
DEBUG 14:30:08 o.s.d.c.CustomConversions.isSupportedConverter 298 :Adding converter from class java.time.LocalTime to class [B as writing converter.
DEBUG 14:30:08 o.s.d.c.CustomConversions.isSupportedConverter 298 :Adding converter from class [B to class java.time.LocalTime as reading converter.
DEBUG 14:30:08 o.s.d.c.CustomConversions.isSupportedConverter 298 :Adding converter from class java.time.ZonedDateTime to class [B as writing converter.
DEBUG 14:30:08 o.s.d.c.CustomConversions.isSupportedConverter 298 :Adding converter from class [B to class java.time.ZonedDateTime as reading converter.
DEBUG 14:30:08 o.s.d.c.CustomConversions.isSupportedConverter 298 :Adding converter from class java.time.Instant to class [B as writing converter.
DEBUG 14:30:08 o.s.d.c.CustomConversions.isSupportedConverter 298 :Adding converter from class [B to class java.time.Instant as reading converter.
DEBUG 14:30:08 o.s.d.c.CustomConversions.isSupportedConverter 298 :Adding converter from class java.time.ZoneId to class [B as writing converter.
DEBUG 14:30:08 o.s.d.c.CustomConversions.isSupportedConverter 298 :Adding converter from class [B to class java.time.ZoneId as reading converter.
DEBUG 14:30:08 o.s.d.c.CustomConversions.isSupportedConverter 298 :Adding converter from class java.time.Period to class [B as writing converter.
DEBUG 14:30:08 o.s.d.c.CustomConversions.isSupportedConverter 298 :Adding converter from class [B to class java.time.Period as reading converter.
DEBUG 14:30:08 o.s.d.c.CustomConversions.isSupportedConverter 298 :Adding converter from class java.time.Duration to class [B as writing converter.
DEBUG 14:30:08 o.s.d.c.CustomConversions.isSupportedConverter 298 :Adding converter from class [B to class java.time.Duration as reading converter.
DEBUG 14:30:08 o.s.d.c.CustomConversions.isSupportedConverter 298 :Adding converter from class java.util.Date to class java.time.LocalDateTime as reading converter.
DEBUG 14:30:08 o.s.d.c.CustomConversions.isSupportedConverter 298 :Adding converter from class java.time.LocalDateTime to class java.util.Date as writing converter.
DEBUG 14:30:08 o.s.d.c.CustomConversions.isSupportedConverter 298 :Adding converter from class java.util.Date to class java.time.LocalDate as reading converter.
DEBUG 14:30:08 o.s.d.c.CustomConversions.isSupportedConverter 298 :Adding converter from class java.time.LocalDate to class java.util.Date as writing converter.
DEBUG 14:30:08 o.s.d.c.CustomConversions.isSupportedConverter 298 :Adding converter from class java.util.Date to class java.time.LocalTime as reading converter.
DEBUG 14:30:08 o.s.d.c.CustomConversions.isSupportedConverter 298 :Adding converter from class java.time.LocalTime to class java.util.Date as writing converter.
DEBUG 14:30:08 o.s.d.c.CustomConversions.isSupportedConverter 298 :Adding converter from class java.util.Date to class java.time.Instant as reading converter.
DEBUG 14:30:08 o.s.d.c.CustomConversions.isSupportedConverter 298 :Adding converter from class java.time.Instant to class java.util.Date as writing converter.
DEBUG 14:30:08 o.s.d.c.CustomConversions.isSupportedConverter 298 :Adding converter from class java.time.LocalDateTime to class java.time.Instant as reading converter.
DEBUG 14:30:08 o.s.d.c.CustomConversions.isSupportedConverter 298 :Adding converter from class java.time.Instant to class java.time.LocalDateTime as reading converter.
DEBUG 14:30:08 o.s.d.c.CustomConversions.isSupportedConverter 298 :Adding converter from class java.time.ZoneId to class java.lang.String as writing converter.
DEBUG 14:30:08 o.s.d.c.CustomConversions.isSupportedConverter 298 :Adding converter from class java.lang.String to class java.time.ZoneId as reading converter.
DEBUG 14:30:08 o.s.d.c.CustomConversions.isSupportedConverter 298 :Adding converter from class java.time.Duration to class java.lang.String as writing converter.
DEBUG 14:30:08 o.s.d.c.CustomConversions.isSupportedConverter 298 :Adding converter from class java.lang.String to class java.time.Duration as reading converter.
DEBUG 14:30:08 o.s.d.c.CustomConversions.isSupportedConverter 298 :Adding converter from class java.time.Period to class java.lang.String as writing converter.
DEBUG 14:30:08 o.s.d.c.CustomConversions.isSupportedConverter 298 :Adding converter from class java.lang.String to class java.time.Period as reading converter.
DEBUG 14:30:08 o.s.d.c.CustomConversions.isSupportedConverter 298 :Adding converter from class java.lang.String to class java.time.LocalDate as reading converter.
DEBUG 14:30:08 o.s.d.c.CustomConversions.isSupportedConverter 298 :Adding converter from class java.lang.String to class java.time.LocalDateTime as reading converter.
DEBUG 14:30:08 o.s.d.c.CustomConversions.isSupportedConverter 298 :Adding converter from class java.lang.String to class java.time.Instant as reading converter.
DEBUG 14:30:08 o.s.d.c.CustomConversions.isSupportedConverter 298 :Adding converter from class java.lang.String to class [B as writing converter.
DEBUG 14:30:08 o.s.d.c.CustomConversions.isSupportedConverter 298 :Adding converter from class [B to class java.lang.String as reading converter.
DEBUG 14:30:08 o.s.d.c.CustomConversions.isSupportedConverter 298 :Adding converter from class java.lang.Number to class [B as writing converter.
DEBUG 14:30:08 o.s.d.c.CustomConversions.isSupportedConverter 298 :Adding converter from class [B to class java.lang.Number as reading converter.
DEBUG 14:30:08 o.s.d.c.CustomConversions.isSupportedConverter 298 :Adding converter from class java.lang.Enum to class [B as writing converter.
DEBUG 14:30:08 o.s.d.c.CustomConversions.isSupportedConverter 298 :Adding converter from class [B to class java.lang.Enum as reading converter.
DEBUG 14:30:08 o.s.d.c.CustomConversions.isSupportedConverter 298 :Adding converter from class java.lang.Boolean to class [B as writing converter.
DEBUG 14:30:08 o.s.d.c.CustomConversions.isSupportedConverter 298 :Adding converter from class [B to class java.lang.Boolean as reading converter.
DEBUG 14:30:08 o.s.d.c.CustomConversions.isSupportedConverter 298 :Adding converter from class java.util.Date to class [B as writing converter.
DEBUG 14:30:08 o.s.d.c.CustomConversions.isSupportedConverter 298 :Adding converter from class [B to class java.util.Date as reading converter.
DEBUG 14:30:08 o.s.d.c.CustomConversions.isSupportedConverter 298 :Adding converter from class java.util.UUID to class [B as writing converter.
DEBUG 14:30:08 o.s.d.c.CustomConversions.isSupportedConverter 298 :Adding converter from class [B to class java.util.UUID as reading converter.
DEBUG 14:30:08 o.s.d.c.CustomConversions.isSupportedConverter 298 :Adding converter from class java.time.LocalDateTime to class [B as writing converter.
DEBUG 14:30:08 o.s.d.c.CustomConversions.isSupportedConverter 298 :Adding converter from class [B to class java.time.LocalDateTime as reading converter.
DEBUG 14:30:08 o.s.d.c.CustomConversions.isSupportedConverter 298 :Adding converter from class java.time.LocalDate to class [B as writing converter.
DEBUG 14:30:08 o.s.d.c.CustomConversions.isSupportedConverter 298 :Adding converter from class [B to class java.time.LocalDate as reading converter.
DEBUG 14:30:08 o.s.d.c.CustomConversions.isSupportedConverter 298 :Adding converter from class java.time.LocalTime to class [B as writing converter.
DEBUG 14:30:08 o.s.d.c.CustomConversions.isSupportedConverter 298 :Adding converter from class [B to class java.time.LocalTime as reading converter.
DEBUG 14:30:08 o.s.d.c.CustomConversions.isSupportedConverter 298 :Adding converter from class java.time.ZonedDateTime to class [B as writing converter.
DEBUG 14:30:08 o.s.d.c.CustomConversions.isSupportedConverter 298 :Adding converter from class [B to class java.time.ZonedDateTime as reading converter.
DEBUG 14:30:08 o.s.d.c.CustomConversions.isSupportedConverter 298 :Adding converter from class java.time.Instant to class [B as writing converter.
DEBUG 14:30:08 o.s.d.c.CustomConversions.isSupportedConverter 298 :Adding converter from class [B to class java.time.Instant as reading converter.
DEBUG 14:30:08 o.s.d.c.CustomConversions.isSupportedConverter 298 :Adding converter from class java.time.ZoneId to class [B as writing converter.
DEBUG 14:30:08 o.s.d.c.CustomConversions.isSupportedConverter 298 :Adding converter from class [B to class java.time.ZoneId as reading converter.
DEBUG 14:30:08 o.s.d.c.CustomConversions.isSupportedConverter 298 :Adding converter from class java.time.Period to class [B as writing converter.
DEBUG 14:30:08 o.s.d.c.CustomConversions.isSupportedConverter 298 :Adding converter from class [B to class java.time.Period as reading converter.
DEBUG 14:30:08 o.s.d.c.CustomConversions.isSupportedConverter 298 :Adding converter from class java.time.Duration to class [B as writing converter.
DEBUG 14:30:08 o.s.d.c.CustomConversions.isSupportedConverter 298 :Adding converter from class [B to class java.time.Duration as reading converter.
DEBUG 14:30:08 o.s.d.c.CustomConversions.isSupportedConverter 298 :Adding converter from class java.util.Date to class java.time.LocalDateTime as reading converter.
DEBUG 14:30:08 o.s.d.c.CustomConversions.isSupportedConverter 298 :Adding converter from class java.time.LocalDateTime to class java.util.Date as writing converter.
DEBUG 14:30:08 o.s.d.c.CustomConversions.isSupportedConverter 298 :Adding converter from class java.util.Date to class java.time.LocalDate as reading converter.
DEBUG 14:30:08 o.s.d.c.CustomConversions.isSupportedConverter 298 :Adding converter from class java.time.LocalDate to class java.util.Date as writing converter.
DEBUG 14:30:08 o.s.d.c.CustomConversions.isSupportedConverter 298 :Adding converter from class java.util.Date to class java.time.LocalTime as reading converter.
DEBUG 14:30:08 o.s.d.c.CustomConversions.isSupportedConverter 298 :Adding converter from class java.time.LocalTime to class java.util.Date as writing converter.
DEBUG 14:30:08 o.s.d.c.CustomConversions.isSupportedConverter 298 :Adding converter from class java.util.Date to class java.time.Instant as reading converter.
DEBUG 14:30:08 o.s.d.c.CustomConversions.isSupportedConverter 298 :Adding converter from class java.time.Instant to class java.util.Date as writing converter.
DEBUG 14:30:08 o.s.d.c.CustomConversions.isSupportedConverter 298 :Adding converter from class java.time.LocalDateTime to class java.time.Instant as reading converter.
DEBUG 14:30:08 o.s.d.c.CustomConversions.isSupportedConverter 298 :Adding converter from class java.time.Instant to class java.time.LocalDateTime as reading converter.
DEBUG 14:30:08 o.s.d.c.CustomConversions.isSupportedConverter 298 :Adding converter from class java.time.ZoneId to class java.lang.String as writing converter.
DEBUG 14:30:08 o.s.d.c.CustomConversions.isSupportedConverter 298 :Adding converter from class java.lang.String to class java.time.ZoneId as reading converter.
DEBUG 14:30:08 o.s.d.c.CustomConversions.isSupportedConverter 298 :Adding converter from class java.time.Duration to class java.lang.String as writing converter.
DEBUG 14:30:08 o.s.d.c.CustomConversions.isSupportedConverter 298 :Adding converter from class java.lang.String to class java.time.Duration as reading converter.
DEBUG 14:30:08 o.s.d.c.CustomConversions.isSupportedConverter 298 :Adding converter from class java.time.Period to class java.lang.String as writing converter.
DEBUG 14:30:08 o.s.d.c.CustomConversions.isSupportedConverter 298 :Adding converter from class java.lang.String to class java.time.Period as reading converter.
DEBUG 14:30:08 o.s.d.c.CustomConversions.isSupportedConverter 298 :Adding converter from class java.lang.String to class java.time.LocalDate as reading converter.
DEBUG 14:30:08 o.s.d.c.CustomConversions.isSupportedConverter 298 :Adding converter from class java.lang.String to class java.time.LocalDateTime as reading converter.
DEBUG 14:30:08 o.s.d.c.CustomConversions.isSupportedConverter 298 :Adding converter from class java.lang.String to class java.time.Instant as reading converter.
DEBUG 14:30:08 o.s.d.c.CustomConversions.isSupportedConverter 298 :Adding converter from class java.lang.String to class [B as writing converter.
DEBUG 14:30:08 o.s.d.c.CustomConversions.isSupportedConverter 298 :Adding converter from class [B to class java.lang.String as reading converter.
DEBUG 14:30:08 o.s.d.c.CustomConversions.isSupportedConverter 298 :Adding converter from class java.lang.Number to class [B as writing converter.
DEBUG 14:30:08 o.s.d.c.CustomConversions.isSupportedConverter 298 :Adding converter from class [B to class java.lang.Number as reading converter.
DEBUG 14:30:08 o.s.d.c.CustomConversions.isSupportedConverter 298 :Adding converter from class java.lang.Enum to class [B as writing converter.
DEBUG 14:30:08 o.s.d.c.CustomConversions.isSupportedConverter 298 :Adding converter from class [B to class java.lang.Enum as reading converter.
DEBUG 14:30:08 o.s.d.c.CustomConversions.isSupportedConverter 298 :Adding converter from class java.lang.Boolean to class [B as writing converter.
DEBUG 14:30:08 o.s.d.c.CustomConversions.isSupportedConverter 298 :Adding converter from class [B to class java.lang.Boolean as reading converter.
DEBUG 14:30:08 o.s.d.c.CustomConversions.isSupportedConverter 298 :Adding converter from class java.util.Date to class [B as writing converter.
DEBUG 14:30:08 o.s.d.c.CustomConversions.isSupportedConverter 298 :Adding converter from class [B to class java.util.Date as reading converter.
DEBUG 14:30:08 o.s.d.c.CustomConversions.isSupportedConverter 298 :Adding converter from class java.util.UUID to class [B as writing converter.
DEBUG 14:30:08 o.s.d.c.CustomConversions.isSupportedConverter 298 :Adding converter from class [B to class java.util.UUID as reading converter.
DEBUG 14:30:08 o.s.d.c.CustomConversions.isSupportedConverter 298 :Adding converter from class java.time.LocalDateTime to class [B as writing converter.
DEBUG 14:30:08 o.s.d.c.CustomConversions.isSupportedConverter 298 :Adding converter from class [B to class java.time.LocalDateTime as reading converter.
DEBUG 14:30:08 o.s.d.c.CustomConversions.isSupportedConverter 298 :Adding converter from class java.time.LocalDate to class [B as writing converter.
DEBUG 14:30:08 o.s.d.c.CustomConversions.isSupportedConverter 298 :Adding converter from class [B to class java.time.LocalDate as reading converter.
DEBUG 14:30:08 o.s.d.c.CustomConversions.isSupportedConverter 298 :Adding converter from class java.time.LocalTime to class [B as writing converter.
DEBUG 14:30:08 o.s.d.c.CustomConversions.isSupportedConverter 298 :Adding converter from class [B to class java.time.LocalTime as reading converter.
DEBUG 14:30:08 o.s.d.c.CustomConversions.isSupportedConverter 298 :Adding converter from class java.time.ZonedDateTime to class [B as writing converter.
DEBUG 14:30:08 o.s.d.c.CustomConversions.isSupportedConverter 298 :Adding converter from class [B to class java.time.ZonedDateTime as reading converter.
DEBUG 14:30:08 o.s.d.c.CustomConversions.isSupportedConverter 298 :Adding converter from class java.time.Instant to class [B as writing converter.
DEBUG 14:30:08 o.s.d.c.CustomConversions.isSupportedConverter 298 :Adding converter from class [B to class java.time.Instant as reading converter.
DEBUG 14:30:08 o.s.d.c.CustomConversions.isSupportedConverter 298 :Adding converter from class java.time.ZoneId to class [B as writing converter.
DEBUG 14:30:08 o.s.d.c.CustomConversions.isSupportedConverter 298 :Adding converter from class [B to class java.time.ZoneId as reading converter.
DEBUG 14:30:08 o.s.d.c.CustomConversions.isSupportedConverter 298 :Adding converter from class java.time.Period to class [B as writing converter.
DEBUG 14:30:08 o.s.d.c.CustomConversions.isSupportedConverter 298 :Adding converter from class [B to class java.time.Period as reading converter.
DEBUG 14:30:08 o.s.d.c.CustomConversions.isSupportedConverter 298 :Adding converter from class java.time.Duration to class [B as writing converter.
DEBUG 14:30:08 o.s.d.c.CustomConversions.isSupportedConverter 298 :Adding converter from class [B to class java.time.Duration as reading converter.
DEBUG 14:30:08 o.s.d.c.CustomConversions.isSupportedConverter 298 :Adding converter from class java.util.Date to class java.time.LocalDateTime as reading converter.
DEBUG 14:30:08 o.s.d.c.CustomConversions.isSupportedConverter 298 :Adding converter from class java.time.LocalDateTime to class java.util.Date as writing converter.
DEBUG 14:30:08 o.s.d.c.CustomConversions.isSupportedConverter 298 :Adding converter from class java.util.Date to class java.time.LocalDate as reading converter.
DEBUG 14:30:08 o.s.d.c.CustomConversions.isSupportedConverter 298 :Adding converter from class java.time.LocalDate to class java.util.Date as writing converter.
DEBUG 14:30:08 o.s.d.c.CustomConversions.isSupportedConverter 298 :Adding converter from class java.util.Date to class java.time.LocalTime as reading converter.
DEBUG 14:30:08 o.s.d.c.CustomConversions.isSupportedConverter 298 :Adding converter from class java.time.LocalTime to class java.util.Date as writing converter.
DEBUG 14:30:08 o.s.d.c.CustomConversions.isSupportedConverter 298 :Adding converter from class java.util.Date to class java.time.Instant as reading converter.
DEBUG 14:30:08 o.s.d.c.CustomConversions.isSupportedConverter 298 :Adding converter from class java.time.Instant to class java.util.Date as writing converter.
DEBUG 14:30:08 o.s.d.c.CustomConversions.isSupportedConverter 298 :Adding converter from class java.time.LocalDateTime to class java.time.Instant as reading converter.
DEBUG 14:30:08 o.s.d.c.CustomConversions.isSupportedConverter 298 :Adding converter from class java.time.Instant to class java.time.LocalDateTime as reading converter.
DEBUG 14:30:08 o.s.d.c.CustomConversions.isSupportedConverter 298 :Adding converter from class java.time.ZoneId to class java.lang.String as writing converter.
DEBUG 14:30:08 o.s.d.c.CustomConversions.isSupportedConverter 298 :Adding converter from class java.lang.String to class java.time.ZoneId as reading converter.
DEBUG 14:30:08 o.s.d.c.CustomConversions.isSupportedConverter 298 :Adding converter from class java.time.Duration to class java.lang.String as writing converter.
DEBUG 14:30:08 o.s.d.c.CustomConversions.isSupportedConverter 298 :Adding converter from class java.lang.String to class java.time.Duration as reading converter.
DEBUG 14:30:08 o.s.d.c.CustomConversions.isSupportedConverter 298 :Adding converter from class java.time.Period to class java.lang.String as writing converter.
DEBUG 14:30:08 o.s.d.c.CustomConversions.isSupportedConverter 298 :Adding converter from class java.lang.String to class java.time.Period as reading converter.
DEBUG 14:30:08 o.s.d.c.CustomConversions.isSupportedConverter 298 :Adding converter from class java.lang.String to class java.time.LocalDate as reading converter.
DEBUG 14:30:08 o.s.d.c.CustomConversions.isSupportedConverter 298 :Adding converter from class java.lang.String to class java.time.LocalDateTime as reading converter.
DEBUG 14:30:08 o.s.d.c.CustomConversions.isSupportedConverter 298 :Adding converter from class java.lang.String to class java.time.Instant as reading converter.
DEBUG 14:30:08 o.s.d.c.CustomConversions.isSupportedConverter 298 :Adding converter from class java.lang.String to class [B as writing converter.
DEBUG 14:30:08 o.s.d.c.CustomConversions.isSupportedConverter 298 :Adding converter from class [B to class java.lang.String as reading converter.
DEBUG 14:30:08 o.s.d.c.CustomConversions.isSupportedConverter 298 :Adding converter from class java.lang.Number to class [B as writing converter.
DEBUG 14:30:08 o.s.d.c.CustomConversions.isSupportedConverter 298 :Adding converter from class [B to class java.lang.Number as reading converter.
DEBUG 14:30:08 o.s.d.c.CustomConversions.isSupportedConverter 298 :Adding converter from class java.lang.Enum to class [B as writing converter.
DEBUG 14:30:08 o.s.d.c.CustomConversions.isSupportedConverter 298 :Adding converter from class [B to class java.lang.Enum as reading converter.
DEBUG 14:30:08 o.s.d.c.CustomConversions.isSupportedConverter 298 :Adding converter from class java.lang.Boolean to class [B as writing converter.
DEBUG 14:30:08 o.s.d.c.CustomConversions.isSupportedConverter 298 :Adding converter from class [B to class java.lang.Boolean as reading converter.
DEBUG 14:30:08 o.s.d.c.CustomConversions.isSupportedConverter 298 :Adding converter from class java.util.Date to class [B as writing converter.
DEBUG 14:30:08 o.s.d.c.CustomConversions.isSupportedConverter 298 :Adding converter from class [B to class java.util.Date as reading converter.
DEBUG 14:30:08 o.s.d.c.CustomConversions.isSupportedConverter 298 :Adding converter from class java.util.UUID to class [B as writing converter.
DEBUG 14:30:08 o.s.d.c.CustomConversions.isSupportedConverter 298 :Adding converter from class [B to class java.util.UUID as reading converter.
DEBUG 14:30:08 o.s.d.c.CustomConversions.isSupportedConverter 298 :Adding converter from class java.time.LocalDateTime to class [B as writing converter.
DEBUG 14:30:08 o.s.d.c.CustomConversions.isSupportedConverter 298 :Adding converter from class [B to class java.time.LocalDateTime as reading converter.
DEBUG 14:30:08 o.s.d.c.CustomConversions.isSupportedConverter 298 :Adding converter from class java.time.LocalDate to class [B as writing converter.
DEBUG 14:30:08 o.s.d.c.CustomConversions.isSupportedConverter 298 :Adding converter from class [B to class java.time.LocalDate as reading converter.
DEBUG 14:30:08 o.s.d.c.CustomConversions.isSupportedConverter 298 :Adding converter from class java.time.LocalTime to class [B as writing converter.
DEBUG 14:30:08 o.s.d.c.CustomConversions.isSupportedConverter 298 :Adding converter from class [B to class java.time.LocalTime as reading converter.
DEBUG 14:30:08 o.s.d.c.CustomConversions.isSupportedConverter 298 :Adding converter from class java.time.ZonedDateTime to class [B as writing converter.
DEBUG 14:30:08 o.s.d.c.CustomConversions.isSupportedConverter 298 :Adding converter from class [B to class java.time.ZonedDateTime as reading converter.
DEBUG 14:30:08 o.s.d.c.CustomConversions.isSupportedConverter 298 :Adding converter from class java.time.Instant to class [B as writing converter.
DEBUG 14:30:08 o.s.d.c.CustomConversions.isSupportedConverter 298 :Adding converter from class [B to class java.time.Instant as reading converter.
DEBUG 14:30:08 o.s.d.c.CustomConversions.isSupportedConverter 298 :Adding converter from class java.time.ZoneId to class [B as writing converter.
DEBUG 14:30:08 o.s.d.c.CustomConversions.isSupportedConverter 298 :Adding converter from class [B to class java.time.ZoneId as reading converter.
DEBUG 14:30:08 o.s.d.c.CustomConversions.isSupportedConverter 298 :Adding converter from class java.time.Period to class [B as writing converter.
DEBUG 14:30:08 o.s.d.c.CustomConversions.isSupportedConverter 298 :Adding converter from class [B to class java.time.Period as reading converter.
DEBUG 14:30:08 o.s.d.c.CustomConversions.isSupportedConverter 298 :Adding converter from class java.time.Duration to class [B as writing converter.
DEBUG 14:30:08 o.s.d.c.CustomConversions.isSupportedConverter 298 :Adding converter from class [B to class java.time.Duration as reading converter.
DEBUG 14:30:08 o.s.d.c.CustomConversions.isSupportedConverter 298 :Adding converter from class java.util.Date to class java.time.LocalDateTime as reading converter.
DEBUG 14:30:08 o.s.d.c.CustomConversions.isSupportedConverter 298 :Adding converter from class java.time.LocalDateTime to class java.util.Date as writing converter.
DEBUG 14:30:08 o.s.d.c.CustomConversions.isSupportedConverter 298 :Adding converter from class java.util.Date to class java.time.LocalDate as reading converter.
DEBUG 14:30:08 o.s.d.c.CustomConversions.isSupportedConverter 298 :Adding converter from class java.time.LocalDate to class java.util.Date as writing converter.
DEBUG 14:30:08 o.s.d.c.CustomConversions.isSupportedConverter 298 :Adding converter from class java.util.Date to class java.time.LocalTime as reading converter.
DEBUG 14:30:08 o.s.d.c.CustomConversions.isSupportedConverter 298 :Adding converter from class java.time.LocalTime to class java.util.Date as writing converter.
DEBUG 14:30:08 o.s.d.c.CustomConversions.isSupportedConverter 298 :Adding converter from class java.util.Date to class java.time.Instant as reading converter.
DEBUG 14:30:08 o.s.d.c.CustomConversions.isSupportedConverter 298 :Adding converter from class java.time.Instant to class java.util.Date as writing converter.
DEBUG 14:30:08 o.s.d.c.CustomConversions.isSupportedConverter 298 :Adding converter from class java.time.LocalDateTime to class java.time.Instant as reading converter.
DEBUG 14:30:08 o.s.d.c.CustomConversions.isSupportedConverter 298 :Adding converter from class java.time.Instant to class java.time.LocalDateTime as reading converter.
DEBUG 14:30:08 o.s.d.c.CustomConversions.isSupportedConverter 298 :Adding converter from class java.time.ZoneId to class java.lang.String as writing converter.
DEBUG 14:30:08 o.s.d.c.CustomConversions.isSupportedConverter 298 :Adding converter from class java.lang.String to class java.time.ZoneId as reading converter.
DEBUG 14:30:08 o.s.d.c.CustomConversions.isSupportedConverter 298 :Adding converter from class java.time.Duration to class java.lang.String as writing converter.
DEBUG 14:30:08 o.s.d.c.CustomConversions.isSupportedConverter 298 :Adding converter from class java.lang.String to class java.time.Duration as reading converter.
DEBUG 14:30:08 o.s.d.c.CustomConversions.isSupportedConverter 298 :Adding converter from class java.time.Period to class java.lang.String as writing converter.
DEBUG 14:30:08 o.s.d.c.CustomConversions.isSupportedConverter 298 :Adding converter from class java.lang.String to class java.time.Period as reading converter.
DEBUG 14:30:08 o.s.d.c.CustomConversions.isSupportedConverter 298 :Adding converter from class java.lang.String to class java.time.LocalDate as reading converter.
DEBUG 14:30:08 o.s.d.c.CustomConversions.isSupportedConverter 298 :Adding converter from class java.lang.String to class java.time.LocalDateTime as reading converter.
DEBUG 14:30:08 o.s.d.c.CustomConversions.isSupportedConverter 298 :Adding converter from class java.lang.String to class java.time.Instant as reading converter.
DEBUG 14:30:08 o.s.d.c.CustomConversions.isSupportedConverter 298 :Adding converter from class java.lang.String to class [B as writing converter.
DEBUG 14:30:08 o.s.d.c.CustomConversions.isSupportedConverter 298 :Adding converter from class [B to class java.lang.String as reading converter.
DEBUG 14:30:08 o.s.d.c.CustomConversions.isSupportedConverter 298 :Adding converter from class java.lang.Number to class [B as writing converter.
DEBUG 14:30:08 o.s.d.c.CustomConversions.isSupportedConverter 298 :Adding converter from class [B to class java.lang.Number as reading converter.
DEBUG 14:30:08 o.s.d.c.CustomConversions.isSupportedConverter 298 :Adding converter from class java.lang.Enum to class [B as writing converter.
DEBUG 14:30:08 o.s.d.c.CustomConversions.isSupportedConverter 298 :Adding converter from class [B to class java.lang.Enum as reading converter.
DEBUG 14:30:08 o.s.d.c.CustomConversions.isSupportedConverter 298 :Adding converter from class java.lang.Boolean to class [B as writing converter.
DEBUG 14:30:08 o.s.d.c.CustomConversions.isSupportedConverter 298 :Adding converter from class [B to class java.lang.Boolean as reading converter.
DEBUG 14:30:08 o.s.d.c.CustomConversions.isSupportedConverter 298 :Adding converter from class java.util.Date to class [B as writing converter.
DEBUG 14:30:08 o.s.d.c.CustomConversions.isSupportedConverter 298 :Adding converter from class [B to class java.util.Date as reading converter.
DEBUG 14:30:08 o.s.d.c.CustomConversions.isSupportedConverter 298 :Adding converter from class java.util.UUID to class [B as writing converter.
DEBUG 14:30:08 o.s.d.c.CustomConversions.isSupportedConverter 298 :Adding converter from class [B to class java.util.UUID as reading converter.
DEBUG 14:30:08 o.s.d.c.CustomConversions.isSupportedConverter 298 :Adding converter from class java.time.LocalDateTime to class [B as writing converter.
DEBUG 14:30:08 o.s.d.c.CustomConversions.isSupportedConverter 298 :Adding converter from class [B to class java.time.LocalDateTime as reading converter.
DEBUG 14:30:08 o.s.d.c.CustomConversions.isSupportedConverter 298 :Adding converter from class java.time.LocalDate to class [B as writing converter.
DEBUG 14:30:08 o.s.d.c.CustomConversions.isSupportedConverter 298 :Adding converter from class [B to class java.time.LocalDate as reading converter.
DEBUG 14:30:08 o.s.d.c.CustomConversions.isSupportedConverter 298 :Adding converter from class java.time.LocalTime to class [B as writing converter.
DEBUG 14:30:08 o.s.d.c.CustomConversions.isSupportedConverter 298 :Adding converter from class [B to class java.time.LocalTime as reading converter.
DEBUG 14:30:08 o.s.d.c.CustomConversions.isSupportedConverter 298 :Adding converter from class java.time.ZonedDateTime to class [B as writing converter.
DEBUG 14:30:08 o.s.d.c.CustomConversions.isSupportedConverter 298 :Adding converter from class [B to class java.time.ZonedDateTime as reading converter.
DEBUG 14:30:08 o.s.d.c.CustomConversions.isSupportedConverter 298 :Adding converter from class java.time.Instant to class [B as writing converter.
DEBUG 14:30:08 o.s.d.c.CustomConversions.isSupportedConverter 298 :Adding converter from class [B to class java.time.Instant as reading converter.
DEBUG 14:30:08 o.s.d.c.CustomConversions.isSupportedConverter 298 :Adding converter from class java.time.ZoneId to class [B as writing converter.
DEBUG 14:30:08 o.s.d.c.CustomConversions.isSupportedConverter 298 :Adding converter from class [B to class java.time.ZoneId as reading converter.
DEBUG 14:30:08 o.s.d.c.CustomConversions.isSupportedConverter 298 :Adding converter from class java.time.Period to class [B as writing converter.
DEBUG 14:30:08 o.s.d.c.CustomConversions.isSupportedConverter 298 :Adding converter from class [B to class java.time.Period as reading converter.
DEBUG 14:30:08 o.s.d.c.CustomConversions.isSupportedConverter 298 :Adding converter from class java.time.Duration to class [B as writing converter.
DEBUG 14:30:08 o.s.d.c.CustomConversions.isSupportedConverter 298 :Adding converter from class [B to class java.time.Duration as reading converter.
DEBUG 14:30:08 o.s.d.c.CustomConversions.isSupportedConverter 298 :Adding converter from class java.util.Date to class java.time.LocalDateTime as reading converter.
DEBUG 14:30:08 o.s.d.c.CustomConversions.isSupportedConverter 298 :Adding converter from class java.time.LocalDateTime to class java.util.Date as writing converter.
DEBUG 14:30:08 o.s.d.c.CustomConversions.isSupportedConverter 298 :Adding converter from class java.util.Date to class java.time.LocalDate as reading converter.
DEBUG 14:30:08 o.s.d.c.CustomConversions.isSupportedConverter 298 :Adding converter from class java.time.LocalDate to class java.util.Date as writing converter.
DEBUG 14:30:08 o.s.d.c.CustomConversions.isSupportedConverter 298 :Adding converter from class java.util.Date to class java.time.LocalTime as reading converter.
DEBUG 14:30:08 o.s.d.c.CustomConversions.isSupportedConverter 298 :Adding converter from class java.time.LocalTime to class java.util.Date as writing converter.
DEBUG 14:30:08 o.s.d.c.CustomConversions.isSupportedConverter 298 :Adding converter from class java.util.Date to class java.time.Instant as reading converter.
DEBUG 14:30:08 o.s.d.c.CustomConversions.isSupportedConverter 298 :Adding converter from class java.time.Instant to class java.util.Date as writing converter.
DEBUG 14:30:08 o.s.d.c.CustomConversions.isSupportedConverter 298 :Adding converter from class java.time.LocalDateTime to class java.time.Instant as reading converter.
DEBUG 14:30:08 o.s.d.c.CustomConversions.isSupportedConverter 298 :Adding converter from class java.time.Instant to class java.time.LocalDateTime as reading converter.
DEBUG 14:30:08 o.s.d.c.CustomConversions.isSupportedConverter 298 :Adding converter from class java.time.ZoneId to class java.lang.String as writing converter.
DEBUG 14:30:08 o.s.d.c.CustomConversions.isSupportedConverter 298 :Adding converter from class java.lang.String to class java.time.ZoneId as reading converter.
DEBUG 14:30:08 o.s.d.c.CustomConversions.isSupportedConverter 298 :Adding converter from class java.time.Duration to class java.lang.String as writing converter.
DEBUG 14:30:08 o.s.d.c.CustomConversions.isSupportedConverter 298 :Adding converter from class java.lang.String to class java.time.Duration as reading converter.
DEBUG 14:30:08 o.s.d.c.CustomConversions.isSupportedConverter 298 :Adding converter from class java.time.Period to class java.lang.String as writing converter.
DEBUG 14:30:08 o.s.d.c.CustomConversions.isSupportedConverter 298 :Adding converter from class java.lang.String to class java.time.Period as reading converter.
DEBUG 14:30:08 o.s.d.c.CustomConversions.isSupportedConverter 298 :Adding converter from class java.lang.String to class java.time.LocalDate as reading converter.
DEBUG 14:30:08 o.s.d.c.CustomConversions.isSupportedConverter 298 :Adding converter from class java.lang.String to class java.time.LocalDateTime as reading converter.
DEBUG 14:30:08 o.s.d.c.CustomConversions.isSupportedConverter 298 :Adding converter from class java.lang.String to class java.time.Instant as reading converter.
DEBUG 14:30:08 o.s.d.r.l.RedisMessageListenerContainer.lazyListen 481 :Postpone listening for Redis messages until actual listeners are added
DEBUG 14:30:08 o.s.d.r.l.RedisMessageListenerContainer.start 217 :Started RedisMessageListenerContainer
INFO 14:30:08 o.s.b.a.e.w.EndpointLinksResolver.<init> 58 :Exposing 2 endpoint(s) beneath base path '/actuator'
INFO 14:30:08 o.s.d.r.c.DeferredRepositoryInitializationListener.onApplicationEvent 49 :Triggering deferred initialization of Spring Data repositories…
DEBUG 14:30:08 o.s.d.j.r.c.JpaMetamodelMappingContextFactoryBean.createInstance 77 :Initializing JpaMetamodelMappingContext…
DEBUG 14:30:08 o.s.d.j.r.c.JpaMetamodelMappingContextFactoryBean.createInstance 84 :Finished initializing JpaMetamodelMappingContext!
DEBUG 14:30:08 o.s.d.r.c.s.RepositoryFactorySupport.getRepository 298 :Initializing repository instance for com.siliver.ch1.dao.UserRepository…
DEBUG 14:30:09 o.s.d.j.r.q.JpaQueryFactory.fromQueryAnnotation 55 :Looking up query for method queryUserIds
DEBUG 14:30:09 o.s.d.j.r.q.JpaQueryFactory.fromQueryAnnotation 55 :Looking up query for method queryUserCount
DEBUG 14:30:09 o.s.d.j.r.q.JpaQueryFactory.fromQueryAnnotation 55 :Looking up query for method queryUsers
DEBUG 14:30:09 o.s.d.j.r.q.JpaQueryFactory.fromQueryAnnotation 55 :Looking up query for method nativeQuery2
DEBUG 14:30:09 o.s.d.j.r.q.JpaQueryFactory.fromQueryAnnotation 55 :Looking up query for method findByName
DEBUG 14:30:09 o.s.d.j.r.q.NamedQuery.lookupFrom 139 :Looking up named query User.findByName
DEBUG 14:30:09 o.s.d.j.r.q.NamedQuery.hasNamedQuery 120 :Did not find named query User.findByName
DEBUG 14:30:09 o.s.d.j.r.q.JpaQueryFactory.fromQueryAnnotation 55 :Looking up query for method findUserByDepartment
DEBUG 14:30:09 o.s.d.j.r.q.JpaQueryFactory.fromQueryAnnotation 55 :Looking up query for method nativeQuery
DEBUG 14:30:09 o.s.d.r.c.s.RepositoryFactorySupport.getRepository 341 :Finished creation of repository instance for com.siliver.ch1.dao.UserRepository.
INFO 14:30:09 o.s.d.r.c.DeferredRepositoryInitializationListener.onApplicationEvent 53 :Spring Data repositories initialized!
INFO 14:30:09 c.s.c.t.d.UserDbTest.logStarted 61 :Started UserDbTest in 8.512 seconds (JVM running for 13.245)
INFO 14:30:09 o.s.t.c.t.TransactionContext.startTransaction 107 :Began transaction (1) for test context [DefaultTestContext@ae5eeee testClass = UserDbTest, testInstance = com.siliver.ch1.test.db.UserDbTest@54da9644, testMethod = updateNameTest@UserDbTest, testException = [null], mergedContextConfiguration = [WebMergedContextConfiguration@5796ae15 testClass = UserDbTest, locations = '{}', classes = '{class com.siliver.Ch1Main}', contextInitializerClasses = '[]', activeProfiles = '{test}', propertySourceLocations = '{}', propertySourceProperties = '{org.springframework.boot.test.context.SpringBootTestContextBootstrapper=true}', contextCustomizers = set[org.springframework.boot.test.context.filter.ExcludeFilterContextCustomizer@26adfd2d, org.springframework.boot.test.json.DuplicateJsonObjectContextCustomizerFactory$DuplicateJsonObjectContextCustomizer@205d38da, org.springframework.boot.test.mock.mockito.MockitoContextCustomizer@0, org.springframework.boot.test.web.client.TestRestTemplateContextCustomizer@6986bbaf, org.springframework.boot.test.autoconfigure.properties.PropertyMappingContextCustomizer@0, org.springframework.boot.test.autoconfigure.web.servlet.WebDriverContextCustomizerFactory$Customizer@125290e5, org.springframework.boot.test.context.SpringBootTestArgs@1, org.springframework.boot.test.context.SpringBootTestWebEnvironment@126945f9], resourceBasePath = 'src/main/webapp', contextLoader = 'org.springframework.boot.test.context.SpringBootContextLoader', parent = [null]], attributes = map['org.springframework.test.context.web.ServletTestExecutionListener.activateListener' -> true, 'org.springframework.test.context.web.ServletTestExecutionListener.populatedRequestContextHolder' -> true, 'org.springframework.test.context.web.ServletTestExecutionListener.resetRequestContextHolder' -> true]]; transaction manager [org.springframework.orm.jpa.JpaTransactionManager@2ded31cc]; rollback [true]
WARN 14:30:09 o.s.t.c.TestContextManager.logException 546 :Caught exception while invoking 'beforeTestMethod' callback on TestExecutionListener [org.springframework.test.context.jdbc.SqlScriptsTestExecutionListener@62dae540] for test method [public void com.siliver.ch1.test.db.UserDbTest.updateNameTest()] and test instance [com.siliver.ch1.test.db.UserDbTest@54da9644]
org.springframework.jdbc.datasource.init.CannotReadScriptException: Cannot read SQL script from class path resource [com/bee/sample/ch9/test/db/user.sql]; nested exception is java.io.FileNotFoundException: class path resource [com/bee/sample/ch9/test/db/user.sql] cannot be opened because it does not exist
	at org.springframework.jdbc.datasource.init.ScriptUtils.executeSqlScript(ScriptUtils.java:581)
	at org.springframework.jdbc.datasource.init.ResourceDatabasePopulator.populate(ResourceDatabasePopulator.java:254)
	at org.springframework.jdbc.datasource.init.DatabasePopulatorUtils.execute(DatabasePopulatorUtils.java:49)
	at org.springframework.jdbc.datasource.init.ResourceDatabasePopulator.execute(ResourceDatabasePopulator.java:269)
	at org.springframework.test.context.jdbc.SqlScriptsTestExecutionListener.lambda$executeSqlScripts$4(SqlScriptsTestExecutionListener.java:263)
	at org.springframework.transaction.support.TransactionOperations.lambda$executeWithoutResult$0(TransactionOperations.java:68)
	at org.springframework.transaction.support.TransactionTemplate.execute(TransactionTemplate.java:140)
	at org.springframework.transaction.support.TransactionOperations.executeWithoutResult(TransactionOperations.java:67)
	at org.springframework.test.context.jdbc.SqlScriptsTestExecutionListener.executeSqlScripts(SqlScriptsTestExecutionListener.java:263)
	at org.springframework.test.context.jdbc.SqlScriptsTestExecutionListener.lambda$executeSqlScripts$0(SqlScriptsTestExecutionListener.java:185)
	at java.base/java.lang.Iterable.forEach(Iterable.java:75)
	at org.springframework.test.context.jdbc.SqlScriptsTestExecutionListener.executeSqlScripts(SqlScriptsTestExecutionListener.java:185)
	at org.springframework.test.context.jdbc.SqlScriptsTestExecutionListener.executeSqlScripts(SqlScriptsTestExecutionListener.java:144)
	at org.springframework.test.context.jdbc.SqlScriptsTestExecutionListener.beforeTestMethod(SqlScriptsTestExecutionListener.java:117)
	at org.springframework.test.context.TestContextManager.beforeTestMethod(TestContextManager.java:289)
	at org.springframework.test.context.junit4.statements.RunBeforeTestMethodCallbacks.evaluate(RunBeforeTestMethodCallbacks.java:74)
	at org.springframework.test.context.junit4.statements.RunAfterTestMethodCallbacks.evaluate(RunAfterTestMethodCallbacks.java:86)
	at org.springframework.test.context.junit4.statements.SpringRepeat.evaluate(SpringRepeat.java:84)
	at org.junit.runners.ParentRunner.runLeaf(ParentRunner.java:366)
	at org.springframework.test.context.junit4.SpringJUnit4ClassRunner.runChild(SpringJUnit4ClassRunner.java:251)
	at org.springframework.test.context.junit4.SpringJUnit4ClassRunner.runChild(SpringJUnit4ClassRunner.java:97)
	at org.junit.runners.ParentRunner$4.run(ParentRunner.java:331)
	at org.junit.runners.ParentRunner$1.schedule(ParentRunner.java:79)
	at org.junit.runners.ParentRunner.runChildren(ParentRunner.java:329)
	at org.junit.runners.ParentRunner.access$100(ParentRunner.java:66)
	at org.junit.runners.ParentRunner$2.evaluate(ParentRunner.java:293)
	at org.springframework.test.context.junit4.statements.RunBeforeTestClassCallbacks.evaluate(RunBeforeTestClassCallbacks.java:61)
	at org.springframework.test.context.junit4.statements.RunAfterTestClassCallbacks.evaluate(RunAfterTestClassCallbacks.java:70)
	at org.junit.runners.ParentRunner$3.evaluate(ParentRunner.java:306)
	at org.junit.runners.ParentRunner.run(ParentRunner.java:413)
	at org.springframework.test.context.junit4.SpringJUnit4ClassRunner.run(SpringJUnit4ClassRunner.java:190)
	at org.junit.runner.JUnitCore.run(JUnitCore.java:137)
	at org.junit.runner.JUnitCore.run(JUnitCore.java:115)
	at org.junit.vintage.engine.execution.RunnerExecutor.execute(RunnerExecutor.java:43)
	at java.base/java.util.stream.ForEachOps$ForEachOp$OfRef.accept(ForEachOps.java:183)
	at java.base/java.util.stream.ReferencePipeline$3$1.accept(ReferencePipeline.java:195)
	at java.base/java.util.Iterator.forEachRemaining(Iterator.java:133)
	at java.base/java.util.Spliterators$IteratorSpliterator.forEachRemaining(Spliterators.java:1801)
	at java.base/java.util.stream.AbstractPipeline.copyInto(AbstractPipeline.java:484)
	at java.base/java.util.stream.AbstractPipeline.wrapAndCopyInto(AbstractPipeline.java:474)
	at java.base/java.util.stream.ForEachOps$ForEachOp.evaluateSequential(ForEachOps.java:150)
	at java.base/java.util.stream.ForEachOps$ForEachOp$OfRef.evaluateSequential(ForEachOps.java:173)
	at java.base/java.util.stream.AbstractPipeline.evaluate(AbstractPipeline.java:234)
	at java.base/java.util.stream.ReferencePipeline.forEach(ReferencePipeline.java:497)
	at org.junit.vintage.engine.VintageTestEngine.executeAllChildren(VintageTestEngine.java:82)
	at org.junit.vintage.engine.VintageTestEngine.execute(VintageTestEngine.java:73)
	at org.junit.platform.launcher.core.DefaultLauncher.execute(DefaultLauncher.java:220)
	at org.junit.platform.launcher.core.DefaultLauncher.lambda$execute$6(DefaultLauncher.java:188)
	at org.junit.platform.launcher.core.DefaultLauncher.withInterceptedStreams(DefaultLauncher.java:202)
	at org.junit.platform.launcher.core.DefaultLauncher.execute(DefaultLauncher.java:181)
	at org.junit.platform.launcher.core.DefaultLauncher.execute(DefaultLauncher.java:128)
	at org.apache.maven.surefire.junitplatform.JUnitPlatformProvider.invokeAllTests(JUnitPlatformProvider.java:150)
	at org.apache.maven.surefire.junitplatform.JUnitPlatformProvider.invoke(JUnitPlatformProvider.java:124)
	at org.apache.maven.surefire.booter.ForkedBooter.invokeProviderInSameClassLoader(ForkedBooter.java:384)
	at org.apache.maven.surefire.booter.ForkedBooter.runSuitesInProcess(ForkedBooter.java:345)
	at org.apache.maven.surefire.booter.ForkedBooter.execute(ForkedBooter.java:126)
	at org.apache.maven.surefire.booter.ForkedBooter.main(ForkedBooter.java:418)
Caused by: java.io.FileNotFoundException: class path resource [com/bee/sample/ch9/test/db/user.sql] cannot be opened because it does not exist
	at org.springframework.core.io.ClassPathResource.getInputStream(ClassPathResource.java:180)
	at org.springframework.core.io.support.EncodedResource.getReader(EncodedResource.java:146)
	at org.springframework.jdbc.datasource.init.ScriptUtils.readScript(ScriptUtils.java:328)
	at org.springframework.jdbc.datasource.init.ScriptUtils.executeSqlScript(ScriptUtils.java:578)
	... 56 common frames omitted
INFO 14:30:09 o.s.t.c.t.TransactionContext.endTransaction 139 :Rolled back transaction for test: [DefaultTestContext@ae5eeee testClass = UserDbTest, testInstance = com.siliver.ch1.test.db.UserDbTest@54da9644, testMethod = updateNameTest@UserDbTest, testException = org.springframework.jdbc.datasource.init.CannotReadScriptException: Cannot read SQL script from class path resource [com/bee/sample/ch9/test/db/user.sql]; nested exception is java.io.FileNotFoundException: class path resource [com/bee/sample/ch9/test/db/user.sql] cannot be opened because it does not exist, mergedContextConfiguration = [WebMergedContextConfiguration@5796ae15 testClass = UserDbTest, locations = '{}', classes = '{class com.siliver.Ch1Main}', contextInitializerClasses = '[]', activeProfiles = '{test}', propertySourceLocations = '{}', propertySourceProperties = '{org.springframework.boot.test.context.SpringBootTestContextBootstrapper=true}', contextCustomizers = set[org.springframework.boot.test.context.filter.ExcludeFilterContextCustomizer@26adfd2d, org.springframework.boot.test.json.DuplicateJsonObjectContextCustomizerFactory$DuplicateJsonObjectContextCustomizer@205d38da, org.springframework.boot.test.mock.mockito.MockitoContextCustomizer@0, org.springframework.boot.test.web.client.TestRestTemplateContextCustomizer@6986bbaf, org.springframework.boot.test.autoconfigure.properties.PropertyMappingContextCustomizer@0, org.springframework.boot.test.autoconfigure.web.servlet.WebDriverContextCustomizerFactory$Customizer@125290e5, org.springframework.boot.test.context.SpringBootTestArgs@1, org.springframework.boot.test.context.SpringBootTestWebEnvironment@126945f9], resourceBasePath = 'src/main/webapp', contextLoader = 'org.springframework.boot.test.context.SpringBootContextLoader', parent = [null]], attributes = map['org.springframework.test.context.web.ServletTestExecutionListener.activateListener' -> true, 'org.springframework.test.context.web.ServletTestExecutionListener.populatedRequestContextHolder' -> true, 'org.springframework.test.context.web.ServletTestExecutionListener.resetRequestContextHolder' -> true]]
]]></system-out>
  </testcase>
</testsuite>